---------------------------------------------------------------
[ 2019-07-23T06:18:00+00:00 ] 192.168.1.163 GET 192.168.1.251:8999/index.php/index/Index/getCoinaddress
[运行时间：0.004457s] [吞吐率：224.37req/s] [内存消耗：374.50kb] [文件加载：48]
[ info ] [ LANG ] /var/www/html/WalletAppServer/thinkphp/lang/zh-cn.php
[ info ] [ ROUTE ] array (
  'type' => 'module',
  'module' => 
  array (
    0 => 'index',
    1 => 'Index',
    2 => 'getCoinaddress',
  ),
)
[ info ] [ HEADER ] array (
  'host' => '192.168.1.251:8999',
  'connection' => 'keep-alive',
  'cache-control' => 'max-age=0',
  'upgrade-insecure-requests' => '1',
  'user-agent' => 'Mozilla/5.0 (Windows NT 6.1; Win64; x64) AppleWebKit/537.36 (KHTML, like Gecko) Chrome/74.0.3729.108 Safari/537.36',
  'accept' => 'text/html,application/xhtml+xml,application/xml;q=0.9,image/webp,image/apng,*/*;q=0.8,application/signed-exchange;v=b3',
  'accept-encoding' => 'gzip, deflate',
  'accept-language' => 'zh-CN,zh;q=0.9,en;q=0.8',
  'cookie' => 'zentaosid=sdqba2gbg0dq9bpgmfnuu0r1t2; PHPSESSID=31lj9llqi96bd2hdveuu6vcknu; sidebar_collapsed=false; event_filter=all; _gitlab_session=bc9ca79bce87eafe0b408225241efdcc',
)
[ info ] [ PARAM ] array (
)
[ info ] [ DB ] INIT mysql
[ info ] [ RUN ] app\index\controller\Index->getCoinaddress[ /var/www/html/WalletAppServer/application/index/controller/Index.php ]
[ info ] [ LOG ] INIT File
---------------------------------------------------------------
[ 2019-07-23T06:19:58+00:00 ] 115.194.171.229 GET 115.236.73.22:8999/index.php/index/Index/getCoinaddress
[运行时间：0.003648s] [吞吐率：274.14req/s] [内存消耗：373.13kb] [文件加载：48]
[ info ] [ LANG ] /var/www/html/WalletAppServer/thinkphp/lang/zh-cn.php
[ info ] [ ROUTE ] array (
  'type' => 'module',
  'module' => 
  array (
    0 => 'index',
    1 => 'Index',
    2 => 'getCoinaddress',
  ),
)
[ info ] [ HEADER ] array (
  'host' => '115.236.73.22:8999',
  'connection' => 'keep-alive',
  'upgrade-insecure-requests' => '1',
  'user-agent' => 'Mozilla/5.0 (Windows NT 6.1; Win64; x64) AppleWebKit/537.36 (KHTML, like Gecko) Chrome/75.0.3770.142 Safari/537.36',
  'accept' => 'text/html,application/xhtml+xml,application/xml;q=0.9,image/webp,image/apng,*/*;q=0.8,application/signed-exchange;v=b3',
  'accept-encoding' => 'gzip, deflate',
  'accept-language' => 'zh-CN,zh;q=0.9',
)
[ info ] [ PARAM ] array (
)
[ info ] [ DB ] INIT mysql
[ info ] [ RUN ] app\index\controller\Index->getCoinaddress[ /var/www/html/WalletAppServer/application/index/controller/Index.php ]
[ info ] [ LOG ] INIT File
---------------------------------------------------------------
[ 2019-07-23T06:20:02+00:00 ] 115.194.171.229 GET 115.236.73.22:8999/index.php/index/Index/getCoinaddress
[运行时间：0.003768s] [吞吐率：265.40req/s] [内存消耗：373.46kb] [文件加载：48]
[ info ] [ LANG ] /var/www/html/WalletAppServer/thinkphp/lang/zh-cn.php
[ info ] [ ROUTE ] array (
  'type' => 'module',
  'module' => 
  array (
    0 => 'index',
    1 => 'Index',
    2 => 'getCoinaddress',
  ),
)
[ info ] [ HEADER ] array (
  'host' => '115.236.73.22:8999',
  'connection' => 'keep-alive',
  'cache-control' => 'max-age=0',
  'upgrade-insecure-requests' => '1',
  'user-agent' => 'Mozilla/5.0 (Windows NT 6.1; Win64; x64) AppleWebKit/537.36 (KHTML, like Gecko) Chrome/75.0.3770.142 Safari/537.36',
  'accept' => 'text/html,application/xhtml+xml,application/xml;q=0.9,image/webp,image/apng,*/*;q=0.8,application/signed-exchange;v=b3',
  'accept-encoding' => 'gzip, deflate',
  'accept-language' => 'zh-CN,zh;q=0.9',
)
[ info ] [ PARAM ] array (
)
[ info ] [ DB ] INIT mysql
[ info ] [ RUN ] app\index\controller\Index->getCoinaddress[ /var/www/html/WalletAppServer/application/index/controller/Index.php ]
[ info ] [ LOG ] INIT File
---------------------------------------------------------------
[ 2019-07-23T18:53:17+00:00 ] 202.29.57.103 POST /
[运行时间：0.004916s] [吞吐率：203.42req/s] [内存消耗：371.23kb] [文件加载：48]
[ info ] [ LANG ] /var/www/html/WalletAppServer/thinkphp/lang/zh-cn.php
[ info ] [ ROUTE ] array (
  'type' => 'module',
  'module' => 
  array (
    0 => '',
    1 => NULL,
    2 => NULL,
  ),
)
[ info ] [ HEADER ] array (
  'content-length' => '51',
  'content-type' => 'application/json',
)
[ info ] [ PARAM ] array (
  'id' => 0,
  'jsonrpc' => '2.0',
  'method' => 'eth_blockNumber',
)
[ info ] [ DB ] INIT mysql
[ info ] [ RUN ] app\index\controller\Index->_empty[ /var/www/html/WalletAppServer/application/index/controller/Index.php ]
[ info ] [ LOG ] INIT File
