---------------------------------------------------------------
[ 2019-03-04T11:30:58+08:00 ] 192.168.1.15 OPTIONS 192.168.1.15:8087/Index/Login/login
[运行时间：0.118500s] [吞吐率：8.44req/s] [内存消耗：1,988.20kb] [文件加载：44]
[ info ] [ LANG ] D:\PHP\WalletApp\WalletAppServer\thinkphp\lang\zh-cn.php
[ info ] [ ROUTE ] array (
  'type' => 'module',
  'module' => 
  array (
    0 => 'Index',
    1 => 'Login',
    2 => 'login',
  ),
)
[ info ] [ HEADER ] array (
  'host' => '192.168.1.15:8087',
  'connection' => 'keep-alive',
  'access-control-request-method' => 'POST',
  'origin' => 'http://127.0.0.1:8020',
  'user-agent' => 'Mozilla/5.0 (iPhone; CPU iPhone OS 11_0 like Mac OS X) AppleWebKit/604.1.38 (KHTML, like Gecko) Version/11.0 Mobile/15A372 Safari/604.1',
  'access-control-request-headers' => 'content-type,x-app-version,x-requested-with',
  'accept' => '*/*',
  'referer' => 'http://127.0.0.1:8020/WalletAppWeb/login_sem.html?__hbt=1551669761370',
  'accept-encoding' => 'gzip, deflate',
  'accept-language' => 'zh-CN,zh;q=0.9',
)
[ info ] [ PARAM ] array (
)
[ info ] [ DB ] INIT mysql
[ info ] [ RUN ] app\index\controller\Login->login[ D:\PHP\WalletApp\WalletAppServer\application\index\controller\Login.php ]
[ info ] [ LOG ] INIT File
---------------------------------------------------------------
[ 2019-03-04T11:32:01+08:00 ] 192.168.1.15 OPTIONS 192.168.1.15:8087/Index/Login/login
[运行时间：0.051500s] [吞吐率：19.42req/s] [内存消耗：1,988.18kb] [文件加载：44]
[ info ] [ LANG ] D:\PHP\WalletApp\WalletAppServer\thinkphp\lang\zh-cn.php
[ info ] [ ROUTE ] array (
  'type' => 'module',
  'module' => 
  array (
    0 => 'Index',
    1 => 'Login',
    2 => 'login',
  ),
)
[ info ] [ HEADER ] array (
  'host' => '192.168.1.15:8087',
  'connection' => 'keep-alive',
  'access-control-request-method' => 'POST',
  'origin' => 'http://127.0.0.1:8020',
  'user-agent' => 'Mozilla/5.0 (iPhone; CPU iPhone OS 11_0 like Mac OS X) AppleWebKit/604.1.38 (KHTML, like Gecko) Version/11.0 Mobile/15A372 Safari/604.1',
  'access-control-request-headers' => 'content-type,x-app-version,x-requested-with',
  'accept' => '*/*',
  'referer' => 'http://127.0.0.1:8020/WalletAppWeb/login_sem.html?__hbt=1551669761370',
  'accept-encoding' => 'gzip, deflate',
  'accept-language' => 'zh-CN,zh;q=0.9',
)
[ info ] [ PARAM ] array (
)
[ info ] [ DB ] INIT mysql
[ info ] [ RUN ] app\index\controller\Login->login[ D:\PHP\WalletApp\WalletAppServer\application\index\controller\Login.php ]
[ info ] [ LOG ] INIT File
