---------------------------------------------------------------
[ 2018-12-27T13:27:33+08:00 ] 192.168.1.15 POST 192.168.1.15:8087/index/Login/login
[运行时间：0.049000s] [吞吐率：20.41req/s] [内存消耗：1,308.90kb] [文件加载：39]
[ info ] [ LANG ] D:\PHP\WalletApp\WalletAppServer\thinkphp\lang\zh-cn.php
[ info ] [ ROUTE ] array (
  'type' => 'module',
  'module' => 
  array (
    0 => 'index',
    1 => 'Login',
    2 => 'login',
  ),
)
[ info ] [ HEADER ] array (
  'host' => '192.168.1.15:8087',
  'connection' => 'keep-alive',
  'content-length' => '185',
  'accept' => 'application/json',
  'origin' => 'file://',
  'x-requested-with' => 'XMLHttpRequest',
  'user-agent' => 'Mozilla/5.0 (Linux; Android 4.4.2; OPPO R11 Build/NMF26X) AppleWebKit/537.36 (KHTML, like Gecko) Version/4.0 Chrome/30.0.0.0 Mobile Safari/537.36 Html5Plus/1.0',
  'content-type' => 'application/x-www-form-urlencoded',
  'accept-encoding' => 'gzip,deflate',
  'accept-language' => 'zh-CN,en-US;q=0.8',
  'cookie' => 'PHPSESSID=2a5fjdbf0gl9jj9e5rh6vafup3',
)
[ info ] [ PARAM ] array (
  'data' => 'AtFjZ3emU5ewaCYcHH1XM503xv1Ga0+GYkCtSFVZvV7hUDifSDnwU5VwPuNl4cvh6yo3t7IuXeL5Mzi6hgBsOng2Xs5Shr2InaU6esATZ0pQz4XhsSVoBRfvtCqILfYrYJo2/4dKXJ8KzkSckSxkeq31LLHFGo+S4bETY1My2Ts=',
)
[ info ] [ RUN ] app\index\controller\Login->login[ D:\PHP\WalletApp\WalletAppServer\application\index\controller\Login.php ]
[ info ] [ SESSION ] INIT array (
  'id' => '',
  'var_session_id' => '',
  'prefix' => 'think',
  'type' => '',
  'auto_start' => true,
)
[ info ] [ LOG ] INIT File
---------------------------------------------------------------
[ 2018-12-27T15:04:04+08:00 ] 127.0.0.1 GET 127.0.0.1:8087/admin/index/config
[运行时间：0.051000s] [吞吐率：19.61req/s] [内存消耗：1,143.67kb] [文件加载：35]
[ info ] [ LANG ] D:\PHP\WalletApp\WalletAppServer\thinkphp\lang\zh-cn.php
[ info ] [ ROUTE ] array (
  'type' => 'module',
  'module' => 
  array (
    0 => 'admin',
    1 => 'index',
    2 => 'config',
  ),
)
[ info ] [ HEADER ] array (
  'host' => '127.0.0.1:8087',
  'connection' => 'keep-alive',
  'upgrade-insecure-requests' => '1',
  'user-agent' => 'Mozilla/5.0 (Windows NT 6.1; Win64; x64) AppleWebKit/537.36 (KHTML, like Gecko) Chrome/71.0.3578.98 Safari/537.36',
  'accept' => 'text/html,application/xhtml+xml,application/xml;q=0.9,image/webp,image/apng,*/*;q=0.8',
  'accept-encoding' => 'gzip, deflate, br',
  'accept-language' => 'zh-CN,zh;q=0.9',
  'cookie' => 'PHPSESSID=tjrjuojo48s0s7eb4ihh0v0a33',
)
[ info ] [ PARAM ] array (
)
[ info ] [ LOG ] INIT File
