---------------------------------------------------------------
[ 2018-12-28T17:54:35+08:00 ] 192.168.1.15 POST 192.168.1.15:8087/index/Login/SemCheck
[运行时间：0.479500s] [吞吐率：2.09req/s] [内存消耗：1,322.84kb] [文件加载：40]
[ info ] [ LANG ] D:\PHP\WalletApp\WalletAppServer\thinkphp\lang\zh-cn.php
[ info ] [ ROUTE ] array (
  'type' => 'module',
  'module' => 
  array (
    0 => 'index',
    1 => 'Login',
    2 => 'SemCheck',
  ),
)
[ info ] [ HEADER ] array (
  'host' => '192.168.1.15:8087',
  'connection' => 'keep-alive',
  'content-length' => '17',
  'accept' => 'application/json',
  'origin' => 'file://',
  'x-requested-with' => 'XMLHttpRequest',
  'user-agent' => 'Mozilla/5.0 (Linux; Android 4.4.2; OPPO R11 Build/NMF26X) AppleWebKit/537.36 (KHTML, like Gecko) Version/4.0 Chrome/30.0.0.0 Mobile Safari/537.36 Html5Plus/1.0',
  'content-type' => 'application/x-www-form-urlencoded',
  'accept-encoding' => 'gzip,deflate',
  'accept-language' => 'zh-CN,en-US;q=0.8',
  'cookie' => 'PHPSESSID=2a5fjdbf0gl9jj9e5rh6vafup3',
)
[ info ] [ PARAM ] array (
  'phone' => '17855868623',
)
[ info ] [ RUN ] app\index\controller\Login->SemCheck[ D:\PHP\WalletApp\WalletAppServer\application\index\controller\Login.php ]
[ info ] [ SESSION ] INIT array (
  'id' => '',
  'var_session_id' => '',
  'prefix' => 'think',
  'type' => '',
  'auto_start' => true,
)
[ info ] [ LOG ] INIT File
---------------------------------------------------------------
[ 2018-12-28T17:54:42+08:00 ] 192.168.1.15 GET 192.168.1.15:8087/index/Login/SemCheck?phone=17855868623
[运行时间：0.164000s] [吞吐率：6.10req/s] [内存消耗：1,285.84kb] [文件加载：39]
[ info ] [ LANG ] D:\PHP\WalletApp\WalletAppServer\thinkphp\lang\zh-cn.php
[ info ] [ ROUTE ] array (
  'type' => 'module',
  'module' => 
  array (
    0 => 'index',
    1 => 'Login',
    2 => 'SemCheck',
  ),
)
[ info ] [ HEADER ] array (
  'host' => '192.168.1.15:8087',
  'connection' => 'keep-alive',
  'cache-control' => 'max-age=0',
  'upgrade-insecure-requests' => '1',
  'user-agent' => 'Mozilla/5.0 (Windows NT 6.1; Win64; x64) AppleWebKit/537.36 (KHTML, like Gecko) Chrome/71.0.3578.98 Safari/537.36',
  'accept' => 'text/html,application/xhtml+xml,application/xml;q=0.9,image/webp,image/apng,*/*;q=0.8',
  'accept-encoding' => 'gzip, deflate',
  'accept-language' => 'zh-CN,zh;q=0.9',
  'cookie' => 'PHPSESSID=jd9s58ad8gv06978rd37rd7rcs',
)
[ info ] [ PARAM ] array (
  'phone' => '17855868623',
)
[ info ] [ RUN ] app\index\controller\Login->SemCheck[ D:\PHP\WalletApp\WalletAppServer\application\index\controller\Login.php ]
[ info ] [ LOG ] INIT File
---------------------------------------------------------------
[ 2018-12-28T17:54:47+08:00 ] 192.168.1.15 POST 192.168.1.15:8087/index/Login/login
[运行时间：0.042000s] [吞吐率：23.81req/s] [内存消耗：1,310.36kb] [文件加载：39]
[ info ] [ LANG ] D:\PHP\WalletApp\WalletAppServer\thinkphp\lang\zh-cn.php
[ info ] [ ROUTE ] array (
  'type' => 'module',
  'module' => 
  array (
    0 => 'index',
    1 => 'Login',
    2 => 'login',
  ),
)
[ info ] [ HEADER ] array (
  'host' => '192.168.1.15:8087',
  'connection' => 'keep-alive',
  'content-length' => '189',
  'accept' => 'application/json',
  'origin' => 'file://',
  'x-requested-with' => 'XMLHttpRequest',
  'user-agent' => 'Mozilla/5.0 (Linux; Android 4.4.2; OPPO R11 Build/NMF26X) AppleWebKit/537.36 (KHTML, like Gecko) Version/4.0 Chrome/30.0.0.0 Mobile Safari/537.36 Html5Plus/1.0',
  'content-type' => 'application/x-www-form-urlencoded',
  'accept-encoding' => 'gzip,deflate',
  'accept-language' => 'zh-CN,en-US;q=0.8',
  'cookie' => 'PHPSESSID=2a5fjdbf0gl9jj9e5rh6vafup3',
)
[ info ] [ PARAM ] array (
  'data' => 'UbzD3RQDOTzGmOVvujpS/aOj3vEYKnAbhlER69ljNhLtHE//X2TN3lLVggUTMj8LfeEyViP6Q/JkhNfUXaB6nmQf2gncTnvRWkNTvMALvbk6dG+aNJWKnh8FaR8UxShCiqS174IukQv37tidMC0tK6zG7zfLUOO8LAPVNmPTbHw=',
)
[ info ] [ RUN ] app\index\controller\Login->login[ D:\PHP\WalletApp\WalletAppServer\application\index\controller\Login.php ]
[ info ] [ SESSION ] INIT array (
  'id' => '',
  'var_session_id' => '',
  'prefix' => 'think',
  'type' => '',
  'auto_start' => true,
)
[ info ] [ LOG ] INIT File
---------------------------------------------------------------
[ 2018-12-28T17:55:23+08:00 ] 192.168.1.15 POST 192.168.1.15:8087/index/Login/login
[运行时间：0.036500s] [吞吐率：27.40req/s] [内存消耗：1,310.36kb] [文件加载：39]
[ info ] [ LANG ] D:\PHP\WalletApp\WalletAppServer\thinkphp\lang\zh-cn.php
[ info ] [ ROUTE ] array (
  'type' => 'module',
  'module' => 
  array (
    0 => 'index',
    1 => 'Login',
    2 => 'login',
  ),
)
[ info ] [ HEADER ] array (
  'host' => '192.168.1.15:8087',
  'connection' => 'keep-alive',
  'content-length' => '191',
  'accept' => 'application/json',
  'origin' => 'file://',
  'x-requested-with' => 'XMLHttpRequest',
  'user-agent' => 'Mozilla/5.0 (Linux; Android 4.4.2; OPPO R11 Build/NMF26X) AppleWebKit/537.36 (KHTML, like Gecko) Version/4.0 Chrome/30.0.0.0 Mobile Safari/537.36 Html5Plus/1.0',
  'content-type' => 'application/x-www-form-urlencoded',
  'accept-encoding' => 'gzip,deflate',
  'accept-language' => 'zh-CN,en-US;q=0.8',
  'cookie' => 'PHPSESSID=2a5fjdbf0gl9jj9e5rh6vafup3',
)
[ info ] [ PARAM ] array (
  'data' => 'MaFqMqH9CUj7AAplOCk4GBTKhjfNSjXqhkM+h71BGcSvLmrt/3Rbq/gPhpjhuIW7M48J/sSwxxjknJdCS3GOo8L7EeEhMZskNw9SMb20ETo5YWh9kD/pqNlp6bAh4EjFzPUKeWcQcEsuqJ/D5ZW5UfhvtvXS80Zd7xJ89YVWaos=',
)
[ info ] [ RUN ] app\index\controller\Login->login[ D:\PHP\WalletApp\WalletAppServer\application\index\controller\Login.php ]
[ info ] [ SESSION ] INIT array (
  'id' => '',
  'var_session_id' => '',
  'prefix' => 'think',
  'type' => '',
  'auto_start' => true,
)
[ info ] [ LOG ] INIT File
---------------------------------------------------------------
[ 2018-12-28T17:55:56+08:00 ] 192.168.1.15 POST 192.168.1.15:8087/index/Login/login
[运行时间：0.052500s] [吞吐率：19.05req/s] [内存消耗：1,425.25kb] [文件加载：43]
[ info ] [ LANG ] D:\PHP\WalletApp\WalletAppServer\thinkphp\lang\zh-cn.php
[ info ] [ ROUTE ] array (
  'type' => 'module',
  'module' => 
  array (
    0 => 'index',
    1 => 'Login',
    2 => 'login',
  ),
)
[ info ] [ HEADER ] array (
  'host' => '192.168.1.15:8087',
  'connection' => 'keep-alive',
  'content-length' => '193',
  'accept' => 'application/json',
  'origin' => 'file://',
  'x-requested-with' => 'XMLHttpRequest',
  'user-agent' => 'Mozilla/5.0 (Linux; Android 4.4.2; OPPO R11 Build/NMF26X) AppleWebKit/537.36 (KHTML, like Gecko) Version/4.0 Chrome/30.0.0.0 Mobile Safari/537.36 Html5Plus/1.0',
  'content-type' => 'application/x-www-form-urlencoded',
  'accept-encoding' => 'gzip,deflate',
  'accept-language' => 'zh-CN,en-US;q=0.8',
  'cookie' => 'PHPSESSID=2a5fjdbf0gl9jj9e5rh6vafup3',
)
[ info ] [ PARAM ] array (
  'data' => 'JthQPuTlNFVogkyI/3szIieRPvNO3217koI/udNPRDX3U8JheEa0JweB5vuJf/W0j1VBUN2kY16YFOTt3h5xoCrAKJxmnMjq5T9p2sfWZF6/72NiZuj2QCpu/o0+6K8iZOxJrIlqDkwL3en2cwSZnBOygEI03DxhTKPq4pei6w==',
)
[ info ] [ RUN ] app\index\controller\Login->login[ D:\PHP\WalletApp\WalletAppServer\application\index\controller\Login.php ]
[ info ] [ SESSION ] INIT array (
  'id' => '',
  'var_session_id' => '',
  'prefix' => 'think',
  'type' => '',
  'auto_start' => true,
)
[ info ] [ LOG ] INIT File
[ error ] [0]致命错误: Class 'app\index\controller\Session' not found[D:\PHP\WalletApp\WalletAppServer\application\index\controller\Login.php:91]
---------------------------------------------------------------
[ 2018-12-28T17:56:05+08:00 ] 192.168.1.15 POST 192.168.1.15:8087/index/Login/login
[运行时间：0.029000s] [吞吐率：34.48req/s] [内存消耗：1,425.25kb] [文件加载：43]
[ info ] [ LANG ] D:\PHP\WalletApp\WalletAppServer\thinkphp\lang\zh-cn.php
[ info ] [ ROUTE ] array (
  'type' => 'module',
  'module' => 
  array (
    0 => 'index',
    1 => 'Login',
    2 => 'login',
  ),
)
[ info ] [ HEADER ] array (
  'host' => '192.168.1.15:8087',
  'connection' => 'keep-alive',
  'content-length' => '189',
  'accept' => 'application/json',
  'origin' => 'file://',
  'x-requested-with' => 'XMLHttpRequest',
  'user-agent' => 'Mozilla/5.0 (Linux; Android 4.4.2; OPPO R11 Build/NMF26X) AppleWebKit/537.36 (KHTML, like Gecko) Version/4.0 Chrome/30.0.0.0 Mobile Safari/537.36 Html5Plus/1.0',
  'content-type' => 'application/x-www-form-urlencoded',
  'accept-encoding' => 'gzip,deflate',
  'accept-language' => 'zh-CN,en-US;q=0.8',
  'cookie' => 'PHPSESSID=2a5fjdbf0gl9jj9e5rh6vafup3',
)
[ info ] [ PARAM ] array (
  'data' => 'kVVFEDeK2xm7ErJmPIUP9Uk5ZQZbeDqflEJ4weg7+7GmVgXvJsav3OaDMetJfX7ORj4T/75Ewd+lOpI/GVvDAXDkbphPlUNRRJCuiCvG4JOP6O4InWfAkd12YV1eIHJrPVDrZw2L4BDGx5S2ptmeePa8+eN9p9c08Ob5Wt0I3f8=',
)
[ info ] [ RUN ] app\index\controller\Login->login[ D:\PHP\WalletApp\WalletAppServer\application\index\controller\Login.php ]
[ info ] [ SESSION ] INIT array (
  'id' => '',
  'var_session_id' => '',
  'prefix' => 'think',
  'type' => '',
  'auto_start' => true,
)
[ info ] [ LOG ] INIT File
[ error ] [0]致命错误: Class 'app\index\controller\Session' not found[D:\PHP\WalletApp\WalletAppServer\application\index\controller\Login.php:91]
---------------------------------------------------------------
[ 2018-12-28T17:57:36+08:00 ] 192.168.1.15 POST 192.168.1.15:8087/index/Login/login
[运行时间：0.046500s] [吞吐率：21.51req/s] [内存消耗：1,425.61kb] [文件加载：43]
[ info ] [ LANG ] D:\PHP\WalletApp\WalletAppServer\thinkphp\lang\zh-cn.php
[ info ] [ ROUTE ] array (
  'type' => 'module',
  'module' => 
  array (
    0 => 'index',
    1 => 'Login',
    2 => 'login',
  ),
)
[ info ] [ HEADER ] array (
  'host' => '192.168.1.15:8087',
  'connection' => 'keep-alive',
  'content-length' => '183',
  'accept' => 'application/json',
  'origin' => 'file://',
  'x-requested-with' => 'XMLHttpRequest',
  'user-agent' => 'Mozilla/5.0 (Linux; Android 4.4.2; OPPO R11 Build/NMF26X) AppleWebKit/537.36 (KHTML, like Gecko) Version/4.0 Chrome/30.0.0.0 Mobile Safari/537.36 Html5Plus/1.0',
  'content-type' => 'application/x-www-form-urlencoded',
  'accept-encoding' => 'gzip,deflate',
  'accept-language' => 'zh-CN,en-US;q=0.8',
  'cookie' => 'PHPSESSID=2a5fjdbf0gl9jj9e5rh6vafup3',
)
[ info ] [ PARAM ] array (
  'data' => 'p9CiWXTUkMxvzdwagg9Q6kxoKflvsZ0z3GRu7Cu8uf0x8aSKupPGh4ouwNLsyu6msvOByxyfY8FYRBkDPa1TXFKdwbmlldRWIErkkDcEAbdEmRFK9pxcIBX1MsNl03ngZPlrO5LKscaP+yQKblb7opKyQwuTIb95UH0/LVqJWd4=',
)
[ info ] [ RUN ] app\index\controller\Login->login[ D:\PHP\WalletApp\WalletAppServer\application\index\controller\Login.php ]
[ info ] [ SESSION ] INIT array (
  'id' => '',
  'var_session_id' => '',
  'prefix' => 'think',
  'type' => '',
  'auto_start' => true,
)
[ info ] [ LOG ] INIT File
[ error ] [0]致命错误: Class 'app\index\controller\Session' not found[D:\PHP\WalletApp\WalletAppServer\application\index\controller\Login.php:92]
---------------------------------------------------------------
[ 2018-12-28T17:58:40+08:00 ] 192.168.1.15 POST 192.168.1.15:8087/index/Login/login
[运行时间：0.050000s] [吞吐率：20.00req/s] [内存消耗：1,425.61kb] [文件加载：43]
[ info ] [ LANG ] D:\PHP\WalletApp\WalletAppServer\thinkphp\lang\zh-cn.php
[ info ] [ ROUTE ] array (
  'type' => 'module',
  'module' => 
  array (
    0 => 'index',
    1 => 'Login',
    2 => 'login',
  ),
)
[ info ] [ HEADER ] array (
  'host' => '192.168.1.15:8087',
  'connection' => 'keep-alive',
  'content-length' => '193',
  'accept' => 'application/json',
  'origin' => 'file://',
  'x-requested-with' => 'XMLHttpRequest',
  'user-agent' => 'Mozilla/5.0 (Linux; Android 4.4.2; OPPO R11 Build/NMF26X) AppleWebKit/537.36 (KHTML, like Gecko) Version/4.0 Chrome/30.0.0.0 Mobile Safari/537.36 Html5Plus/1.0',
  'content-type' => 'application/x-www-form-urlencoded',
  'accept-encoding' => 'gzip,deflate',
  'accept-language' => 'zh-CN,en-US;q=0.8',
  'cookie' => 'PHPSESSID=2a5fjdbf0gl9jj9e5rh6vafup3',
)
[ info ] [ PARAM ] array (
  'data' => 'jn1S3qw1I/4jZdFmBGOzJcUXX/y/6N7wqS6ywIUJYOzn+9dASkdp8w5ZAN7hoRYs7/Ar6wfMnO0OG07cmlbZv9hEBzYwsPoS31iT4waCESAro1dCk9yBb1siVvQ8+nQ7GKUDkBqvyXfzAw7VFbCkHxzpSvrmDaSF7nGZ+Dg513Y=',
)
[ info ] [ RUN ] app\index\controller\Login->login[ D:\PHP\WalletApp\WalletAppServer\application\index\controller\Login.php ]
[ info ] [ SESSION ] INIT array (
  'id' => '',
  'var_session_id' => '',
  'prefix' => 'think',
  'type' => '',
  'auto_start' => true,
)
[ info ] [ LOG ] INIT File
[ error ] [0]致命错误: Class 'app\index\controller\Session' not found[D:\PHP\WalletApp\WalletAppServer\application\index\controller\Login.php:92]
---------------------------------------------------------------
[ 2018-12-28T17:58:41+08:00 ] 192.168.1.15 POST 192.168.1.15:8087/index/Login/login
[运行时间：0.051000s] [吞吐率：19.61req/s] [内存消耗：1,425.61kb] [文件加载：43]
[ info ] [ LANG ] D:\PHP\WalletApp\WalletAppServer\thinkphp\lang\zh-cn.php
[ info ] [ ROUTE ] array (
  'type' => 'module',
  'module' => 
  array (
    0 => 'index',
    1 => 'Login',
    2 => 'login',
  ),
)
[ info ] [ HEADER ] array (
  'host' => '192.168.1.15:8087',
  'connection' => 'keep-alive',
  'content-length' => '185',
  'accept' => 'application/json',
  'origin' => 'file://',
  'x-requested-with' => 'XMLHttpRequest',
  'user-agent' => 'Mozilla/5.0 (Linux; Android 4.4.2; OPPO R11 Build/NMF26X) AppleWebKit/537.36 (KHTML, like Gecko) Version/4.0 Chrome/30.0.0.0 Mobile Safari/537.36 Html5Plus/1.0',
  'content-type' => 'application/x-www-form-urlencoded',
  'accept-encoding' => 'gzip,deflate',
  'accept-language' => 'zh-CN,en-US;q=0.8',
  'cookie' => 'PHPSESSID=2a5fjdbf0gl9jj9e5rh6vafup3',
)
[ info ] [ PARAM ] array (
  'data' => 'BA3EbWjnzCjowNbEuEW0oHPYHAl9s9ctSvvsGXPrQ9Wi2UI6MCPALrLj0Xnn6HDfUaQr9DC+a3GoL7kKDKtWBPgOBQK6iC0Qtb7rfQRxfhfcgh54o1qjVv8Z5EBLr44P6xzqbWizVlHVhs12H0+GaXfvGRamvf6ESr9InwSK+ic=',
)
[ info ] [ RUN ] app\index\controller\Login->login[ D:\PHP\WalletApp\WalletAppServer\application\index\controller\Login.php ]
[ info ] [ SESSION ] INIT array (
  'id' => '',
  'var_session_id' => '',
  'prefix' => 'think',
  'type' => '',
  'auto_start' => true,
)
[ info ] [ LOG ] INIT File
[ error ] [0]致命错误: Class 'app\index\controller\Session' not found[D:\PHP\WalletApp\WalletAppServer\application\index\controller\Login.php:92]
---------------------------------------------------------------
[ 2018-12-28T17:58:41+08:00 ] 192.168.1.15 POST 192.168.1.15:8087/index/Login/login
[运行时间：0.030500s] [吞吐率：32.79req/s] [内存消耗：1,425.61kb] [文件加载：43]
[ info ] [ LANG ] D:\PHP\WalletApp\WalletAppServer\thinkphp\lang\zh-cn.php
[ info ] [ ROUTE ] array (
  'type' => 'module',
  'module' => 
  array (
    0 => 'index',
    1 => 'Login',
    2 => 'login',
  ),
)
[ info ] [ HEADER ] array (
  'host' => '192.168.1.15:8087',
  'connection' => 'keep-alive',
  'content-length' => '187',
  'accept' => 'application/json',
  'origin' => 'file://',
  'x-requested-with' => 'XMLHttpRequest',
  'user-agent' => 'Mozilla/5.0 (Linux; Android 4.4.2; OPPO R11 Build/NMF26X) AppleWebKit/537.36 (KHTML, like Gecko) Version/4.0 Chrome/30.0.0.0 Mobile Safari/537.36 Html5Plus/1.0',
  'content-type' => 'application/x-www-form-urlencoded',
  'accept-encoding' => 'gzip,deflate',
  'accept-language' => 'zh-CN,en-US;q=0.8',
  'cookie' => 'PHPSESSID=2a5fjdbf0gl9jj9e5rh6vafup3',
)
[ info ] [ PARAM ] array (
  'data' => 'N/uWtUDxZz9HjKxYzvxG3oQFeoRkDoMZptMsNXWdS8Obmm/TMpt6mL/o0MFTB0uiVp35OtuY9WMYxC26+wZiOyJsTSgK2wyZGYxOiUAmpE1fiNnQ6YgpOhC62F8N8kSW3dYWlpgVO3R4nF0quIw7AUL6s73aOwBds5oBN2xoWpk=',
)
[ info ] [ RUN ] app\index\controller\Login->login[ D:\PHP\WalletApp\WalletAppServer\application\index\controller\Login.php ]
[ info ] [ SESSION ] INIT array (
  'id' => '',
  'var_session_id' => '',
  'prefix' => 'think',
  'type' => '',
  'auto_start' => true,
)
[ info ] [ LOG ] INIT File
[ error ] [0]致命错误: Class 'app\index\controller\Session' not found[D:\PHP\WalletApp\WalletAppServer\application\index\controller\Login.php:92]
---------------------------------------------------------------
[ 2018-12-28T17:58:41+08:00 ] 192.168.1.15 POST 192.168.1.15:8087/index/Login/login
[运行时间：0.031000s] [吞吐率：32.26req/s] [内存消耗：1,425.61kb] [文件加载：43]
[ info ] [ LANG ] D:\PHP\WalletApp\WalletAppServer\thinkphp\lang\zh-cn.php
[ info ] [ ROUTE ] array (
  'type' => 'module',
  'module' => 
  array (
    0 => 'index',
    1 => 'Login',
    2 => 'login',
  ),
)
[ info ] [ HEADER ] array (
  'host' => '192.168.1.15:8087',
  'connection' => 'keep-alive',
  'content-length' => '197',
  'accept' => 'application/json',
  'origin' => 'file://',
  'x-requested-with' => 'XMLHttpRequest',
  'user-agent' => 'Mozilla/5.0 (Linux; Android 4.4.2; OPPO R11 Build/NMF26X) AppleWebKit/537.36 (KHTML, like Gecko) Version/4.0 Chrome/30.0.0.0 Mobile Safari/537.36 Html5Plus/1.0',
  'content-type' => 'application/x-www-form-urlencoded',
  'accept-encoding' => 'gzip,deflate',
  'accept-language' => 'zh-CN,en-US;q=0.8',
  'cookie' => 'PHPSESSID=2a5fjdbf0gl9jj9e5rh6vafup3',
)
[ info ] [ PARAM ] array (
  'data' => 'm7fwqQpyJV7UWJa+Bme+/XXOELJEgmiHtDMLVcSANu/Sgzd7KuLoZq1mjIo//dyldVcGHUNCaePROF4XNbklsvQHliLv0nRNFf3rToxKf0tpok/j+C5KxnG8sarFr1921HZ/SIXsi5YV6TZX1wCDWZp76vWcg5jPP6HFk02z65M=',
)
[ info ] [ RUN ] app\index\controller\Login->login[ D:\PHP\WalletApp\WalletAppServer\application\index\controller\Login.php ]
[ info ] [ SESSION ] INIT array (
  'id' => '',
  'var_session_id' => '',
  'prefix' => 'think',
  'type' => '',
  'auto_start' => true,
)
[ info ] [ LOG ] INIT File
[ error ] [0]致命错误: Class 'app\index\controller\Session' not found[D:\PHP\WalletApp\WalletAppServer\application\index\controller\Login.php:92]
---------------------------------------------------------------
[ 2018-12-28T17:58:41+08:00 ] 192.168.1.15 POST 192.168.1.15:8087/index/Login/login
[运行时间：0.032000s] [吞吐率：31.25req/s] [内存消耗：1,425.61kb] [文件加载：43]
[ info ] [ LANG ] D:\PHP\WalletApp\WalletAppServer\thinkphp\lang\zh-cn.php
[ info ] [ ROUTE ] array (
  'type' => 'module',
  'module' => 
  array (
    0 => 'index',
    1 => 'Login',
    2 => 'login',
  ),
)
[ info ] [ HEADER ] array (
  'host' => '192.168.1.15:8087',
  'connection' => 'keep-alive',
  'content-length' => '191',
  'accept' => 'application/json',
  'origin' => 'file://',
  'x-requested-with' => 'XMLHttpRequest',
  'user-agent' => 'Mozilla/5.0 (Linux; Android 4.4.2; OPPO R11 Build/NMF26X) AppleWebKit/537.36 (KHTML, like Gecko) Version/4.0 Chrome/30.0.0.0 Mobile Safari/537.36 Html5Plus/1.0',
  'content-type' => 'application/x-www-form-urlencoded',
  'accept-encoding' => 'gzip,deflate',
  'accept-language' => 'zh-CN,en-US;q=0.8',
  'cookie' => 'PHPSESSID=2a5fjdbf0gl9jj9e5rh6vafup3',
)
[ info ] [ PARAM ] array (
  'data' => 'bd97zu/8UI5ORe7kQ0u85iGiWTC3YGOFaXOKUxjJczlQRgPM1s3cqTRYXpQwradraAZ+LS4bgqSSZBacl+nXzujfpGNCypVaZOS8tXFJW2dpJL5fVw3MvpzwzVSzILU3+Oo+rxHVIFU9ou4Z8fnI4Qg2gN3W2JXECpFj/xG2hn0=',
)
[ info ] [ RUN ] app\index\controller\Login->login[ D:\PHP\WalletApp\WalletAppServer\application\index\controller\Login.php ]
[ info ] [ SESSION ] INIT array (
  'id' => '',
  'var_session_id' => '',
  'prefix' => 'think',
  'type' => '',
  'auto_start' => true,
)
[ info ] [ LOG ] INIT File
[ error ] [0]致命错误: Class 'app\index\controller\Session' not found[D:\PHP\WalletApp\WalletAppServer\application\index\controller\Login.php:92]
---------------------------------------------------------------
[ 2018-12-28T17:59:21+08:00 ] 192.168.1.15 POST 192.168.1.15:8087/index/Login/login
[运行时间：0.029000s] [吞吐率：34.48req/s] [内存消耗：1,425.61kb] [文件加载：43]
[ info ] [ LANG ] D:\PHP\WalletApp\WalletAppServer\thinkphp\lang\zh-cn.php
[ info ] [ ROUTE ] array (
  'type' => 'module',
  'module' => 
  array (
    0 => 'index',
    1 => 'Login',
    2 => 'login',
  ),
)
[ info ] [ HEADER ] array (
  'host' => '192.168.1.15:8087',
  'connection' => 'keep-alive',
  'content-length' => '181',
  'accept' => 'application/json',
  'origin' => 'file://',
  'x-requested-with' => 'XMLHttpRequest',
  'user-agent' => 'Mozilla/5.0 (Linux; Android 4.4.2; OPPO R11 Build/NMF26X) AppleWebKit/537.36 (KHTML, like Gecko) Version/4.0 Chrome/30.0.0.0 Mobile Safari/537.36 Html5Plus/1.0',
  'content-type' => 'application/x-www-form-urlencoded',
  'accept-encoding' => 'gzip,deflate',
  'accept-language' => 'zh-CN,en-US;q=0.8',
  'cookie' => 'PHPSESSID=2a5fjdbf0gl9jj9e5rh6vafup3',
)
[ info ] [ PARAM ] array (
  'data' => 'Z8rNv3TFEOFyqW11k2nfj7+Zw8nzqXczlJRa9Qh4VIsGhbcBDmeShjjqwqqr0P7PeScR9sg2rJWCzljJQitMMxquUT8NH1uOc3MfgFS3U8oVdW33bIPNym9XzSNwN3ZXd1N6RdGxhFzDcIOfdfKHPJxuPIzgloIBJIPWG2hmdJA=',
)
[ info ] [ RUN ] app\index\controller\Login->login[ D:\PHP\WalletApp\WalletAppServer\application\index\controller\Login.php ]
[ info ] [ SESSION ] INIT array (
  'id' => '',
  'var_session_id' => '',
  'prefix' => 'think',
  'type' => '',
  'auto_start' => true,
)
[ info ] [ LOG ] INIT File
[ error ] [0]致命错误: Class 'app\index\controller\Session' not found[D:\PHP\WalletApp\WalletAppServer\application\index\controller\Login.php:92]
---------------------------------------------------------------
[ 2018-12-28T17:59:46+08:00 ] 192.168.1.15 GET 192.168.1.15:8087/index/Login/login?data=G0Qwg562XOhEyYUvVkAb2EjRbypuq8cncFP0BEq/FE/TkVGqWP2tIxTwmRIkd2fNuiAEaC4oa2MQ9D+vEZ7rPjCQLAf4zDtDSn3hQz+oiMF8g737CV7vksDkBUkF5niiOi029d7+vJMj3las0xBHn1doW0meME204FVuWt2nNsI=
[运行时间：0.047000s] [吞吐率：21.28req/s] [内存消耗：1,273.54kb] [文件加载：38]
[ info ] [ LANG ] D:\PHP\WalletApp\WalletAppServer\thinkphp\lang\zh-cn.php
[ info ] [ ROUTE ] array (
  'type' => 'module',
  'module' => 
  array (
    0 => 'index',
    1 => 'Login',
    2 => 'login',
  ),
)
[ info ] [ HEADER ] array (
  'host' => '192.168.1.15:8087',
  'connection' => 'keep-alive',
  'upgrade-insecure-requests' => '1',
  'user-agent' => 'Mozilla/5.0 (Windows NT 6.1; Win64; x64) AppleWebKit/537.36 (KHTML, like Gecko) Chrome/71.0.3578.98 Safari/537.36',
  'accept' => 'text/html,application/xhtml+xml,application/xml;q=0.9,image/webp,image/apng,*/*;q=0.8',
  'accept-encoding' => 'gzip, deflate',
  'accept-language' => 'zh-CN,zh;q=0.9',
  'cookie' => 'PHPSESSID=jd9s58ad8gv06978rd37rd7rcs',
)
[ info ] [ PARAM ] array (
  'data' => 'G0Qwg562XOhEyYUvVkAb2EjRbypuq8cncFP0BEq/FE/TkVGqWP2tIxTwmRIkd2fNuiAEaC4oa2MQ9D vEZ7rPjCQLAf4zDtDSn3hQz oiMF8g737CV7vksDkBUkF5niiOi029d7 vJMj3las0xBHn1doW0meME204FVuWt2nNsI=',
)
[ info ] [ RUN ] app\index\controller\Login->login[ D:\PHP\WalletApp\WalletAppServer\application\index\controller\Login.php ]
[ info ] [ LOG ] INIT File
---------------------------------------------------------------
[ 2018-12-28T17:59:56+08:00 ] 192.168.1.15 GET 192.168.1.15:8087/index/Login/login?data=G0Qwg562XOhEyYUvVkAb2EjRbypuq8cncFP0BEq/FE/TkVGqWP2tIxTwmRIkd2fNuiAEaC4oa2MQ9D+vEZ7rPjCQLAf4zDtDSn3hQz+oiMF8g737CV7vksDkBUkF5niiOi029d7+vJMj3las0xBHn1doW0meME204FVuWt2nNsI=
[运行时间：0.038000s] [吞吐率：26.32req/s] [内存消耗：1,273.96kb] [文件加载：38]
[ info ] [ LANG ] D:\PHP\WalletApp\WalletAppServer\thinkphp\lang\zh-cn.php
[ info ] [ ROUTE ] array (
  'type' => 'module',
  'module' => 
  array (
    0 => 'index',
    1 => 'Login',
    2 => 'login',
  ),
)
[ info ] [ HEADER ] array (
  'host' => '192.168.1.15:8087',
  'connection' => 'keep-alive',
  'cache-control' => 'max-age=0',
  'upgrade-insecure-requests' => '1',
  'user-agent' => 'Mozilla/5.0 (iPhone; CPU iPhone OS 11_0 like Mac OS X) AppleWebKit/604.1.38 (KHTML, like Gecko) Version/11.0 Mobile/15A372 Safari/604.1',
  'accept' => 'text/html,application/xhtml+xml,application/xml;q=0.9,image/webp,image/apng,*/*;q=0.8',
  'accept-encoding' => 'gzip, deflate',
  'accept-language' => 'zh-CN,zh;q=0.9',
  'cookie' => 'PHPSESSID=jd9s58ad8gv06978rd37rd7rcs',
)
[ info ] [ PARAM ] array (
  'data' => 'G0Qwg562XOhEyYUvVkAb2EjRbypuq8cncFP0BEq/FE/TkVGqWP2tIxTwmRIkd2fNuiAEaC4oa2MQ9D vEZ7rPjCQLAf4zDtDSn3hQz oiMF8g737CV7vksDkBUkF5niiOi029d7 vJMj3las0xBHn1doW0meME204FVuWt2nNsI=',
)
[ info ] [ RUN ] app\index\controller\Login->login[ D:\PHP\WalletApp\WalletAppServer\application\index\controller\Login.php ]
[ info ] [ LOG ] INIT File
---------------------------------------------------------------
[ 2018-12-28T18:00:46+08:00 ] 192.168.1.15 POST 192.168.1.15:8087/index/Login/login
[运行时间：0.030000s] [吞吐率：33.33req/s] [内存消耗：1,425.61kb] [文件加载：43]
[ info ] [ LANG ] D:\PHP\WalletApp\WalletAppServer\thinkphp\lang\zh-cn.php
[ info ] [ ROUTE ] array (
  'type' => 'module',
  'module' => 
  array (
    0 => 'index',
    1 => 'Login',
    2 => 'login',
  ),
)
[ info ] [ HEADER ] array (
  'host' => '192.168.1.15:8087',
  'connection' => 'keep-alive',
  'content-length' => '195',
  'accept' => 'application/json',
  'origin' => 'file://',
  'x-requested-with' => 'XMLHttpRequest',
  'user-agent' => 'Mozilla/5.0 (Linux; Android 4.4.2; OPPO R11 Build/NMF26X) AppleWebKit/537.36 (KHTML, like Gecko) Version/4.0 Chrome/30.0.0.0 Mobile Safari/537.36 Html5Plus/1.0',
  'content-type' => 'application/x-www-form-urlencoded',
  'accept-encoding' => 'gzip,deflate',
  'accept-language' => 'zh-CN,en-US;q=0.8',
  'cookie' => 'PHPSESSID=2a5fjdbf0gl9jj9e5rh6vafup3',
)
[ info ] [ PARAM ] array (
  'data' => 'ddOcsYBHpf8GELSJH3rIx+5b/veBRiPLrUEs35SdwL9BSoYJLVXQ5i5QNi/i4co4gAhndO5AGIAi+srCvtkHUIVTF5d78/BaHOb5Dc9mt3WLH0+u4FjexIRCXVjc+Koprdo4vQGvMtWDSVyN+2BTsldDNaqjcXdhosSIT2aVkKw=',
)
[ info ] [ RUN ] app\index\controller\Login->login[ D:\PHP\WalletApp\WalletAppServer\application\index\controller\Login.php ]
[ info ] [ SESSION ] INIT array (
  'id' => '',
  'var_session_id' => '',
  'prefix' => 'think',
  'type' => '',
  'auto_start' => true,
)
[ info ] [ LOG ] INIT File
[ error ] [0]致命错误: Class 'app\index\controller\Session' not found[D:\PHP\WalletApp\WalletAppServer\application\index\controller\Login.php:92]
---------------------------------------------------------------
[ 2018-12-28T18:01:02+08:00 ] 192.168.1.15 GET 192.168.1.15:8087/index/Login/login?data=DEd2Y9cwOeG5sTEcpLxKd5Jrg7uTH4uerHeD6fkud2a2rhmnAgmIimRK0Og5EAyngyCpkK6NBi5VYO4TxeX1jDHJN42ii61Oto1rmyReZzeLX37p8ABK9HnkqXynHTRjmhod8WlZk2Eb0j0FCxql4iHw3TaoPb3wevHHWWhtXqo%3D
[运行时间：0.042500s] [吞吐率：23.53req/s] [内存消耗：1,310.59kb] [文件加载：39]
[ info ] [ LANG ] D:\PHP\WalletApp\WalletAppServer\thinkphp\lang\zh-cn.php
[ info ] [ ROUTE ] array (
  'type' => 'module',
  'module' => 
  array (
    0 => 'index',
    1 => 'Login',
    2 => 'login',
  ),
)
[ info ] [ HEADER ] array (
  'host' => '192.168.1.15:8087',
  'connection' => 'keep-alive',
  'upgrade-insecure-requests' => '1',
  'user-agent' => 'Mozilla/5.0 (iPhone; CPU iPhone OS 11_0 like Mac OS X) AppleWebKit/604.1.38 (KHTML, like Gecko) Version/11.0 Mobile/15A372 Safari/604.1',
  'accept' => 'text/html,application/xhtml+xml,application/xml;q=0.9,image/webp,image/apng,*/*;q=0.8',
  'accept-encoding' => 'gzip, deflate',
  'accept-language' => 'zh-CN,zh;q=0.9',
  'cookie' => 'PHPSESSID=jd9s58ad8gv06978rd37rd7rcs',
)
[ info ] [ PARAM ] array (
  'data' => 'DEd2Y9cwOeG5sTEcpLxKd5Jrg7uTH4uerHeD6fkud2a2rhmnAgmIimRK0Og5EAyngyCpkK6NBi5VYO4TxeX1jDHJN42ii61Oto1rmyReZzeLX37p8ABK9HnkqXynHTRjmhod8WlZk2Eb0j0FCxql4iHw3TaoPb3wevHHWWhtXqo=',
)
[ info ] [ RUN ] app\index\controller\Login->login[ D:\PHP\WalletApp\WalletAppServer\application\index\controller\Login.php ]
[ info ] [ SESSION ] INIT array (
  'id' => '',
  'var_session_id' => '',
  'prefix' => 'think',
  'type' => '',
  'auto_start' => true,
)
[ info ] [ LOG ] INIT File
---------------------------------------------------------------
[ 2018-12-28T18:02:07+08:00 ] 192.168.1.15 POST 192.168.1.15:8087/index/Login/SemCheck
[运行时间：0.460000s] [吞吐率：2.17req/s] [内存消耗：1,323.20kb] [文件加载：40]
[ info ] [ LANG ] D:\PHP\WalletApp\WalletAppServer\thinkphp\lang\zh-cn.php
[ info ] [ ROUTE ] array (
  'type' => 'module',
  'module' => 
  array (
    0 => 'index',
    1 => 'Login',
    2 => 'SemCheck',
  ),
)
[ info ] [ HEADER ] array (
  'host' => '192.168.1.15:8087',
  'connection' => 'keep-alive',
  'content-length' => '17',
  'accept' => 'application/json',
  'origin' => 'file://',
  'x-requested-with' => 'XMLHttpRequest',
  'user-agent' => 'Mozilla/5.0 (Linux; Android 4.4.2; OPPO R11 Build/NMF26X) AppleWebKit/537.36 (KHTML, like Gecko) Version/4.0 Chrome/30.0.0.0 Mobile Safari/537.36 Html5Plus/1.0',
  'content-type' => 'application/x-www-form-urlencoded',
  'accept-encoding' => 'gzip,deflate',
  'accept-language' => 'zh-CN,en-US;q=0.8',
  'cookie' => 'PHPSESSID=2a5fjdbf0gl9jj9e5rh6vafup3',
)
[ info ] [ PARAM ] array (
  'phone' => '17855868623',
)
[ info ] [ RUN ] app\index\controller\Login->SemCheck[ D:\PHP\WalletApp\WalletAppServer\application\index\controller\Login.php ]
[ info ] [ SESSION ] INIT array (
  'id' => '',
  'var_session_id' => '',
  'prefix' => 'think',
  'type' => '',
  'auto_start' => true,
)
[ info ] [ LOG ] INIT File
---------------------------------------------------------------
[ 2018-12-28T18:02:19+08:00 ] 192.168.1.15 POST 192.168.1.15:8087/index/Login/login
[运行时间：0.030500s] [吞吐率：32.79req/s] [内存消耗：1,425.61kb] [文件加载：43]
[ info ] [ LANG ] D:\PHP\WalletApp\WalletAppServer\thinkphp\lang\zh-cn.php
[ info ] [ ROUTE ] array (
  'type' => 'module',
  'module' => 
  array (
    0 => 'index',
    1 => 'Login',
    2 => 'login',
  ),
)
[ info ] [ HEADER ] array (
  'host' => '192.168.1.15:8087',
  'connection' => 'keep-alive',
  'content-length' => '183',
  'accept' => 'application/json',
  'origin' => 'file://',
  'x-requested-with' => 'XMLHttpRequest',
  'user-agent' => 'Mozilla/5.0 (Linux; Android 4.4.2; OPPO R11 Build/NMF26X) AppleWebKit/537.36 (KHTML, like Gecko) Version/4.0 Chrome/30.0.0.0 Mobile Safari/537.36 Html5Plus/1.0',
  'content-type' => 'application/x-www-form-urlencoded',
  'accept-encoding' => 'gzip,deflate',
  'accept-language' => 'zh-CN,en-US;q=0.8',
  'cookie' => 'PHPSESSID=2a5fjdbf0gl9jj9e5rh6vafup3',
)
[ info ] [ PARAM ] array (
  'data' => 'AX1mgSfN1X6K/uLLeuRgC0qzvf5VPKwHI4K1dw2QEEMwfqasFGdKLHmMCghhHkdRsBah4yBdJlYyL3MXzKYzVdpb/PyebRp6qlaRQsFEBhMxBNW25wsflCpC3T4qqv3aEaBD0HDRsJV4DHxsZapruH9zVNIbopO3MVRTtfvvRoQ=',
)
[ info ] [ RUN ] app\index\controller\Login->login[ D:\PHP\WalletApp\WalletAppServer\application\index\controller\Login.php ]
[ info ] [ SESSION ] INIT array (
  'id' => '',
  'var_session_id' => '',
  'prefix' => 'think',
  'type' => '',
  'auto_start' => true,
)
[ info ] [ LOG ] INIT File
[ error ] [0]致命错误: Class 'app\index\controller\Session' not found[D:\PHP\WalletApp\WalletAppServer\application\index\controller\Login.php:92]
---------------------------------------------------------------
[ 2018-12-28T18:02:35+08:00 ] 192.168.1.15 GET 192.168.1.15:8087/index/Login/login?data=LsV8lucjuOsF6pMZ55BE%2BoUtQd1D5f5zyK5FA2i2tLuutvGrE3AiJAOLko3K1D7z6FzPWZW9L2UhUerxL4hNhMcwQw7TdN26NCCyXqQP3Y6gSuNVRumXzBkKuy%2BtpEkO2H4%2FiiALV%2BFt7%2FPOJc2RTLsdfpL5q8jGEtwcXhBDDeI%3D
[运行时间：0.049000s] [吞吐率：20.41req/s] [内存消耗：1,310.65kb] [文件加载：39]
[ info ] [ LANG ] D:\PHP\WalletApp\WalletAppServer\thinkphp\lang\zh-cn.php
[ info ] [ ROUTE ] array (
  'type' => 'module',
  'module' => 
  array (
    0 => 'index',
    1 => 'Login',
    2 => 'login',
  ),
)
[ info ] [ HEADER ] array (
  'host' => '192.168.1.15:8087',
  'connection' => 'keep-alive',
  'upgrade-insecure-requests' => '1',
  'user-agent' => 'Mozilla/5.0 (iPhone; CPU iPhone OS 11_0 like Mac OS X) AppleWebKit/604.1.38 (KHTML, like Gecko) Version/11.0 Mobile/15A372 Safari/604.1',
  'accept' => 'text/html,application/xhtml+xml,application/xml;q=0.9,image/webp,image/apng,*/*;q=0.8',
  'accept-encoding' => 'gzip, deflate',
  'accept-language' => 'zh-CN,zh;q=0.9',
  'cookie' => 'PHPSESSID=jd9s58ad8gv06978rd37rd7rcs',
)
[ info ] [ PARAM ] array (
  'data' => 'LsV8lucjuOsF6pMZ55BE+oUtQd1D5f5zyK5FA2i2tLuutvGrE3AiJAOLko3K1D7z6FzPWZW9L2UhUerxL4hNhMcwQw7TdN26NCCyXqQP3Y6gSuNVRumXzBkKuy+tpEkO2H4/iiALV+Ft7/POJc2RTLsdfpL5q8jGEtwcXhBDDeI=',
)
[ info ] [ RUN ] app\index\controller\Login->login[ D:\PHP\WalletApp\WalletAppServer\application\index\controller\Login.php ]
[ info ] [ SESSION ] INIT array (
  'id' => '',
  'var_session_id' => '',
  'prefix' => 'think',
  'type' => '',
  'auto_start' => true,
)
[ info ] [ LOG ] INIT File
---------------------------------------------------------------
[ 2018-12-28T18:02:43+08:00 ] 192.168.1.15 GET 192.168.1.15:8087/index/Login/login?data=LsV8lucjuOsF6pMZ55BE%2BoUtQd1D5f5zyK5FA2i2tLuutvGrE3AiJAOLko3K1D7z6FzPWZW9L2UhUerxL4hNhMcwQw7TdN26NCCyXqQP3Y6gSuNVRumXzBkKuy%2BtpEkO2H4%2FiiALV%2BFt7%2FPOJc2RTLsdfpL5q8jGEtwcXhBDDeI%3D
[运行时间：0.040000s] [吞吐率：25.00req/s] [内存消耗：1,311.32kb] [文件加载：39]
[ info ] [ LANG ] D:\PHP\WalletApp\WalletAppServer\thinkphp\lang\zh-cn.php
[ info ] [ ROUTE ] array (
  'type' => 'module',
  'module' => 
  array (
    0 => 'index',
    1 => 'Login',
    2 => 'login',
  ),
)
[ info ] [ HEADER ] array (
  'host' => '192.168.1.15:8087',
  'connection' => 'keep-alive',
  'cache-control' => 'max-age=0',
  'upgrade-insecure-requests' => '1',
  'user-agent' => 'Mozilla/5.0 (iPhone; CPU iPhone OS 11_0 like Mac OS X) AppleWebKit/604.1.38 (KHTML, like Gecko) Version/11.0 Mobile/15A372 Safari/604.1',
  'accept' => 'text/html,application/xhtml+xml,application/xml;q=0.9,image/webp,image/apng,*/*;q=0.8',
  'accept-encoding' => 'gzip, deflate',
  'accept-language' => 'zh-CN,zh;q=0.9',
  'cookie' => 'PHPSESSID=jd9s58ad8gv06978rd37rd7rcs',
)
[ info ] [ PARAM ] array (
  'data' => 'LsV8lucjuOsF6pMZ55BE+oUtQd1D5f5zyK5FA2i2tLuutvGrE3AiJAOLko3K1D7z6FzPWZW9L2UhUerxL4hNhMcwQw7TdN26NCCyXqQP3Y6gSuNVRumXzBkKuy+tpEkO2H4/iiALV+Ft7/POJc2RTLsdfpL5q8jGEtwcXhBDDeI=',
)
[ info ] [ RUN ] app\index\controller\Login->login[ D:\PHP\WalletApp\WalletAppServer\application\index\controller\Login.php ]
[ info ] [ SESSION ] INIT array (
  'id' => '',
  'var_session_id' => '',
  'prefix' => 'think',
  'type' => '',
  'auto_start' => true,
)
[ info ] [ LOG ] INIT File
---------------------------------------------------------------
[ 2018-12-28T18:03:07+08:00 ] 192.168.1.15 GET 192.168.1.15:8087/index/Login/login?data=LsV8lucjuOsF6pMZ55BE%2BoUtQd1D5f5zyK5FA2i2tLuutvGrE3AiJAOLko3K1D7z6FzPWZW9L2UhUerxL4hNhMcwQw7TdN26NCCyXqQP3Y6gSuNVRumXzBkKuy%2BtpEkO2H4%2FiiALV%2BFt7%2FPOJc2RTLsdfpL5q8jGEtwcXhBDDeI%3D
[运行时间：0.039500s] [吞吐率：25.32req/s] [内存消耗：1,311.32kb] [文件加载：39]
[ info ] [ LANG ] D:\PHP\WalletApp\WalletAppServer\thinkphp\lang\zh-cn.php
[ info ] [ ROUTE ] array (
  'type' => 'module',
  'module' => 
  array (
    0 => 'index',
    1 => 'Login',
    2 => 'login',
  ),
)
[ info ] [ HEADER ] array (
  'host' => '192.168.1.15:8087',
  'connection' => 'keep-alive',
  'cache-control' => 'max-age=0',
  'upgrade-insecure-requests' => '1',
  'user-agent' => 'Mozilla/5.0 (iPhone; CPU iPhone OS 11_0 like Mac OS X) AppleWebKit/604.1.38 (KHTML, like Gecko) Version/11.0 Mobile/15A372 Safari/604.1',
  'accept' => 'text/html,application/xhtml+xml,application/xml;q=0.9,image/webp,image/apng,*/*;q=0.8',
  'accept-encoding' => 'gzip, deflate',
  'accept-language' => 'zh-CN,zh;q=0.9',
  'cookie' => 'PHPSESSID=jd9s58ad8gv06978rd37rd7rcs',
)
[ info ] [ PARAM ] array (
  'data' => 'LsV8lucjuOsF6pMZ55BE+oUtQd1D5f5zyK5FA2i2tLuutvGrE3AiJAOLko3K1D7z6FzPWZW9L2UhUerxL4hNhMcwQw7TdN26NCCyXqQP3Y6gSuNVRumXzBkKuy+tpEkO2H4/iiALV+Ft7/POJc2RTLsdfpL5q8jGEtwcXhBDDeI=',
)
[ info ] [ RUN ] app\index\controller\Login->login[ D:\PHP\WalletApp\WalletAppServer\application\index\controller\Login.php ]
[ info ] [ SESSION ] INIT array (
  'id' => '',
  'var_session_id' => '',
  'prefix' => 'think',
  'type' => '',
  'auto_start' => true,
)
[ info ] [ LOG ] INIT File
---------------------------------------------------------------
[ 2018-12-28T18:03:47+08:00 ] 192.168.1.15 POST 192.168.1.15:8087/index/Login/login
[运行时间：0.029000s] [吞吐率：34.48req/s] [内存消耗：1,425.61kb] [文件加载：43]
[ info ] [ LANG ] D:\PHP\WalletApp\WalletAppServer\thinkphp\lang\zh-cn.php
[ info ] [ ROUTE ] array (
  'type' => 'module',
  'module' => 
  array (
    0 => 'index',
    1 => 'Login',
    2 => 'login',
  ),
)
[ info ] [ HEADER ] array (
  'host' => '192.168.1.15:8087',
  'connection' => 'keep-alive',
  'content-length' => '187',
  'accept' => 'application/json',
  'origin' => 'file://',
  'x-requested-with' => 'XMLHttpRequest',
  'user-agent' => 'Mozilla/5.0 (Linux; Android 4.4.2; OPPO R11 Build/NMF26X) AppleWebKit/537.36 (KHTML, like Gecko) Version/4.0 Chrome/30.0.0.0 Mobile Safari/537.36 Html5Plus/1.0',
  'content-type' => 'application/x-www-form-urlencoded',
  'accept-encoding' => 'gzip,deflate',
  'accept-language' => 'zh-CN,en-US;q=0.8',
  'cookie' => 'PHPSESSID=2a5fjdbf0gl9jj9e5rh6vafup3',
)
[ info ] [ PARAM ] array (
  'data' => 'Daw/pptfZyqyXuRQm57Lj0oZzINYhEBY77bHsVKfs8m5qV4xwLntHxR7mrkhcAAyulRKI7oc8DtXC2liaWfaYua/ItA04Kt+vMfIL/tHrlmBoxySviPpz4FcwzYH38fvxof7jlj931TJ2O9tp5m6VHuq1CJS00OpZgWI5WFCusQ=',
)
[ info ] [ RUN ] app\index\controller\Login->login[ D:\PHP\WalletApp\WalletAppServer\application\index\controller\Login.php ]
[ info ] [ SESSION ] INIT array (
  'id' => '',
  'var_session_id' => '',
  'prefix' => 'think',
  'type' => '',
  'auto_start' => true,
)
[ info ] [ LOG ] INIT File
[ error ] [0]致命错误: Class 'app\index\controller\Session' not found[D:\PHP\WalletApp\WalletAppServer\application\index\controller\Login.php:92]
---------------------------------------------------------------
[ 2018-12-28T18:03:48+08:00 ] 192.168.1.15 POST 192.168.1.15:8087/index/Login/login
[运行时间：0.037500s] [吞吐率：26.67req/s] [内存消耗：1,425.61kb] [文件加载：43]
[ info ] [ LANG ] D:\PHP\WalletApp\WalletAppServer\thinkphp\lang\zh-cn.php
[ info ] [ ROUTE ] array (
  'type' => 'module',
  'module' => 
  array (
    0 => 'index',
    1 => 'Login',
    2 => 'login',
  ),
)
[ info ] [ HEADER ] array (
  'host' => '192.168.1.15:8087',
  'connection' => 'keep-alive',
  'content-length' => '193',
  'accept' => 'application/json',
  'origin' => 'file://',
  'x-requested-with' => 'XMLHttpRequest',
  'user-agent' => 'Mozilla/5.0 (Linux; Android 4.4.2; OPPO R11 Build/NMF26X) AppleWebKit/537.36 (KHTML, like Gecko) Version/4.0 Chrome/30.0.0.0 Mobile Safari/537.36 Html5Plus/1.0',
  'content-type' => 'application/x-www-form-urlencoded',
  'accept-encoding' => 'gzip,deflate',
  'accept-language' => 'zh-CN,en-US;q=0.8',
  'cookie' => 'PHPSESSID=2a5fjdbf0gl9jj9e5rh6vafup3',
)
[ info ] [ PARAM ] array (
  'data' => 'ouIp8lZsaYznffzy15jU3wiIf68XN3Ci6STge7V8givo2mat6Hv9kVkEUcEwLWPlmbT9kyeEcwM/BrlyYI9aPBfWMdSjJI3ZRwQd0QMP+7WmA6CRjpFAKhPT12/Fc39gJ+3NxG/3HQeSc25P3Qfr/wGvWU1VtbW24eVOiWsd6+Q=',
)
[ info ] [ RUN ] app\index\controller\Login->login[ D:\PHP\WalletApp\WalletAppServer\application\index\controller\Login.php ]
[ info ] [ SESSION ] INIT array (
  'id' => '',
  'var_session_id' => '',
  'prefix' => 'think',
  'type' => '',
  'auto_start' => true,
)
[ info ] [ LOG ] INIT File
[ error ] [0]致命错误: Class 'app\index\controller\Session' not found[D:\PHP\WalletApp\WalletAppServer\application\index\controller\Login.php:92]
---------------------------------------------------------------
[ 2018-12-28T18:03:58+08:00 ] 192.168.1.15 GET 192.168.1.15:8087/index/Login/login?data=LsV8lucjuOsF6pMZ55BE%2BoUtQd1D5f5zyK5FA2i2tLuutvGrE3AiJAOLko3K1D7z6FzPWZW9L2UhUerxL4hNhMcwQw7TdN26NCCyXqQP3Y6gSuNVRumXzBkKuy%2BtpEkO2H4%2FiiALV%2BFt7%2FPOJc2RTLsdfpL5q8jGEtwcXhBDDeI%3D
[运行时间：0.028000s] [吞吐率：35.71req/s] [内存消耗：1,311.32kb] [文件加载：39]
[ info ] [ LANG ] D:\PHP\WalletApp\WalletAppServer\thinkphp\lang\zh-cn.php
[ info ] [ ROUTE ] array (
  'type' => 'module',
  'module' => 
  array (
    0 => 'index',
    1 => 'Login',
    2 => 'login',
  ),
)
[ info ] [ HEADER ] array (
  'host' => '192.168.1.15:8087',
  'connection' => 'keep-alive',
  'cache-control' => 'max-age=0',
  'upgrade-insecure-requests' => '1',
  'user-agent' => 'Mozilla/5.0 (iPhone; CPU iPhone OS 11_0 like Mac OS X) AppleWebKit/604.1.38 (KHTML, like Gecko) Version/11.0 Mobile/15A372 Safari/604.1',
  'accept' => 'text/html,application/xhtml+xml,application/xml;q=0.9,image/webp,image/apng,*/*;q=0.8',
  'accept-encoding' => 'gzip, deflate',
  'accept-language' => 'zh-CN,zh;q=0.9',
  'cookie' => 'PHPSESSID=jd9s58ad8gv06978rd37rd7rcs',
)
[ info ] [ PARAM ] array (
  'data' => 'LsV8lucjuOsF6pMZ55BE+oUtQd1D5f5zyK5FA2i2tLuutvGrE3AiJAOLko3K1D7z6FzPWZW9L2UhUerxL4hNhMcwQw7TdN26NCCyXqQP3Y6gSuNVRumXzBkKuy+tpEkO2H4/iiALV+Ft7/POJc2RTLsdfpL5q8jGEtwcXhBDDeI=',
)
[ info ] [ RUN ] app\index\controller\Login->login[ D:\PHP\WalletApp\WalletAppServer\application\index\controller\Login.php ]
[ info ] [ SESSION ] INIT array (
  'id' => '',
  'var_session_id' => '',
  'prefix' => 'think',
  'type' => '',
  'auto_start' => true,
)
[ info ] [ LOG ] INIT File
---------------------------------------------------------------
[ 2018-12-28T18:04:18+08:00 ] 192.168.1.15 GET 192.168.1.15:8087/index/Login/login?data=LsV8lucjuOsF6pMZ55BE%2BoUtQd1D5f5zyK5FA2i2tLuutvGrE3AiJAOLko3K1D7z6FzPWZW9L2UhUerxL4hNhMcwQw7TdN26NCCyXqQP3Y6gSuNVRumXzBkKuy%2BtpEkO2H4%2FiiALV%2BFt7%2FPOJc2RTLsdfpL5q8jGEtwcXhBDDeI%3D
[运行时间：0.028000s] [吞吐率：35.71req/s] [内存消耗：1,311.32kb] [文件加载：39]
[ info ] [ LANG ] D:\PHP\WalletApp\WalletAppServer\thinkphp\lang\zh-cn.php
[ info ] [ ROUTE ] array (
  'type' => 'module',
  'module' => 
  array (
    0 => 'index',
    1 => 'Login',
    2 => 'login',
  ),
)
[ info ] [ HEADER ] array (
  'host' => '192.168.1.15:8087',
  'connection' => 'keep-alive',
  'cache-control' => 'max-age=0',
  'upgrade-insecure-requests' => '1',
  'user-agent' => 'Mozilla/5.0 (iPhone; CPU iPhone OS 11_0 like Mac OS X) AppleWebKit/604.1.38 (KHTML, like Gecko) Version/11.0 Mobile/15A372 Safari/604.1',
  'accept' => 'text/html,application/xhtml+xml,application/xml;q=0.9,image/webp,image/apng,*/*;q=0.8',
  'accept-encoding' => 'gzip, deflate',
  'accept-language' => 'zh-CN,zh;q=0.9',
  'cookie' => 'PHPSESSID=jd9s58ad8gv06978rd37rd7rcs',
)
[ info ] [ PARAM ] array (
  'data' => 'LsV8lucjuOsF6pMZ55BE+oUtQd1D5f5zyK5FA2i2tLuutvGrE3AiJAOLko3K1D7z6FzPWZW9L2UhUerxL4hNhMcwQw7TdN26NCCyXqQP3Y6gSuNVRumXzBkKuy+tpEkO2H4/iiALV+Ft7/POJc2RTLsdfpL5q8jGEtwcXhBDDeI=',
)
[ info ] [ RUN ] app\index\controller\Login->login[ D:\PHP\WalletApp\WalletAppServer\application\index\controller\Login.php ]
[ info ] [ SESSION ] INIT array (
  'id' => '',
  'var_session_id' => '',
  'prefix' => 'think',
  'type' => '',
  'auto_start' => true,
)
[ info ] [ LOG ] INIT File
---------------------------------------------------------------
[ 2018-12-28T18:04:28+08:00 ] 192.168.1.15 GET 192.168.1.15:8087/index/Login/login?data=LsV8lucjuOsF6pMZ55BE%2BoUtQd1D5f5zyK5FA2i2tLuutvGrE3AiJAOLko3K1D7z6FzPWZW9L2UhUerxL4hNhMcwQw7TdN26NCCyXqQP3Y6gSuNVRumXzBkKuy%2BtpEkO2H4%2FiiALV%2BFt7%2FPOJc2RTLsdfpL5q8jGEtwcXhBDDeI%3D
[运行时间：0.041000s] [吞吐率：24.39req/s] [内存消耗：1,311.32kb] [文件加载：39]
[ info ] [ LANG ] D:\PHP\WalletApp\WalletAppServer\thinkphp\lang\zh-cn.php
[ info ] [ ROUTE ] array (
  'type' => 'module',
  'module' => 
  array (
    0 => 'index',
    1 => 'Login',
    2 => 'login',
  ),
)
[ info ] [ HEADER ] array (
  'host' => '192.168.1.15:8087',
  'connection' => 'keep-alive',
  'cache-control' => 'max-age=0',
  'upgrade-insecure-requests' => '1',
  'user-agent' => 'Mozilla/5.0 (iPhone; CPU iPhone OS 11_0 like Mac OS X) AppleWebKit/604.1.38 (KHTML, like Gecko) Version/11.0 Mobile/15A372 Safari/604.1',
  'accept' => 'text/html,application/xhtml+xml,application/xml;q=0.9,image/webp,image/apng,*/*;q=0.8',
  'accept-encoding' => 'gzip, deflate',
  'accept-language' => 'zh-CN,zh;q=0.9',
  'cookie' => 'PHPSESSID=jd9s58ad8gv06978rd37rd7rcs',
)
[ info ] [ PARAM ] array (
  'data' => 'LsV8lucjuOsF6pMZ55BE+oUtQd1D5f5zyK5FA2i2tLuutvGrE3AiJAOLko3K1D7z6FzPWZW9L2UhUerxL4hNhMcwQw7TdN26NCCyXqQP3Y6gSuNVRumXzBkKuy+tpEkO2H4/iiALV+Ft7/POJc2RTLsdfpL5q8jGEtwcXhBDDeI=',
)
[ info ] [ RUN ] app\index\controller\Login->login[ D:\PHP\WalletApp\WalletAppServer\application\index\controller\Login.php ]
[ info ] [ SESSION ] INIT array (
  'id' => '',
  'var_session_id' => '',
  'prefix' => 'think',
  'type' => '',
  'auto_start' => true,
)
[ info ] [ LOG ] INIT File
---------------------------------------------------------------
[ 2018-12-28T18:04:32+08:00 ] 192.168.1.15 GET 192.168.1.15:8087/index/Login/login?data=LsV8lucjuOsF6pMZ55BE%2BoUtQd1D5f5zyK5FA2i2tLuutvGrE3AiJAOLko3K1D7z6FzPWZW9L2UhUerxL4hNhMcwQw7TdN26NCCyXqQP3Y6gSuNVRumXzBkKuy%2BtpEkO2H4%2FiiALV%2BFt7%2FPOJc2RTLsdfpL5q8jGEtwcXhBDDeI%3D
[运行时间：0.047500s] [吞吐率：21.05req/s] [内存消耗：1,311.32kb] [文件加载：39]
[ info ] [ LANG ] D:\PHP\WalletApp\WalletAppServer\thinkphp\lang\zh-cn.php
[ info ] [ ROUTE ] array (
  'type' => 'module',
  'module' => 
  array (
    0 => 'index',
    1 => 'Login',
    2 => 'login',
  ),
)
[ info ] [ HEADER ] array (
  'host' => '192.168.1.15:8087',
  'connection' => 'keep-alive',
  'cache-control' => 'max-age=0',
  'upgrade-insecure-requests' => '1',
  'user-agent' => 'Mozilla/5.0 (iPhone; CPU iPhone OS 11_0 like Mac OS X) AppleWebKit/604.1.38 (KHTML, like Gecko) Version/11.0 Mobile/15A372 Safari/604.1',
  'accept' => 'text/html,application/xhtml+xml,application/xml;q=0.9,image/webp,image/apng,*/*;q=0.8',
  'accept-encoding' => 'gzip, deflate',
  'accept-language' => 'zh-CN,zh;q=0.9',
  'cookie' => 'PHPSESSID=jd9s58ad8gv06978rd37rd7rcs',
)
[ info ] [ PARAM ] array (
  'data' => 'LsV8lucjuOsF6pMZ55BE+oUtQd1D5f5zyK5FA2i2tLuutvGrE3AiJAOLko3K1D7z6FzPWZW9L2UhUerxL4hNhMcwQw7TdN26NCCyXqQP3Y6gSuNVRumXzBkKuy+tpEkO2H4/iiALV+Ft7/POJc2RTLsdfpL5q8jGEtwcXhBDDeI=',
)
[ info ] [ RUN ] app\index\controller\Login->login[ D:\PHP\WalletApp\WalletAppServer\application\index\controller\Login.php ]
[ info ] [ SESSION ] INIT array (
  'id' => '',
  'var_session_id' => '',
  'prefix' => 'think',
  'type' => '',
  'auto_start' => true,
)
[ info ] [ LOG ] INIT File
---------------------------------------------------------------
[ 2018-12-28T18:04:33+08:00 ] 192.168.1.15 GET 192.168.1.15:8087/index/Login/login?data=LsV8lucjuOsF6pMZ55BE%2BoUtQd1D5f5zyK5FA2i2tLuutvGrE3AiJAOLko3K1D7z6FzPWZW9L2UhUerxL4hNhMcwQw7TdN26NCCyXqQP3Y6gSuNVRumXzBkKuy%2BtpEkO2H4%2FiiALV%2BFt7%2FPOJc2RTLsdfpL5q8jGEtwcXhBDDeI%3D
[运行时间：0.043000s] [吞吐率：23.26req/s] [内存消耗：1,311.32kb] [文件加载：39]
[ info ] [ LANG ] D:\PHP\WalletApp\WalletAppServer\thinkphp\lang\zh-cn.php
[ info ] [ ROUTE ] array (
  'type' => 'module',
  'module' => 
  array (
    0 => 'index',
    1 => 'Login',
    2 => 'login',
  ),
)
[ info ] [ HEADER ] array (
  'host' => '192.168.1.15:8087',
  'connection' => 'keep-alive',
  'cache-control' => 'max-age=0',
  'upgrade-insecure-requests' => '1',
  'user-agent' => 'Mozilla/5.0 (iPhone; CPU iPhone OS 11_0 like Mac OS X) AppleWebKit/604.1.38 (KHTML, like Gecko) Version/11.0 Mobile/15A372 Safari/604.1',
  'accept' => 'text/html,application/xhtml+xml,application/xml;q=0.9,image/webp,image/apng,*/*;q=0.8',
  'accept-encoding' => 'gzip, deflate',
  'accept-language' => 'zh-CN,zh;q=0.9',
  'cookie' => 'PHPSESSID=jd9s58ad8gv06978rd37rd7rcs',
)
[ info ] [ PARAM ] array (
  'data' => 'LsV8lucjuOsF6pMZ55BE+oUtQd1D5f5zyK5FA2i2tLuutvGrE3AiJAOLko3K1D7z6FzPWZW9L2UhUerxL4hNhMcwQw7TdN26NCCyXqQP3Y6gSuNVRumXzBkKuy+tpEkO2H4/iiALV+Ft7/POJc2RTLsdfpL5q8jGEtwcXhBDDeI=',
)
[ info ] [ RUN ] app\index\controller\Login->login[ D:\PHP\WalletApp\WalletAppServer\application\index\controller\Login.php ]
[ info ] [ SESSION ] INIT array (
  'id' => '',
  'var_session_id' => '',
  'prefix' => 'think',
  'type' => '',
  'auto_start' => true,
)
[ info ] [ LOG ] INIT File
---------------------------------------------------------------
[ 2018-12-28T18:04:58+08:00 ] 192.168.1.15 GET 192.168.1.15:8087/index/Login/login?data=LsV8lucjuOsF6pMZ55BE%2BoUtQd1D5f5zyK5FA2i2tLuutvGrE3AiJAOLko3K1D7z6FzPWZW9L2UhUerxL4hNhMcwQw7TdN26NCCyXqQP3Y6gSuNVRumXzBkKuy%2BtpEkO2H4%2FiiALV%2BFt7%2FPOJc2RTLsdfpL5q8jGEtwcXhBDDeI%3D
[运行时间：0.045000s] [吞吐率：22.22req/s] [内存消耗：1,311.32kb] [文件加载：39]
[ info ] [ LANG ] D:\PHP\WalletApp\WalletAppServer\thinkphp\lang\zh-cn.php
[ info ] [ ROUTE ] array (
  'type' => 'module',
  'module' => 
  array (
    0 => 'index',
    1 => 'Login',
    2 => 'login',
  ),
)
[ info ] [ HEADER ] array (
  'host' => '192.168.1.15:8087',
  'connection' => 'keep-alive',
  'cache-control' => 'max-age=0',
  'upgrade-insecure-requests' => '1',
  'user-agent' => 'Mozilla/5.0 (iPhone; CPU iPhone OS 11_0 like Mac OS X) AppleWebKit/604.1.38 (KHTML, like Gecko) Version/11.0 Mobile/15A372 Safari/604.1',
  'accept' => 'text/html,application/xhtml+xml,application/xml;q=0.9,image/webp,image/apng,*/*;q=0.8',
  'accept-encoding' => 'gzip, deflate',
  'accept-language' => 'zh-CN,zh;q=0.9',
  'cookie' => 'PHPSESSID=jd9s58ad8gv06978rd37rd7rcs',
)
[ info ] [ PARAM ] array (
  'data' => 'LsV8lucjuOsF6pMZ55BE+oUtQd1D5f5zyK5FA2i2tLuutvGrE3AiJAOLko3K1D7z6FzPWZW9L2UhUerxL4hNhMcwQw7TdN26NCCyXqQP3Y6gSuNVRumXzBkKuy+tpEkO2H4/iiALV+Ft7/POJc2RTLsdfpL5q8jGEtwcXhBDDeI=',
)
[ info ] [ RUN ] app\index\controller\Login->login[ D:\PHP\WalletApp\WalletAppServer\application\index\controller\Login.php ]
[ info ] [ SESSION ] INIT array (
  'id' => '',
  'var_session_id' => '',
  'prefix' => 'think',
  'type' => '',
  'auto_start' => true,
)
[ info ] [ LOG ] INIT File
---------------------------------------------------------------
[ 2018-12-28T18:06:29+08:00 ] 192.168.1.15 POST 192.168.1.15:8087/index/Login/login
[运行时间：0.030500s] [吞吐率：32.79req/s] [内存消耗：1,310.72kb] [文件加载：39]
[ info ] [ LANG ] D:\PHP\WalletApp\WalletAppServer\thinkphp\lang\zh-cn.php
[ info ] [ ROUTE ] array (
  'type' => 'module',
  'module' => 
  array (
    0 => 'index',
    1 => 'Login',
    2 => 'login',
  ),
)
[ info ] [ HEADER ] array (
  'host' => '192.168.1.15:8087',
  'connection' => 'keep-alive',
  'content-length' => '189',
  'accept' => 'application/json',
  'origin' => 'file://',
  'x-requested-with' => 'XMLHttpRequest',
  'user-agent' => 'Mozilla/5.0 (Linux; Android 4.4.2; OPPO R11 Build/NMF26X) AppleWebKit/537.36 (KHTML, like Gecko) Version/4.0 Chrome/30.0.0.0 Mobile Safari/537.36 Html5Plus/1.0',
  'content-type' => 'application/x-www-form-urlencoded',
  'accept-encoding' => 'gzip,deflate',
  'accept-language' => 'zh-CN,en-US;q=0.8',
  'cookie' => 'PHPSESSID=2a5fjdbf0gl9jj9e5rh6vafup3',
)
[ info ] [ PARAM ] array (
  'data' => 'mvYlsOif5YPEWDV+1qHbnf65wEis6PwHpbxG88XamL+EKofZetzXaFnvz4MPn+Z54HEJRDYPxZtI7hQnDDLfZNIFjUws+V11i55IhpTTOL4e3D3f8cmEmStmAzbLo4eqVszLgLktdu02g+VR5qu97bPOzmhPL1C0Y8U6gZWoh1Y=',
)
[ info ] [ RUN ] app\index\controller\Login->login[ D:\PHP\WalletApp\WalletAppServer\application\index\controller\Login.php ]
[ info ] [ SESSION ] INIT array (
  'id' => '',
  'var_session_id' => '',
  'prefix' => 'think',
  'type' => '',
  'auto_start' => true,
)
[ info ] [ LOG ] INIT File
---------------------------------------------------------------
[ 2018-12-28T18:06:40+08:00 ] 192.168.1.15 GET 192.168.1.15:8087/index/Login/login?data=JkhtiLXbeDoR0QLgVDbONeoFcKsHLPJHdX1v3sj7BELemxLfP0k664ZBQofoAW7Wa%2FYBLSjWGX8y3PvuPZn27hF5dMe453RRj6h0xq%2FfcyFP0HdkM5eSBw12p3cj5GEeSMjlsAfcx5bGPVexKlEA%2FIkszfQ%2BzXNp272zMo69d0Q%3D
[运行时间：0.042000s] [吞吐率：23.81req/s] [内存消耗：1,310.59kb] [文件加载：39]
[ info ] [ LANG ] D:\PHP\WalletApp\WalletAppServer\thinkphp\lang\zh-cn.php
[ info ] [ ROUTE ] array (
  'type' => 'module',
  'module' => 
  array (
    0 => 'index',
    1 => 'Login',
    2 => 'login',
  ),
)
[ info ] [ HEADER ] array (
  'host' => '192.168.1.15:8087',
  'connection' => 'keep-alive',
  'upgrade-insecure-requests' => '1',
  'user-agent' => 'Mozilla/5.0 (iPhone; CPU iPhone OS 11_0 like Mac OS X) AppleWebKit/604.1.38 (KHTML, like Gecko) Version/11.0 Mobile/15A372 Safari/604.1',
  'accept' => 'text/html,application/xhtml+xml,application/xml;q=0.9,image/webp,image/apng,*/*;q=0.8',
  'accept-encoding' => 'gzip, deflate',
  'accept-language' => 'zh-CN,zh;q=0.9',
  'cookie' => 'PHPSESSID=jd9s58ad8gv06978rd37rd7rcs',
)
[ info ] [ PARAM ] array (
  'data' => 'JkhtiLXbeDoR0QLgVDbONeoFcKsHLPJHdX1v3sj7BELemxLfP0k664ZBQofoAW7Wa/YBLSjWGX8y3PvuPZn27hF5dMe453RRj6h0xq/fcyFP0HdkM5eSBw12p3cj5GEeSMjlsAfcx5bGPVexKlEA/IkszfQ+zXNp272zMo69d0Q=',
)
[ info ] [ RUN ] app\index\controller\Login->login[ D:\PHP\WalletApp\WalletAppServer\application\index\controller\Login.php ]
[ info ] [ SESSION ] INIT array (
  'id' => '',
  'var_session_id' => '',
  'prefix' => 'think',
  'type' => '',
  'auto_start' => true,
)
[ info ] [ LOG ] INIT File
---------------------------------------------------------------
[ 2018-12-28T18:06:54+08:00 ] 192.168.1.15 GET 192.168.1.15:8087/index/Login/login?data=JkhtiLXbeDoR0QLgVDbONeoFcKsHLPJHdX1v3sj7BELemxLfP0k664ZBQofoAW7Wa%2FYBLSjWGX8y3PvuPZn27hF5dMe453RRj6h0xq%2FfcyFP0HdkM5eSBw12p3cj5GEeSMjlsAfcx5bGPVexKlEA%2FIkszfQ%2BzXNp272zMo69d0Q%3D
[运行时间：0.040000s] [吞吐率：25.00req/s] [内存消耗：1,426.24kb] [文件加载：43]
[ info ] [ LANG ] D:\PHP\WalletApp\WalletAppServer\thinkphp\lang\zh-cn.php
[ info ] [ ROUTE ] array (
  'type' => 'module',
  'module' => 
  array (
    0 => 'index',
    1 => 'Login',
    2 => 'login',
  ),
)
[ info ] [ HEADER ] array (
  'host' => '192.168.1.15:8087',
  'connection' => 'keep-alive',
  'cache-control' => 'max-age=0',
  'upgrade-insecure-requests' => '1',
  'user-agent' => 'Mozilla/5.0 (iPhone; CPU iPhone OS 11_0 like Mac OS X) AppleWebKit/604.1.38 (KHTML, like Gecko) Version/11.0 Mobile/15A372 Safari/604.1',
  'accept' => 'text/html,application/xhtml+xml,application/xml;q=0.9,image/webp,image/apng,*/*;q=0.8',
  'accept-encoding' => 'gzip, deflate',
  'accept-language' => 'zh-CN,zh;q=0.9',
  'cookie' => 'PHPSESSID=jd9s58ad8gv06978rd37rd7rcs',
)
[ info ] [ PARAM ] array (
  'data' => 'JkhtiLXbeDoR0QLgVDbONeoFcKsHLPJHdX1v3sj7BELemxLfP0k664ZBQofoAW7Wa/YBLSjWGX8y3PvuPZn27hF5dMe453RRj6h0xq/fcyFP0HdkM5eSBw12p3cj5GEeSMjlsAfcx5bGPVexKlEA/IkszfQ+zXNp272zMo69d0Q=',
)
[ info ] [ RUN ] app\index\controller\Login->login[ D:\PHP\WalletApp\WalletAppServer\application\index\controller\Login.php ]
[ info ] [ SESSION ] INIT array (
  'id' => '',
  'var_session_id' => '',
  'prefix' => 'think',
  'type' => '',
  'auto_start' => true,
)
[ info ] [ LOG ] INIT File
[ error ] [0]致命错误: Class 'app\index\controller\Session' not found[D:\PHP\WalletApp\WalletAppServer\application\index\controller\Login.php:93]
---------------------------------------------------------------
[ 2018-12-28T18:07:59+08:00 ] 192.168.1.15 GET 192.168.1.15:8087/index/Login/login?data=JkhtiLXbeDoR0QLgVDbONeoFcKsHLPJHdX1v3sj7BELemxLfP0k664ZBQofoAW7Wa%2FYBLSjWGX8y3PvuPZn27hF5dMe453RRj6h0xq%2FfcyFP0HdkM5eSBw12p3cj5GEeSMjlsAfcx5bGPVexKlEA%2FIkszfQ%2BzXNp272zMo69d0Q%3D
[运行时间：0.070500s] [吞吐率：14.18req/s] [内存消耗：1,469.20kb] [文件加载：44]
[ info ] [ LANG ] D:\PHP\WalletApp\WalletAppServer\thinkphp\lang\zh-cn.php
[ info ] [ ROUTE ] array (
  'type' => 'module',
  'module' => 
  array (
    0 => 'index',
    1 => 'Login',
    2 => 'login',
  ),
)
[ info ] [ HEADER ] array (
  'host' => '192.168.1.15:8087',
  'connection' => 'keep-alive',
  'cache-control' => 'max-age=0',
  'upgrade-insecure-requests' => '1',
  'user-agent' => 'Mozilla/5.0 (iPhone; CPU iPhone OS 11_0 like Mac OS X) AppleWebKit/604.1.38 (KHTML, like Gecko) Version/11.0 Mobile/15A372 Safari/604.1',
  'accept' => 'text/html,application/xhtml+xml,application/xml;q=0.9,image/webp,image/apng,*/*;q=0.8',
  'accept-encoding' => 'gzip, deflate',
  'accept-language' => 'zh-CN,zh;q=0.9',
  'cookie' => 'PHPSESSID=jd9s58ad8gv06978rd37rd7rcs',
)
[ info ] [ PARAM ] array (
  'data' => 'JkhtiLXbeDoR0QLgVDbONeoFcKsHLPJHdX1v3sj7BELemxLfP0k664ZBQofoAW7Wa/YBLSjWGX8y3PvuPZn27hF5dMe453RRj6h0xq/fcyFP0HdkM5eSBw12p3cj5GEeSMjlsAfcx5bGPVexKlEA/IkszfQ+zXNp272zMo69d0Q=',
)
[ info ] [ RUN ] app\index\controller\Login->login[ D:\PHP\WalletApp\WalletAppServer\application\index\controller\Login.php ]
[ info ] [ SESSION ] INIT array (
  'id' => '',
  'var_session_id' => '',
  'prefix' => 'think',
  'type' => '',
  'auto_start' => true,
)
[ info ] [ LOG ] INIT File
[ error ] [64]Namespace declaration statement has to be the very first statement or after any declare call in the script[D:\PHP\WalletApp\WalletAppServer\application\index\model\SysUsers.php:3]
---------------------------------------------------------------
[ 2018-12-28T18:08:42+08:00 ] 192.168.1.15 GET 192.168.1.15:8087/index/Login/login?data=JkhtiLXbeDoR0QLgVDbONeoFcKsHLPJHdX1v3sj7BELemxLfP0k664ZBQofoAW7Wa%2FYBLSjWGX8y3PvuPZn27hF5dMe453RRj6h0xq%2FfcyFP0HdkM5eSBw12p3cj5GEeSMjlsAfcx5bGPVexKlEA%2FIkszfQ%2BzXNp272zMo69d0Q%3D
[运行时间：0.044500s] [吞吐率：22.47req/s] [内存消耗：1,311.37kb] [文件加载：39]
[ info ] [ LANG ] D:\PHP\WalletApp\WalletAppServer\thinkphp\lang\zh-cn.php
[ info ] [ ROUTE ] array (
  'type' => 'module',
  'module' => 
  array (
    0 => 'index',
    1 => 'Login',
    2 => 'login',
  ),
)
[ info ] [ HEADER ] array (
  'host' => '192.168.1.15:8087',
  'connection' => 'keep-alive',
  'cache-control' => 'max-age=0',
  'upgrade-insecure-requests' => '1',
  'user-agent' => 'Mozilla/5.0 (iPhone; CPU iPhone OS 11_0 like Mac OS X) AppleWebKit/604.1.38 (KHTML, like Gecko) Version/11.0 Mobile/15A372 Safari/604.1',
  'accept' => 'text/html,application/xhtml+xml,application/xml;q=0.9,image/webp,image/apng,*/*;q=0.8',
  'accept-encoding' => 'gzip, deflate',
  'accept-language' => 'zh-CN,zh;q=0.9',
  'cookie' => 'PHPSESSID=jd9s58ad8gv06978rd37rd7rcs',
)
[ info ] [ PARAM ] array (
  'data' => 'JkhtiLXbeDoR0QLgVDbONeoFcKsHLPJHdX1v3sj7BELemxLfP0k664ZBQofoAW7Wa/YBLSjWGX8y3PvuPZn27hF5dMe453RRj6h0xq/fcyFP0HdkM5eSBw12p3cj5GEeSMjlsAfcx5bGPVexKlEA/IkszfQ+zXNp272zMo69d0Q=',
)
[ info ] [ RUN ] app\index\controller\Login->login[ D:\PHP\WalletApp\WalletAppServer\application\index\controller\Login.php ]
[ info ] [ SESSION ] INIT array (
  'id' => '',
  'var_session_id' => '',
  'prefix' => 'think',
  'type' => '',
  'auto_start' => true,
)
[ info ] [ LOG ] INIT File
