---------------------------------------------------------------
[ 2019-02-12T17:50:17+08:00 ] 127.0.0.1 GET 127.0.0.1:8087/index/Index/test2
[运行时间：0.211000s] [吞吐率：4.74req/s] [内存消耗：2,191.48kb] [文件加载：48]
[ info ] [ LANG ] D:\PHP\WalletApp\WalletAppServer\thinkphp\lang\zh-cn.php
[ info ] [ ROUTE ] array (
  'type' => 'module',
  'module' => 
  array (
    0 => 'index',
    1 => 'Index',
    2 => 'test2',
  ),
)
[ info ] [ HEADER ] array (
  'host' => '127.0.0.1:8087',
  'user-agent' => 'Mozilla/5.0 (Windows NT 6.1; Win64; x64; rv:64.0) Gecko/20100101 Firefox/64.0',
  'accept' => 'text/html,application/xhtml+xml,application/xml;q=0.9,*/*;q=0.8',
  'accept-language' => 'zh-CN,zh;q=0.8,zh-TW;q=0.7,zh-HK;q=0.5,en-US;q=0.3,en;q=0.2',
  'accept-encoding' => 'gzip, deflate',
  'dnt' => '1',
  'connection' => 'keep-alive',
  'upgrade-insecure-requests' => '1',
  'pragma' => 'no-cache',
  'cache-control' => 'no-cache',
)
[ info ] [ PARAM ] array (
)
[ info ] [ DB ] INIT mysql
[ info ] [ RUN ] app\index\controller\Index->_empty[ D:\PHP\WalletApp\WalletAppServer\application\index\controller\Index.php ]
[ info ] [ LOG ] INIT File
