---------------------------------------------------------------
[ 2019-02-19T15:38:21+08:00 ] 192.168.1.107 POST 192.168.1.15:8087/index/Login/login
[运行时间：21.433000s] [吞吐率：0.05req/s] [内存消耗：2,257.29kb] [文件加载：48]
[ info ] [ LANG ] D:\PHP\WalletApp\WalletAppServer\thinkphp\lang\zh-cn.php
[ info ] [ ROUTE ] array (
  'type' => 'module',
  'module' => 
  array (
    0 => 'index',
    1 => 'Login',
    2 => 'login',
  ),
)
[ info ] [ HEADER ] array (
  'host' => '192.168.1.15:8087',
  'connection' => 'keep-alive',
  'content-length' => '251',
  'accept' => 'application/json',
  'origin' => 'file://',
  'x-requested-with' => 'XMLHttpRequest',
  'user-agent' => 'Mozilla/5.0 (Linux; Android 7.0; Redmi Note 4X Build/NRD90M; wv) AppleWebKit/537.36 (KHTML, like Gecko) Version/4.0 Chrome/64.0.3282.137 Mobile Safari/537.36 Html5Plus/1.0 (Immersed/20.0)',
  'content-type' => 'application/x-www-form-urlencoded',
  'accept-encoding' => 'gzip, deflate',
  'accept-language' => 'zh-CN,en-US;q=0.9',
  'cookie' => 'PHPSESSID=isibvhp3cg29928u9daj0026lm',
)
[ info ] [ PARAM ] array (
  'data' => 'LpDwbw1Cwbf+tDaU5mwRLaIc2qEEQmHIqZwKhPCiIcIHUnSicYBuDUuv0ymGdPundlafkOAdsQ/oGDdSZb1lCE97IGj8PDh76sXkArjudNGvLyZJKcHuNAipqT2flVoXPKDp9GW5bBgE6ptB0aNrs5S0HSK7po3O/K9s6OHcLcQ=',
  'phone' => '17855868623',
  'version' => '1.0',
  'login_device' => 'Android|7.0|Google',
)
[ info ] [ DB ] INIT mysql
[ info ] [ RUN ] app\index\controller\Login->login[ D:\PHP\WalletApp\WalletAppServer\application\index\controller\Login.php ]
[ info ] [ SESSION ] INIT array (
  'id' => '',
  'var_session_id' => '',
  'prefix' => 'think',
  'type' => '',
  'auto_start' => true,
)
[ info ] [ LOG ] INIT File
[ sql ] [ DB ] CONNECT:[ UseTime:0.010000s ] mysql:host=192.168.1.108;port=3306;dbname=yysy_wallet;charset=utf8
[ sql ] [ SQL ] SHOW COLUMNS FROM `sys_users` [ RunTime:0.004000s ]
[ sql ] [ SQL ] SELECT * FROM `sys_users` WHERE  `phone` = '17855868623' LIMIT 1 [ RunTime:0.003000s ]
[ sql ] [ SQL ] SELECT * FROM `sys_users` WHERE  `phone` = '17855868623'  AND `password` = 'e10adc3949ba59abbe56e057f20f883e' LIMIT 1 [ RunTime:0.003000s ]
[ sql ] [ SQL ] SELECT * FROM `sys_users` WHERE  `phone` = '17855868623' LIMIT 1 [ RunTime:0.002000s ]
---------------------------------------------------------------
[ 2019-02-19T16:39:33+08:00 ] 192.168.1.107 POST 192.168.1.15:8087/index/Index/ReceivedCoin
[运行时间：0.923000s] [吞吐率：1.08req/s] [内存消耗：2,333.45kb] [文件加载：55]
[ info ] [ LANG ] D:\PHP\WalletApp\WalletAppServer\thinkphp\lang\zh-cn.php
[ info ] [ ROUTE ] array (
  'type' => 'module',
  'module' => 
  array (
    0 => 'index',
    1 => 'Index',
    2 => 'ReceivedCoin',
  ),
)
[ info ] [ HEADER ] array (
  'host' => '192.168.1.15:8087',
  'connection' => 'keep-alive',
  'content-length' => '10',
  'accept' => 'application/json',
  'origin' => 'file://',
  'x-requested-with' => 'XMLHttpRequest',
  'user-agent' => 'Mozilla/5.0 (Linux; Android 7.0; Redmi Note 4X Build/NRD90M; wv) AppleWebKit/537.36 (KHTML, like Gecko) Version/4.0 Chrome/64.0.3282.137 Mobile Safari/537.36 Html5Plus/1.0 (Immersed/20.0)',
  'content-type' => 'application/x-www-form-urlencoded',
  'accept-encoding' => 'gzip, deflate',
  'accept-language' => 'zh-CN,en-US;q=0.9',
  'cookie' => 'PHPSESSID=isibvhp3cg29928u9daj0026lm',
)
[ info ] [ PARAM ] array (
  'symbol' => 'btc',
)
[ info ] [ DB ] INIT mysql
[ info ] [ RUN ] app\index\controller\Index->ReceivedCoin[ D:\PHP\WalletApp\WalletAppServer\application\index\controller\Index.php ]
[ info ] [ SESSION ] INIT array (
  'id' => '',
  'var_session_id' => '',
  'prefix' => 'think',
  'type' => '',
  'auto_start' => true,
)
[ info ] [ LOG ] INIT File
[ error ] [8]未定义数组索引: success[D:\PHP\WalletApp\WalletAppServer\application\index\controller\Index.php:89]
