---------------------------------------------------------------
[ 2019-02-22T09:41:17+08:00 ] 192.168.1.146 POST 192.168.1.15:8087/index/Login/login
[运行时间：0.128000s] [吞吐率：7.81req/s] [内存消耗：2,192.16kb] [文件加载：46]
[ info ] [ LANG ] D:\PHP\WalletApp\WalletAppServer\thinkphp\lang\zh-cn.php
[ info ] [ ROUTE ] array (
  'type' => 'module',
  'module' => 
  array (
    0 => 'index',
    1 => 'Login',
    2 => 'login',
  ),
)
[ info ] [ HEADER ] array (
  'host' => '192.168.1.15:8087',
  'content-type' => 'application/x-www-form-urlencoded',
  'origin' => 'file://',
  'content-length' => '249',
  'connection' => 'keep-alive',
  'accept' => 'application/json',
  'user-agent' => 'Mozilla/5.0 (iPhone; CPU iPhone OS 12_1 like Mac OS X) AppleWebKit/605.1.15 (KHTML, like Gecko) Mobile/16B91 Html5Plus/1.0',
  'accept-language' => 'en-us',
  'accept-encoding' => 'gzip, deflate',
  'x-requested-with' => 'XMLHttpRequest',
)
[ info ] [ PARAM ] array (
  'data' => 'aQ8JGlu1rWGYMXQ3hXsaFcTkpDGzGXxMZrTsqwWglOsSvmE7WBxtE8J6/K6zuEMIblsUdXu2P8ccPysXZcWZjGUXL1dXwKFEfyymcDZ6srS+F1GC3IlLNzEV+E5xyYoFjABQ+EG4DvUAqz8lTj1YbJxCM3r3NNMseRyqr6C39V4=',
  'phone' => '15158875646',
  'version' => '1.0',
  'login_device' => 'iOS|12.1|Apple',
)
[ info ] [ DB ] INIT mysql
[ info ] [ RUN ] app\index\controller\Login->login[ D:\PHP\WalletApp\WalletAppServer\application\index\controller\Login.php ]
[ info ] [ SESSION ] INIT array (
  'id' => '',
  'var_session_id' => '',
  'prefix' => 'think',
  'type' => '',
  'auto_start' => true,
)
[ info ] [ LOG ] INIT File
[ sql ] [ DB ] CONNECT:[ UseTime:0.012000s ] mysql:host=192.168.1.108;port=3306;dbname=yysy_wallet;charset=utf8
[ sql ] [ SQL ] SHOW COLUMNS FROM `sys_users` [ RunTime:0.004000s ]
[ sql ] [ SQL ] SELECT * FROM `sys_users` WHERE  `phone` = '15158875646' LIMIT 1 [ RunTime:0.002000s ]
[ sql ] [ SQL ] SELECT * FROM `sys_users` WHERE  `phone` = '15158875646'  AND `password` = '25d55ad283aa400af464c76d713c07ad' LIMIT 1 [ RunTime:0.003000s ]
---------------------------------------------------------------
[ 2019-02-22T09:41:26+08:00 ] 192.168.1.146 POST 192.168.1.15:8087/index/Login/login
[运行时间：21.396000s] [吞吐率：0.05req/s] [内存消耗：2,256.96kb] [文件加载：48]
[ info ] [ LANG ] D:\PHP\WalletApp\WalletAppServer\thinkphp\lang\zh-cn.php
[ info ] [ ROUTE ] array (
  'type' => 'module',
  'module' => 
  array (
    0 => 'index',
    1 => 'Login',
    2 => 'login',
  ),
)
[ info ] [ HEADER ] array (
  'host' => '192.168.1.15:8087',
  'content-type' => 'application/x-www-form-urlencoded',
  'origin' => 'file://',
  'content-length' => '249',
  'connection' => 'keep-alive',
  'accept' => 'application/json',
  'user-agent' => 'Mozilla/5.0 (iPhone; CPU iPhone OS 12_1 like Mac OS X) AppleWebKit/605.1.15 (KHTML, like Gecko) Mobile/16B91 Html5Plus/1.0',
  'accept-language' => 'en-us',
  'accept-encoding' => 'gzip, deflate',
  'x-requested-with' => 'XMLHttpRequest',
)
[ info ] [ PARAM ] array (
  'data' => 'j1Z+meBUZE+vzZiH1Y2t8ypWrgB1DMxYk4cgaskPjT2+GMD8sWRRW1CPLW1tYwEHqG6EOss7VQEWOVjwylPX9PhBj5QSwuaCRbYtynLlKiymwxQMoWSGcd0POsAMLJpyGfuDfpIwoG6qnnRIUKQtZC5hlr3Izvf5VdR+oujJmQs=',
  'phone' => '15158875646',
  'version' => '1.0',
  'login_device' => 'iOS|12.1|Apple',
)
[ info ] [ DB ] INIT mysql
[ info ] [ RUN ] app\index\controller\Login->login[ D:\PHP\WalletApp\WalletAppServer\application\index\controller\Login.php ]
[ info ] [ SESSION ] INIT array (
  'id' => '',
  'var_session_id' => '',
  'prefix' => 'think',
  'type' => '',
  'auto_start' => true,
)
[ info ] [ LOG ] INIT File
[ sql ] [ DB ] CONNECT:[ UseTime:0.014000s ] mysql:host=192.168.1.108;port=3306;dbname=yysy_wallet;charset=utf8
[ sql ] [ SQL ] SHOW COLUMNS FROM `sys_users` [ RunTime:0.026000s ]
[ sql ] [ SQL ] SELECT * FROM `sys_users` WHERE  `phone` = '15158875646' LIMIT 1 [ RunTime:0.004000s ]
[ sql ] [ SQL ] SELECT * FROM `sys_users` WHERE  `phone` = '15158875646'  AND `password` = 'e10adc3949ba59abbe56e057f20f883e' LIMIT 1 [ RunTime:0.003000s ]
[ sql ] [ SQL ] SELECT * FROM `sys_users` WHERE  `phone` = '15158875646' LIMIT 1 [ RunTime:0.003000s ]
---------------------------------------------------------------
[ 2019-02-22T09:41:28+08:00 ] 192.168.1.146 POST 192.168.1.15:8087/index/Login/login
[运行时间：21.338000s] [吞吐率：0.05req/s] [内存消耗：2,256.96kb] [文件加载：48]
[ info ] [ LANG ] D:\PHP\WalletApp\WalletAppServer\thinkphp\lang\zh-cn.php
[ info ] [ ROUTE ] array (
  'type' => 'module',
  'module' => 
  array (
    0 => 'index',
    1 => 'Login',
    2 => 'login',
  ),
)
[ info ] [ HEADER ] array (
  'host' => '192.168.1.15:8087',
  'content-type' => 'application/x-www-form-urlencoded',
  'origin' => 'file://',
  'content-length' => '257',
  'connection' => 'keep-alive',
  'accept' => 'application/json',
  'user-agent' => 'Mozilla/5.0 (iPhone; CPU iPhone OS 12_1 like Mac OS X) AppleWebKit/605.1.15 (KHTML, like Gecko) Mobile/16B91 Html5Plus/1.0',
  'accept-language' => 'en-us',
  'accept-encoding' => 'gzip, deflate',
  'x-requested-with' => 'XMLHttpRequest',
)
[ info ] [ PARAM ] array (
  'data' => 'DMriQitdqmilucCoT2DUixuSNrydavVzeyjYOW8im+dxLW4Ii5L9EGQ5tyoPIEl/tdnkeuQ8JzXLm5eSkphjkVtZalTNl4qzEv+Jqq+cMLUBfxKhA+8+5yC4f5unbO2UErlV6VgWkb00OmfV3/8emmmLUppEuuet+EWEZjMJ5C8=',
  'phone' => '15158875646',
  'version' => '1.0',
  'login_device' => 'iOS|12.1|Apple',
)
[ info ] [ DB ] INIT mysql
[ info ] [ RUN ] app\index\controller\Login->login[ D:\PHP\WalletApp\WalletAppServer\application\index\controller\Login.php ]
[ info ] [ SESSION ] INIT array (
  'id' => '',
  'var_session_id' => '',
  'prefix' => 'think',
  'type' => '',
  'auto_start' => true,
)
[ info ] [ LOG ] INIT File
[ sql ] [ DB ] CONNECT:[ UseTime:0.012000s ] mysql:host=192.168.1.108;port=3306;dbname=yysy_wallet;charset=utf8
[ sql ] [ SQL ] SHOW COLUMNS FROM `sys_users` [ RunTime:0.011000s ]
[ sql ] [ SQL ] SELECT * FROM `sys_users` WHERE  `phone` = '15158875646' LIMIT 1 [ RunTime:0.004000s ]
[ sql ] [ SQL ] SELECT * FROM `sys_users` WHERE  `phone` = '15158875646'  AND `password` = 'e10adc3949ba59abbe56e057f20f883e' LIMIT 1 [ RunTime:0.004000s ]
[ sql ] [ SQL ] SELECT * FROM `sys_users` WHERE  `phone` = '15158875646' LIMIT 1 [ RunTime:0.003000s ]
---------------------------------------------------------------
[ 2019-02-22T09:41:43+08:00 ] 192.168.1.146 POST 192.168.1.15:8087/index/Login/login
[运行时间：21.314000s] [吞吐率：0.05req/s] [内存消耗：2,257.25kb] [文件加载：48]
[ info ] [ LANG ] D:\PHP\WalletApp\WalletAppServer\thinkphp\lang\zh-cn.php
[ info ] [ ROUTE ] array (
  'type' => 'module',
  'module' => 
  array (
    0 => 'index',
    1 => 'Login',
    2 => 'login',
  ),
)
[ info ] [ HEADER ] array (
  'host' => '192.168.1.15:8087',
  'content-type' => 'application/x-www-form-urlencoded',
  'origin' => 'file://',
  'cookie' => 'PHPSESSID=p15el0bv4ivop7ilp69cdpkdql',
  'content-length' => '249',
  'connection' => 'keep-alive',
  'accept' => 'application/json',
  'user-agent' => 'Mozilla/5.0 (iPhone; CPU iPhone OS 12_1 like Mac OS X) AppleWebKit/605.1.15 (KHTML, like Gecko) Mobile/16B91 Html5Plus/1.0',
  'accept-language' => 'en-us',
  'accept-encoding' => 'gzip, deflate',
  'x-requested-with' => 'XMLHttpRequest',
)
[ info ] [ PARAM ] array (
  'data' => 'Av48riAM4H/Zoc5TugwioG7lZ4DEBfncWqCbDkQSJhmGmh+L3sKjWJWcUjC+LdkK062C0oNVTDEsSHDqCTyE59FB8C6ebMAuIoN8kXvkLMODR/a5dpfhbe56UcJWtZjTfJ0YNJoqjZiZjxUaRO9PtGGJ7EASVsT10YwKVtMU6iw=',
  'phone' => '15158875646',
  'version' => '1.0',
  'login_device' => 'iOS|12.1|Apple',
)
[ info ] [ DB ] INIT mysql
[ info ] [ RUN ] app\index\controller\Login->login[ D:\PHP\WalletApp\WalletAppServer\application\index\controller\Login.php ]
[ info ] [ SESSION ] INIT array (
  'id' => '',
  'var_session_id' => '',
  'prefix' => 'think',
  'type' => '',
  'auto_start' => true,
)
[ info ] [ LOG ] INIT File
[ sql ] [ DB ] CONNECT:[ UseTime:0.012000s ] mysql:host=192.168.1.108;port=3306;dbname=yysy_wallet;charset=utf8
[ sql ] [ SQL ] SHOW COLUMNS FROM `sys_users` [ RunTime:0.004000s ]
[ sql ] [ SQL ] SELECT * FROM `sys_users` WHERE  `phone` = '15158875646' LIMIT 1 [ RunTime:0.003000s ]
[ sql ] [ SQL ] SELECT * FROM `sys_users` WHERE  `phone` = '15158875646'  AND `password` = 'e10adc3949ba59abbe56e057f20f883e' LIMIT 1 [ RunTime:0.003000s ]
[ sql ] [ SQL ] SELECT * FROM `sys_users` WHERE  `phone` = '15158875646' LIMIT 1 [ RunTime:0.003000s ]
---------------------------------------------------------------
[ 2019-02-22T09:41:59+08:00 ] 192.168.1.146 POST 192.168.1.15:8087/index/Login/login
[运行时间：9.342000s] [吞吐率：0.11req/s] [内存消耗：2,320.41kb] [文件加载：57]
[ info ] [ LANG ] D:\PHP\WalletApp\WalletAppServer\thinkphp\lang\zh-cn.php
[ info ] [ ROUTE ] array (
  'type' => 'module',
  'module' => 
  array (
    0 => 'index',
    1 => 'Login',
    2 => 'login',
  ),
)
[ info ] [ HEADER ] array (
  'host' => '192.168.1.15:8087',
  'content-type' => 'application/x-www-form-urlencoded',
  'origin' => 'file://',
  'cookie' => 'PHPSESSID=p15el0bv4ivop7ilp69cdpkdql',
  'content-length' => '255',
  'connection' => 'keep-alive',
  'accept' => 'application/json',
  'user-agent' => 'Mozilla/5.0 (iPhone; CPU iPhone OS 12_1 like Mac OS X) AppleWebKit/605.1.15 (KHTML, like Gecko) Mobile/16B91 Html5Plus/1.0',
  'accept-language' => 'en-us',
  'accept-encoding' => 'gzip, deflate',
  'x-requested-with' => 'XMLHttpRequest',
)
[ info ] [ PARAM ] array (
  'data' => 'MerUWL+dWIrOvrvKcBZ/0OOW0BWSJspu0FJGHgzcrjJu3L5DR5UYdUflHZoBGYF+l3NcPPpiLkQ01HWwmjUGkj/GfQkycPCMp+APjqtACyfFQMhkgc8q0rkPWdClFdQX4iqYI0gO6pOwV50dbgKd+PeQcYZ+mNupRkzSRYcngNw=',
  'phone' => '15158875646',
  'version' => '1.0',
  'login_device' => 'iOS|12.1|Apple',
)
[ info ] [ DB ] INIT mysql
[ info ] [ RUN ] app\index\controller\Login->login[ D:\PHP\WalletApp\WalletAppServer\application\index\controller\Login.php ]
[ info ] [ SESSION ] INIT array (
  'id' => '',
  'var_session_id' => '',
  'prefix' => 'think',
  'type' => '',
  'auto_start' => true,
)
[ info ] [ CACHE ] INIT File
[ info ] [ LOG ] INIT File
[ sql ] [ DB ] CONNECT:[ UseTime:0.012000s ] mysql:host=192.168.1.108;port=3306;dbname=yysy_wallet;charset=utf8
[ sql ] [ SQL ] SHOW COLUMNS FROM `sys_users` [ RunTime:0.005000s ]
[ sql ] [ SQL ] SELECT * FROM `sys_users` WHERE  `phone` = '15158875646' LIMIT 1 [ RunTime:0.002000s ]
[ sql ] [ SQL ] SELECT * FROM `sys_users` WHERE  `phone` = '15158875646'  AND `password` = 'e10adc3949ba59abbe56e057f20f883e' LIMIT 1 [ RunTime:0.002000s ]
[ sql ] [ SQL ] SELECT * FROM `sys_users` WHERE  `phone` = '15158875646' LIMIT 1 [ RunTime:0.004000s ]
[ error ] [10501]SQLSTATE[01000]: Warning: 1265 Data truncated for column 'last_online_ip' at row 1[D:\PHP\WalletApp\WalletAppServer\thinkphp\library\think\db\Connection.php:453]
---------------------------------------------------------------
[ 2019-02-22T09:42:02+08:00 ] 192.168.1.146 POST 192.168.1.15:8087/index/Login/login
[运行时间：0.150000s] [吞吐率：6.67req/s] [内存消耗：2,320.41kb] [文件加载：57]
[ info ] [ LANG ] D:\PHP\WalletApp\WalletAppServer\thinkphp\lang\zh-cn.php
[ info ] [ ROUTE ] array (
  'type' => 'module',
  'module' => 
  array (
    0 => 'index',
    1 => 'Login',
    2 => 'login',
  ),
)
[ info ] [ HEADER ] array (
  'host' => '192.168.1.15:8087',
  'content-type' => 'application/x-www-form-urlencoded',
  'origin' => 'file://',
  'cookie' => 'PHPSESSID=p15el0bv4ivop7ilp69cdpkdql',
  'content-length' => '253',
  'connection' => 'keep-alive',
  'accept' => 'application/json',
  'user-agent' => 'Mozilla/5.0 (iPhone; CPU iPhone OS 12_1 like Mac OS X) AppleWebKit/605.1.15 (KHTML, like Gecko) Mobile/16B91 Html5Plus/1.0',
  'accept-language' => 'en-us',
  'accept-encoding' => 'gzip, deflate',
  'x-requested-with' => 'XMLHttpRequest',
)
[ info ] [ PARAM ] array (
  'data' => 'd2J0m/4PsXB2rZNe5nDQ6davIrOzdl+afbpUmKDK0r71KVk/ydFbSES6ToMIAnzyO4Pf1/CWxTpKZIzswHf3auKO9ktIafEEEsyh+q10ckcNSBWRYOwZHRsmXDjJ8USasOoIe2gOYvxZ3yiqR4eCwg5baqrEuA1QnhV+kznTHLY=',
  'phone' => '15158875646',
  'version' => '1.0',
  'login_device' => 'iOS|12.1|Apple',
)
[ info ] [ DB ] INIT mysql
[ info ] [ RUN ] app\index\controller\Login->login[ D:\PHP\WalletApp\WalletAppServer\application\index\controller\Login.php ]
[ info ] [ SESSION ] INIT array (
  'id' => '',
  'var_session_id' => '',
  'prefix' => 'think',
  'type' => '',
  'auto_start' => true,
)
[ info ] [ CACHE ] INIT File
[ info ] [ LOG ] INIT File
[ sql ] [ DB ] CONNECT:[ UseTime:0.012000s ] mysql:host=192.168.1.108;port=3306;dbname=yysy_wallet;charset=utf8
[ sql ] [ SQL ] SHOW COLUMNS FROM `sys_users` [ RunTime:0.006000s ]
[ sql ] [ SQL ] SELECT * FROM `sys_users` WHERE  `phone` = '15158875646' LIMIT 1 [ RunTime:0.004000s ]
[ sql ] [ SQL ] SELECT * FROM `sys_users` WHERE  `phone` = '15158875646'  AND `password` = 'e10adc3949ba59abbe56e057f20f883e' LIMIT 1 [ RunTime:0.003000s ]
[ sql ] [ SQL ] SELECT * FROM `sys_users` WHERE  `phone` = '15158875646' LIMIT 1 [ RunTime:0.003000s ]
[ error ] [10501]SQLSTATE[01000]: Warning: 1265 Data truncated for column 'last_online_ip' at row 1[D:\PHP\WalletApp\WalletAppServer\thinkphp\library\think\db\Connection.php:453]
---------------------------------------------------------------
[ 2019-02-22T09:42:11+08:00 ] 192.168.1.146 POST 192.168.1.15:8087/index/Login/login
[运行时间：0.116000s] [吞吐率：8.62req/s] [内存消耗：2,320.41kb] [文件加载：57]
[ info ] [ LANG ] D:\PHP\WalletApp\WalletAppServer\thinkphp\lang\zh-cn.php
[ info ] [ ROUTE ] array (
  'type' => 'module',
  'module' => 
  array (
    0 => 'index',
    1 => 'Login',
    2 => 'login',
  ),
)
[ info ] [ HEADER ] array (
  'host' => '192.168.1.15:8087',
  'content-type' => 'application/x-www-form-urlencoded',
  'origin' => 'file://',
  'cookie' => 'PHPSESSID=p15el0bv4ivop7ilp69cdpkdql',
  'content-length' => '253',
  'connection' => 'keep-alive',
  'accept' => 'application/json',
  'user-agent' => 'Mozilla/5.0 (iPhone; CPU iPhone OS 12_1 like Mac OS X) AppleWebKit/605.1.15 (KHTML, like Gecko) Mobile/16B91 Html5Plus/1.0',
  'accept-language' => 'en-us',
  'accept-encoding' => 'gzip, deflate',
  'x-requested-with' => 'XMLHttpRequest',
)
[ info ] [ PARAM ] array (
  'data' => 'kU5dAI/OcFW5PwMurwwm5uulIBmJJh/gf9aGGfE3gvbs8Va5KwUyxnvlqoA9fXmIsWBD0eLEZHfzN7jqVinzBi99eF2W4NRvkgBTjiJw9Bf5ng+5DmwmugB/KBzYW5cNSwulmBT/guhE/LTCi5oAS2mmy92n9oGSxVqRMioXo9g=',
  'phone' => '15158875646',
  'version' => '1.0',
  'login_device' => 'iOS|12.1|Apple',
)
[ info ] [ DB ] INIT mysql
[ info ] [ RUN ] app\index\controller\Login->login[ D:\PHP\WalletApp\WalletAppServer\application\index\controller\Login.php ]
[ info ] [ SESSION ] INIT array (
  'id' => '',
  'var_session_id' => '',
  'prefix' => 'think',
  'type' => '',
  'auto_start' => true,
)
[ info ] [ CACHE ] INIT File
[ info ] [ LOG ] INIT File
[ sql ] [ DB ] CONNECT:[ UseTime:0.012000s ] mysql:host=192.168.1.108;port=3306;dbname=yysy_wallet;charset=utf8
[ sql ] [ SQL ] SHOW COLUMNS FROM `sys_users` [ RunTime:0.007000s ]
[ sql ] [ SQL ] SELECT * FROM `sys_users` WHERE  `phone` = '15158875646' LIMIT 1 [ RunTime:0.004000s ]
[ sql ] [ SQL ] SELECT * FROM `sys_users` WHERE  `phone` = '15158875646'  AND `password` = 'e10adc3949ba59abbe56e057f20f883e' LIMIT 1 [ RunTime:0.003000s ]
[ sql ] [ SQL ] SELECT * FROM `sys_users` WHERE  `phone` = '15158875646' LIMIT 1 [ RunTime:0.003000s ]
[ error ] [10501]SQLSTATE[01000]: Warning: 1265 Data truncated for column 'last_online_ip' at row 1[D:\PHP\WalletApp\WalletAppServer\thinkphp\library\think\db\Connection.php:453]
---------------------------------------------------------------
[ 2019-02-22T09:42:21+08:00 ] 192.168.1.146 POST 192.168.1.15:8087/index/Login/login
[运行时间：0.143000s] [吞吐率：6.99req/s] [内存消耗：2,320.41kb] [文件加载：57]
[ info ] [ LANG ] D:\PHP\WalletApp\WalletAppServer\thinkphp\lang\zh-cn.php
[ info ] [ ROUTE ] array (
  'type' => 'module',
  'module' => 
  array (
    0 => 'index',
    1 => 'Login',
    2 => 'login',
  ),
)
[ info ] [ HEADER ] array (
  'host' => '192.168.1.15:8087',
  'content-type' => 'application/x-www-form-urlencoded',
  'origin' => 'file://',
  'cookie' => 'PHPSESSID=p15el0bv4ivop7ilp69cdpkdql',
  'content-length' => '257',
  'connection' => 'keep-alive',
  'accept' => 'application/json',
  'user-agent' => 'Mozilla/5.0 (iPhone; CPU iPhone OS 12_1 like Mac OS X) AppleWebKit/605.1.15 (KHTML, like Gecko) Mobile/16B91 Html5Plus/1.0',
  'accept-language' => 'en-us',
  'accept-encoding' => 'gzip, deflate',
  'x-requested-with' => 'XMLHttpRequest',
)
[ info ] [ PARAM ] array (
  'data' => 'AoPnlUzTD9y+r6564wS+ksqf1lAaUePwz67IMWS03fDzz6jlxkCUgnSADfavPvHrPnOFeSvazX/ZAexlYPTMRLCpk79S8lGpJP/nnSATl15zxA2/aJTCbgZCHN+vouNxqLC06/+srJLstKLIkiV5HGrnulwZCwk0I2duWMMfGjw=',
  'phone' => '15158875646',
  'version' => '1.0',
  'login_device' => 'iOS|12.1|Apple',
)
[ info ] [ DB ] INIT mysql
[ info ] [ RUN ] app\index\controller\Login->login[ D:\PHP\WalletApp\WalletAppServer\application\index\controller\Login.php ]
[ info ] [ SESSION ] INIT array (
  'id' => '',
  'var_session_id' => '',
  'prefix' => 'think',
  'type' => '',
  'auto_start' => true,
)
[ info ] [ CACHE ] INIT File
[ info ] [ LOG ] INIT File
[ sql ] [ DB ] CONNECT:[ UseTime:0.012000s ] mysql:host=192.168.1.108;port=3306;dbname=yysy_wallet;charset=utf8
[ sql ] [ SQL ] SHOW COLUMNS FROM `sys_users` [ RunTime:0.012000s ]
[ sql ] [ SQL ] SELECT * FROM `sys_users` WHERE  `phone` = '15158875646' LIMIT 1 [ RunTime:0.005000s ]
[ sql ] [ SQL ] SELECT * FROM `sys_users` WHERE  `phone` = '15158875646'  AND `password` = 'e10adc3949ba59abbe56e057f20f883e' LIMIT 1 [ RunTime:0.004000s ]
[ sql ] [ SQL ] SELECT * FROM `sys_users` WHERE  `phone` = '15158875646' LIMIT 1 [ RunTime:0.004000s ]
[ error ] [10501]SQLSTATE[01000]: Warning: 1265 Data truncated for column 'last_online_ip' at row 1[D:\PHP\WalletApp\WalletAppServer\thinkphp\library\think\db\Connection.php:453]
---------------------------------------------------------------
[ 2019-02-22T09:42:59+08:00 ] 192.168.1.146 POST 192.168.1.15:8087/index/Login/login
[运行时间：0.129000s] [吞吐率：7.75req/s] [内存消耗：2,320.41kb] [文件加载：57]
[ info ] [ LANG ] D:\PHP\WalletApp\WalletAppServer\thinkphp\lang\zh-cn.php
[ info ] [ ROUTE ] array (
  'type' => 'module',
  'module' => 
  array (
    0 => 'index',
    1 => 'Login',
    2 => 'login',
  ),
)
[ info ] [ HEADER ] array (
  'host' => '192.168.1.15:8087',
  'content-type' => 'application/x-www-form-urlencoded',
  'origin' => 'file://',
  'cookie' => 'PHPSESSID=p15el0bv4ivop7ilp69cdpkdql',
  'content-length' => '259',
  'connection' => 'keep-alive',
  'accept' => 'application/json',
  'user-agent' => 'Mozilla/5.0 (iPhone; CPU iPhone OS 12_1 like Mac OS X) AppleWebKit/605.1.15 (KHTML, like Gecko) Mobile/16B91 Html5Plus/1.0',
  'accept-language' => 'en-us',
  'accept-encoding' => 'gzip, deflate',
  'x-requested-with' => 'XMLHttpRequest',
)
[ info ] [ PARAM ] array (
  'data' => 'NGDq1ucwe+wAhJH1w6nqtnA6ldKxRKS+vaSkuG3uB8lv3o/EjXGxgwSgNBcXDl3rII2Fn7N6hy3+4WTHQAy1o1qvw/nReWP2Z0NZjAL0uR/fwZO+m6cruxpaW2pvAf0faw96iFoA/y2EyWsBYXq3PNzpNG3PjWwWQZFj/FavJBo=',
  'phone' => '15158875646',
  'version' => '1.0',
  'login_device' => 'iOS|12.1|Apple',
)
[ info ] [ DB ] INIT mysql
[ info ] [ RUN ] app\index\controller\Login->login[ D:\PHP\WalletApp\WalletAppServer\application\index\controller\Login.php ]
[ info ] [ SESSION ] INIT array (
  'id' => '',
  'var_session_id' => '',
  'prefix' => 'think',
  'type' => '',
  'auto_start' => true,
)
[ info ] [ CACHE ] INIT File
[ info ] [ LOG ] INIT File
[ sql ] [ DB ] CONNECT:[ UseTime:0.012000s ] mysql:host=192.168.1.108;port=3306;dbname=yysy_wallet;charset=utf8
[ sql ] [ SQL ] SHOW COLUMNS FROM `sys_users` [ RunTime:0.007000s ]
[ sql ] [ SQL ] SELECT * FROM `sys_users` WHERE  `phone` = '15158875646' LIMIT 1 [ RunTime:0.003000s ]
[ sql ] [ SQL ] SELECT * FROM `sys_users` WHERE  `phone` = '15158875646'  AND `password` = 'e10adc3949ba59abbe56e057f20f883e' LIMIT 1 [ RunTime:0.003000s ]
[ sql ] [ SQL ] SELECT * FROM `sys_users` WHERE  `phone` = '15158875646' LIMIT 1 [ RunTime:0.003000s ]
[ error ] [10501]SQLSTATE[01000]: Warning: 1265 Data truncated for column 'last_online_ip' at row 1[D:\PHP\WalletApp\WalletAppServer\thinkphp\library\think\db\Connection.php:453]
---------------------------------------------------------------
[ 2019-02-22T09:43:19+08:00 ] 192.168.1.146 POST 192.168.1.15:8087/index/Login/login
[运行时间：0.160000s] [吞吐率：6.25req/s] [内存消耗：2,320.41kb] [文件加载：57]
[ info ] [ LANG ] D:\PHP\WalletApp\WalletAppServer\thinkphp\lang\zh-cn.php
[ info ] [ ROUTE ] array (
  'type' => 'module',
  'module' => 
  array (
    0 => 'index',
    1 => 'Login',
    2 => 'login',
  ),
)
[ info ] [ HEADER ] array (
  'host' => '192.168.1.15:8087',
  'content-type' => 'application/x-www-form-urlencoded',
  'origin' => 'file://',
  'cookie' => 'PHPSESSID=p15el0bv4ivop7ilp69cdpkdql',
  'content-length' => '255',
  'connection' => 'keep-alive',
  'accept' => 'application/json',
  'user-agent' => 'Mozilla/5.0 (iPhone; CPU iPhone OS 12_1 like Mac OS X) AppleWebKit/605.1.15 (KHTML, like Gecko) Mobile/16B91 Html5Plus/1.0',
  'accept-language' => 'en-us',
  'accept-encoding' => 'gzip, deflate',
  'x-requested-with' => 'XMLHttpRequest',
)
[ info ] [ PARAM ] array (
  'data' => 'ZWvk9myh52oOtjeY/ODsrS3kLTQ0w9Zt4SuO1yTrHK3EJ/GOeGH9g+Cn3LjajQVcs3hdGOKtDgvTvUqqvo4HWN+ZCAvjzcdSiRGJmuPW2ek4F8QxhsHbItZ1VkELMVVm7rbv/cWr0ikfYt5tGvDakui+XuYa/OfJYDEprf240Yk=',
  'phone' => '15158875646',
  'version' => '1.0',
  'login_device' => 'iOS|12.1|Apple',
)
[ info ] [ DB ] INIT mysql
[ info ] [ RUN ] app\index\controller\Login->login[ D:\PHP\WalletApp\WalletAppServer\application\index\controller\Login.php ]
[ info ] [ SESSION ] INIT array (
  'id' => '',
  'var_session_id' => '',
  'prefix' => 'think',
  'type' => '',
  'auto_start' => true,
)
[ info ] [ CACHE ] INIT File
[ info ] [ LOG ] INIT File
[ sql ] [ DB ] CONNECT:[ UseTime:0.019000s ] mysql:host=192.168.1.108;port=3306;dbname=yysy_wallet;charset=utf8
[ sql ] [ SQL ] SHOW COLUMNS FROM `sys_users` [ RunTime:0.014000s ]
[ sql ] [ SQL ] SELECT * FROM `sys_users` WHERE  `phone` = '15158875646' LIMIT 1 [ RunTime:0.004000s ]
[ sql ] [ SQL ] SELECT * FROM `sys_users` WHERE  `phone` = '15158875646'  AND `password` = 'e10adc3949ba59abbe56e057f20f883e' LIMIT 1 [ RunTime:0.005000s ]
[ sql ] [ SQL ] SELECT * FROM `sys_users` WHERE  `phone` = '15158875646' LIMIT 1 [ RunTime:0.003000s ]
[ error ] [10501]SQLSTATE[01000]: Warning: 1265 Data truncated for column 'last_online_ip' at row 1[D:\PHP\WalletApp\WalletAppServer\thinkphp\library\think\db\Connection.php:453]
---------------------------------------------------------------
[ 2019-02-22T09:43:40+08:00 ] 192.168.1.15 POST 192.168.1.15:8087/index/Login/login
[运行时间：0.102000s] [吞吐率：9.80req/s] [内存消耗：2,194.32kb] [文件加载：46]
[ info ] [ LANG ] D:\PHP\WalletApp\WalletAppServer\thinkphp\lang\zh-cn.php
[ info ] [ ROUTE ] array (
  'type' => 'module',
  'module' => 
  array (
    0 => 'index',
    1 => 'Login',
    2 => 'login',
  ),
)
[ info ] [ HEADER ] array (
  'host' => '192.168.1.15:8087',
  'connection' => 'keep-alive',
  'content-length' => '253',
  'accept' => 'application/json',
  'origin' => 'file://',
  'x-requested-with' => 'XMLHttpRequest',
  'user-agent' => 'Mozilla/5.0 (Linux; Android 7.0; Redmi Note 4X Build/NRD90M; wv) AppleWebKit/537.36 (KHTML, like Gecko) Version/4.0 Chrome/64.0.3282.137 Mobile Safari/537.36 Html5Plus/1.0 (Immersed/20.0)',
  'content-type' => 'application/x-www-form-urlencoded',
  'accept-encoding' => 'gzip, deflate',
  'accept-language' => 'zh-CN,en-US;q=0.9',
  'cookie' => 'PHPSESSID=isibvhp3cg29928u9daj0026lm',
)
[ info ] [ PARAM ] array (
  'data' => 'b3vWxEoQkZuVkm6YnIhUabWCIqqWVa1TNnL+KJ74pCRkTAsRynSdv7VG5sj3hHc898uI2qiZHX3Yn2KESShg7s6DA3gGGx5lDxyo7OcGQ+TKBSo3X6rVrVWAE5pPYGIlV2vFo4J7vqjrBGxDVtn/P3o/BXTfD9aQCzqHvr5aDFc=',
  'phone' => '17855868623',
  'version' => '1.0',
  'login_device' => 'Android|7.0|Google',
)
[ info ] [ DB ] INIT mysql
[ info ] [ RUN ] app\index\controller\Login->login[ D:\PHP\WalletApp\WalletAppServer\application\index\controller\Login.php ]
[ info ] [ SESSION ] INIT array (
  'id' => '',
  'var_session_id' => '',
  'prefix' => 'think',
  'type' => '',
  'auto_start' => true,
)
[ info ] [ LOG ] INIT File
[ sql ] [ DB ] CONNECT:[ UseTime:0.004000s ] mysql:host=192.168.1.108;port=3306;dbname=yysy_wallet;charset=utf8
[ sql ] [ SQL ] SHOW COLUMNS FROM `sys_users` [ RunTime:0.005000s ]
[ sql ] [ SQL ] SELECT * FROM `sys_users` WHERE  `phone` = '17855868623' LIMIT 1 [ RunTime:0.002000s ]
[ sql ] [ SQL ] SELECT * FROM `sys_users` WHERE  `phone` = '17855868623'  AND `password` = 'e10adc3949ba59abbe56e057f20f883e' LIMIT 1 [ RunTime:0.002000s ]
---------------------------------------------------------------
[ 2019-02-22T09:43:54+08:00 ] 192.168.1.146 POST 192.168.1.15:8087/index/Login/login
[运行时间：0.131000s] [吞吐率：7.63req/s] [内存消耗：2,320.41kb] [文件加载：57]
[ info ] [ LANG ] D:\PHP\WalletApp\WalletAppServer\thinkphp\lang\zh-cn.php
[ info ] [ ROUTE ] array (
  'type' => 'module',
  'module' => 
  array (
    0 => 'index',
    1 => 'Login',
    2 => 'login',
  ),
)
[ info ] [ HEADER ] array (
  'host' => '192.168.1.15:8087',
  'content-type' => 'application/x-www-form-urlencoded',
  'origin' => 'file://',
  'cookie' => 'PHPSESSID=p15el0bv4ivop7ilp69cdpkdql',
  'content-length' => '251',
  'connection' => 'keep-alive',
  'accept' => 'application/json',
  'user-agent' => 'Mozilla/5.0 (iPhone; CPU iPhone OS 12_1 like Mac OS X) AppleWebKit/605.1.15 (KHTML, like Gecko) Mobile/16B91 Html5Plus/1.0',
  'accept-language' => 'en-us',
  'accept-encoding' => 'gzip, deflate',
  'x-requested-with' => 'XMLHttpRequest',
)
[ info ] [ PARAM ] array (
  'data' => 'mm8VHFZz6h0L9Onv9oDIdOi14FY8qbiy4iz6MOuFRsngUHhIJLfVLWCN2Ynnna/ICvTzSWF5aGoQIfucqfSWPIud/7myjPAO+UeD1QZBO6ep3Qeko/Ukt7nhqSoZU/3rmVwkXN5TtM2ozQ6yNjQhcWZPsz1mhvwtTtPRr8XoXlI=',
  'phone' => '15158875646',
  'version' => '1.0',
  'login_device' => 'iOS|12.1|Apple',
)
[ info ] [ DB ] INIT mysql
[ info ] [ RUN ] app\index\controller\Login->login[ D:\PHP\WalletApp\WalletAppServer\application\index\controller\Login.php ]
[ info ] [ SESSION ] INIT array (
  'id' => '',
  'var_session_id' => '',
  'prefix' => 'think',
  'type' => '',
  'auto_start' => true,
)
[ info ] [ CACHE ] INIT File
[ info ] [ LOG ] INIT File
[ sql ] [ DB ] CONNECT:[ UseTime:0.012000s ] mysql:host=192.168.1.108;port=3306;dbname=yysy_wallet;charset=utf8
[ sql ] [ SQL ] SHOW COLUMNS FROM `sys_users` [ RunTime:0.004000s ]
[ sql ] [ SQL ] SELECT * FROM `sys_users` WHERE  `phone` = '15158875646' LIMIT 1 [ RunTime:0.003000s ]
[ sql ] [ SQL ] SELECT * FROM `sys_users` WHERE  `phone` = '15158875646'  AND `password` = 'e10adc3949ba59abbe56e057f20f883e' LIMIT 1 [ RunTime:0.003000s ]
[ sql ] [ SQL ] SELECT * FROM `sys_users` WHERE  `phone` = '15158875646' LIMIT 1 [ RunTime:0.003000s ]
[ error ] [10501]SQLSTATE[01000]: Warning: 1265 Data truncated for column 'last_online_ip' at row 1[D:\PHP\WalletApp\WalletAppServer\thinkphp\library\think\db\Connection.php:453]
---------------------------------------------------------------
[ 2019-02-22T09:43:56+08:00 ] 192.168.1.146 POST 192.168.1.15:8087/index/Login/login
[运行时间：0.118000s] [吞吐率：8.47req/s] [内存消耗：2,320.41kb] [文件加载：57]
[ info ] [ LANG ] D:\PHP\WalletApp\WalletAppServer\thinkphp\lang\zh-cn.php
[ info ] [ ROUTE ] array (
  'type' => 'module',
  'module' => 
  array (
    0 => 'index',
    1 => 'Login',
    2 => 'login',
  ),
)
[ info ] [ HEADER ] array (
  'host' => '192.168.1.15:8087',
  'content-type' => 'application/x-www-form-urlencoded',
  'origin' => 'file://',
  'cookie' => 'PHPSESSID=p15el0bv4ivop7ilp69cdpkdql',
  'content-length' => '259',
  'connection' => 'keep-alive',
  'accept' => 'application/json',
  'user-agent' => 'Mozilla/5.0 (iPhone; CPU iPhone OS 12_1 like Mac OS X) AppleWebKit/605.1.15 (KHTML, like Gecko) Mobile/16B91 Html5Plus/1.0',
  'accept-language' => 'en-us',
  'accept-encoding' => 'gzip, deflate',
  'x-requested-with' => 'XMLHttpRequest',
)
[ info ] [ PARAM ] array (
  'data' => 'XKEP4ux5DcbXxSTOncBEzxg1W/ozJcgtl9vioE2Wq+TAI+88p6/h6APwhy/KcINVkMxtkm4bznYOZ6kpOFq01NFW/IuZAjO/pnzMPWBv+LmOskp5AHgW1x0EU9hMJGlSHzgnRgL8rqC3elkzo5eheCj0j6bKqFb+oA6xhrUxvaI=',
  'phone' => '15158875646',
  'version' => '1.0',
  'login_device' => 'iOS|12.1|Apple',
)
[ info ] [ DB ] INIT mysql
[ info ] [ RUN ] app\index\controller\Login->login[ D:\PHP\WalletApp\WalletAppServer\application\index\controller\Login.php ]
[ info ] [ SESSION ] INIT array (
  'id' => '',
  'var_session_id' => '',
  'prefix' => 'think',
  'type' => '',
  'auto_start' => true,
)
[ info ] [ CACHE ] INIT File
[ info ] [ LOG ] INIT File
[ sql ] [ DB ] CONNECT:[ UseTime:0.003000s ] mysql:host=192.168.1.108;port=3306;dbname=yysy_wallet;charset=utf8
[ sql ] [ SQL ] SHOW COLUMNS FROM `sys_users` [ RunTime:0.004000s ]
[ sql ] [ SQL ] SELECT * FROM `sys_users` WHERE  `phone` = '15158875646' LIMIT 1 [ RunTime:0.003000s ]
[ sql ] [ SQL ] SELECT * FROM `sys_users` WHERE  `phone` = '15158875646'  AND `password` = 'e10adc3949ba59abbe56e057f20f883e' LIMIT 1 [ RunTime:0.001000s ]
[ sql ] [ SQL ] SELECT * FROM `sys_users` WHERE  `phone` = '15158875646' LIMIT 1 [ RunTime:0.002000s ]
[ error ] [10501]SQLSTATE[01000]: Warning: 1265 Data truncated for column 'last_online_ip' at row 1[D:\PHP\WalletApp\WalletAppServer\thinkphp\library\think\db\Connection.php:453]
---------------------------------------------------------------
[ 2019-02-22T09:44:14+08:00 ] 192.168.1.146 POST 192.168.1.15:8087/index/Login/login
[运行时间：0.130000s] [吞吐率：7.69req/s] [内存消耗：2,319.55kb] [文件加载：57]
[ info ] [ LANG ] D:\PHP\WalletApp\WalletAppServer\thinkphp\lang\zh-cn.php
[ info ] [ ROUTE ] array (
  'type' => 'module',
  'module' => 
  array (
    0 => 'index',
    1 => 'Login',
    2 => 'login',
  ),
)
[ info ] [ HEADER ] array (
  'host' => '192.168.1.15:8087',
  'content-type' => 'application/x-www-form-urlencoded',
  'origin' => 'file://',
  'content-length' => '259',
  'connection' => 'keep-alive',
  'accept' => 'application/json',
  'user-agent' => 'Mozilla/5.0 (iPhone; CPU iPhone OS 12_1 like Mac OS X) AppleWebKit/605.1.15 (KHTML, like Gecko) Mobile/16B91 Html5Plus/1.0',
  'accept-language' => 'en-us',
  'accept-encoding' => 'gzip, deflate',
  'x-requested-with' => 'XMLHttpRequest',
)
[ info ] [ PARAM ] array (
  'data' => 'OiekTsE7EKqo3WZwE6NLeLWWmMFzCojBKOPeM1RM+S1Jg803/evqrZHwS+bWqPUoWiKdp7T3BNW//r2yykzadVEZdLJQmi0qMIYckoOx4hFzIE+4eH+hESCsHREMTKFwI3JuAocfwAIQiLGkI8llRwo/+i57UEsA8cenYgS447g=',
  'phone' => '15158875646',
  'version' => '1.0',
  'login_device' => 'iOS|12.1|Apple',
)
[ info ] [ DB ] INIT mysql
[ info ] [ RUN ] app\index\controller\Login->login[ D:\PHP\WalletApp\WalletAppServer\application\index\controller\Login.php ]
[ info ] [ SESSION ] INIT array (
  'id' => '',
  'var_session_id' => '',
  'prefix' => 'think',
  'type' => '',
  'auto_start' => true,
)
[ info ] [ CACHE ] INIT File
[ info ] [ LOG ] INIT File
[ sql ] [ DB ] CONNECT:[ UseTime:0.012000s ] mysql:host=192.168.1.108;port=3306;dbname=yysy_wallet;charset=utf8
[ sql ] [ SQL ] SHOW COLUMNS FROM `sys_users` [ RunTime:0.004000s ]
[ sql ] [ SQL ] SELECT * FROM `sys_users` WHERE  `phone` = '15158875646' LIMIT 1 [ RunTime:0.002000s ]
[ sql ] [ SQL ] SELECT * FROM `sys_users` WHERE  `phone` = '15158875646'  AND `password` = 'e10adc3949ba59abbe56e057f20f883e' LIMIT 1 [ RunTime:0.003000s ]
[ sql ] [ SQL ] SELECT * FROM `sys_users` WHERE  `phone` = '15158875646' LIMIT 1 [ RunTime:0.003000s ]
[ error ] [10501]SQLSTATE[01000]: Warning: 1265 Data truncated for column 'last_online_ip' at row 1[D:\PHP\WalletApp\WalletAppServer\thinkphp\library\think\db\Connection.php:453]
---------------------------------------------------------------
[ 2019-02-22T09:44:20+08:00 ] 192.168.1.146 POST 192.168.1.15:8087/index/Login/login
[运行时间：0.114000s] [吞吐率：8.77req/s] [内存消耗：2,320.41kb] [文件加载：57]
[ info ] [ LANG ] D:\PHP\WalletApp\WalletAppServer\thinkphp\lang\zh-cn.php
[ info ] [ ROUTE ] array (
  'type' => 'module',
  'module' => 
  array (
    0 => 'index',
    1 => 'Login',
    2 => 'login',
  ),
)
[ info ] [ HEADER ] array (
  'host' => '192.168.1.15:8087',
  'content-type' => 'application/x-www-form-urlencoded',
  'origin' => 'file://',
  'cookie' => 'PHPSESSID=bdgi809dv1g1fpa1kmvu3h4ss9',
  'content-length' => '255',
  'connection' => 'keep-alive',
  'accept' => 'application/json',
  'user-agent' => 'Mozilla/5.0 (iPhone; CPU iPhone OS 12_1 like Mac OS X) AppleWebKit/605.1.15 (KHTML, like Gecko) Mobile/16B91 Html5Plus/1.0',
  'accept-language' => 'en-us',
  'accept-encoding' => 'gzip, deflate',
  'x-requested-with' => 'XMLHttpRequest',
)
[ info ] [ PARAM ] array (
  'data' => 'WHHx5AiqqlA9YRpeMwJXSeU3Yhykyj6XzOjhCzZrWLz0AIwxAzDY/Di3lnPP/lXFyd0/bI0JnEBAxStmrp5TTISG+aK71IUcaeZr0XtdGBHtphgBQHI30jEKGi/MqjCiXr/ZX5N7AhTLXiOzw9RI5KGvME561UYy+y7LzL27qUo=',
  'phone' => '15158875646',
  'version' => '1.0',
  'login_device' => 'iOS|12.1|Apple',
)
[ info ] [ DB ] INIT mysql
[ info ] [ RUN ] app\index\controller\Login->login[ D:\PHP\WalletApp\WalletAppServer\application\index\controller\Login.php ]
[ info ] [ SESSION ] INIT array (
  'id' => '',
  'var_session_id' => '',
  'prefix' => 'think',
  'type' => '',
  'auto_start' => true,
)
[ info ] [ CACHE ] INIT File
[ info ] [ LOG ] INIT File
[ sql ] [ DB ] CONNECT:[ UseTime:0.003000s ] mysql:host=192.168.1.108;port=3306;dbname=yysy_wallet;charset=utf8
[ sql ] [ SQL ] SHOW COLUMNS FROM `sys_users` [ RunTime:0.004000s ]
[ sql ] [ SQL ] SELECT * FROM `sys_users` WHERE  `phone` = '15158875646' LIMIT 1 [ RunTime:0.002000s ]
[ sql ] [ SQL ] SELECT * FROM `sys_users` WHERE  `phone` = '15158875646'  AND `password` = 'e10adc3949ba59abbe56e057f20f883e' LIMIT 1 [ RunTime:0.003000s ]
[ sql ] [ SQL ] SELECT * FROM `sys_users` WHERE  `phone` = '15158875646' LIMIT 1 [ RunTime:0.003000s ]
[ error ] [10501]SQLSTATE[01000]: Warning: 1265 Data truncated for column 'last_online_ip' at row 1[D:\PHP\WalletApp\WalletAppServer\thinkphp\library\think\db\Connection.php:453]
---------------------------------------------------------------
[ 2019-02-22T09:48:19+08:00 ] 192.168.1.146 POST 192.168.1.15:8087/index/Login/login
[运行时间：0.127000s] [吞吐率：7.87req/s] [内存消耗：2,320.41kb] [文件加载：57]
[ info ] [ LANG ] D:\PHP\WalletApp\WalletAppServer\thinkphp\lang\zh-cn.php
[ info ] [ ROUTE ] array (
  'type' => 'module',
  'module' => 
  array (
    0 => 'index',
    1 => 'Login',
    2 => 'login',
  ),
)
[ info ] [ HEADER ] array (
  'host' => '192.168.1.15:8087',
  'content-type' => 'application/x-www-form-urlencoded',
  'origin' => 'file://',
  'cookie' => 'PHPSESSID=bdgi809dv1g1fpa1kmvu3h4ss9',
  'content-length' => '251',
  'connection' => 'keep-alive',
  'accept' => 'application/json',
  'user-agent' => 'Mozilla/5.0 (iPhone; CPU iPhone OS 12_1 like Mac OS X) AppleWebKit/605.1.15 (KHTML, like Gecko) Mobile/16B91 Html5Plus/1.0',
  'accept-language' => 'en-us',
  'accept-encoding' => 'gzip, deflate',
  'x-requested-with' => 'XMLHttpRequest',
)
[ info ] [ PARAM ] array (
  'data' => 'KfdUy34OE5m/qFLdLUcKJN/Aeb2Yd093bhk03SbPplOWXG0afex0tdcQJXGFmuVi+VG05Chq2Br0QpphBUHgSU2PVuLsgont41i1ZmSDc/TnIYZavZyiT6Kr8/jQgx1TfnXTCWFWmNPwMbYsovv4aov9AbFe0KSJ3DpDKeXfWUc=',
  'phone' => '15158875646',
  'version' => '1.0',
  'login_device' => 'iOS|12.1|Apple',
)
[ info ] [ DB ] INIT mysql
[ info ] [ RUN ] app\index\controller\Login->login[ D:\PHP\WalletApp\WalletAppServer\application\index\controller\Login.php ]
[ info ] [ SESSION ] INIT array (
  'id' => '',
  'var_session_id' => '',
  'prefix' => 'think',
  'type' => '',
  'auto_start' => true,
)
[ info ] [ CACHE ] INIT File
[ info ] [ LOG ] INIT File
[ sql ] [ DB ] CONNECT:[ UseTime:0.013000s ] mysql:host=192.168.1.108;port=3306;dbname=yysy_wallet;charset=utf8
[ sql ] [ SQL ] SHOW COLUMNS FROM `sys_users` [ RunTime:0.008000s ]
[ sql ] [ SQL ] SELECT * FROM `sys_users` WHERE  `phone` = '15158875646' LIMIT 1 [ RunTime:0.003000s ]
[ sql ] [ SQL ] SELECT * FROM `sys_users` WHERE  `phone` = '15158875646'  AND `password` = 'e10adc3949ba59abbe56e057f20f883e' LIMIT 1 [ RunTime:0.003000s ]
[ sql ] [ SQL ] SELECT * FROM `sys_users` WHERE  `phone` = '15158875646' LIMIT 1 [ RunTime:0.003000s ]
[ error ] [10501]SQLSTATE[01000]: Warning: 1265 Data truncated for column 'last_online_ip' at row 1[D:\PHP\WalletApp\WalletAppServer\thinkphp\library\think\db\Connection.php:453]
---------------------------------------------------------------
[ 2019-02-22T09:53:28+08:00 ] 192.168.1.146 POST 192.168.1.15:8087/api/Account/login/password
[运行时间：0.048500s] [吞吐率：20.62req/s] [内存消耗：1,144.82kb] [文件加载：35]
[ info ] [ LANG ] D:\PHP\WalletApp\WalletAppServer\thinkphp\lang\zh-cn.php
[ info ] [ ROUTE ] array (
  'type' => 'module',
  'module' => 
  array (
    0 => 'api',
    1 => 'Account',
    2 => 'login',
  ),
)
[ info ] [ HEADER ] array (
  'host' => '192.168.1.15:8087',
  'content-type' => 'application/json',
  'origin' => 'file://',
  'cookie' => 'PHPSESSID=bdgi809dv1g1fpa1kmvu3h4ss9',
  'content-length' => '93',
  'connection' => 'keep-alive',
  'accept' => 'application/json',
  'user-agent' => 'Mozilla/5.0 (iPhone; CPU iPhone OS 12_1 like Mac OS X) AppleWebKit/605.1.15 (KHTML, like Gecko) Mobile/16B91 Html5Plus/1.0',
  'accept-language' => 'en-us',
  'accept-encoding' => 'gzip, deflate',
  'x-requested-with' => 'XMLHttpRequest',
)
[ info ] [ PARAM ] array (
  'phoneNumber' => '15158875646',
  'password' => '123456',
  'aesKey' => 'BHS6HkZMiaGEAizdCDPhhDAKBD568Qcd',
)
[ info ] [ LOG ] INIT File
---------------------------------------------------------------
[ 2019-02-22T09:53:33+08:00 ] 192.168.1.146 POST 192.168.1.15:8087/api/Account/login/password
[运行时间：0.031000s] [吞吐率：32.26req/s] [内存消耗：1,144.82kb] [文件加载：35]
[ info ] [ LANG ] D:\PHP\WalletApp\WalletAppServer\thinkphp\lang\zh-cn.php
[ info ] [ ROUTE ] array (
  'type' => 'module',
  'module' => 
  array (
    0 => 'api',
    1 => 'Account',
    2 => 'login',
  ),
)
[ info ] [ HEADER ] array (
  'host' => '192.168.1.15:8087',
  'content-type' => 'application/json',
  'origin' => 'file://',
  'cookie' => 'PHPSESSID=bdgi809dv1g1fpa1kmvu3h4ss9',
  'content-length' => '93',
  'connection' => 'keep-alive',
  'accept' => 'application/json',
  'user-agent' => 'Mozilla/5.0 (iPhone; CPU iPhone OS 12_1 like Mac OS X) AppleWebKit/605.1.15 (KHTML, like Gecko) Mobile/16B91 Html5Plus/1.0',
  'accept-language' => 'en-us',
  'accept-encoding' => 'gzip, deflate',
  'x-requested-with' => 'XMLHttpRequest',
)
[ info ] [ PARAM ] array (
  'phoneNumber' => '15158875646',
  'password' => '123456',
  'aesKey' => 'wnDs4JHkeA2mTy887ekER4tAWSNawsHT',
)
[ info ] [ LOG ] INIT File
---------------------------------------------------------------
[ 2019-02-22T09:53:36+08:00 ] 192.168.1.146 POST 192.168.1.15:8087/api/Account/login/password
[运行时间：0.030500s] [吞吐率：32.79req/s] [内存消耗：1,144.82kb] [文件加载：35]
[ info ] [ LANG ] D:\PHP\WalletApp\WalletAppServer\thinkphp\lang\zh-cn.php
[ info ] [ ROUTE ] array (
  'type' => 'module',
  'module' => 
  array (
    0 => 'api',
    1 => 'Account',
    2 => 'login',
  ),
)
[ info ] [ HEADER ] array (
  'host' => '192.168.1.15:8087',
  'content-type' => 'application/json',
  'origin' => 'file://',
  'cookie' => 'PHPSESSID=bdgi809dv1g1fpa1kmvu3h4ss9',
  'content-length' => '93',
  'connection' => 'keep-alive',
  'accept' => 'application/json',
  'user-agent' => 'Mozilla/5.0 (iPhone; CPU iPhone OS 12_1 like Mac OS X) AppleWebKit/605.1.15 (KHTML, like Gecko) Mobile/16B91 Html5Plus/1.0',
  'accept-language' => 'en-us',
  'accept-encoding' => 'gzip, deflate',
  'x-requested-with' => 'XMLHttpRequest',
)
[ info ] [ PARAM ] array (
  'phoneNumber' => '15158875646',
  'password' => '123456',
  'aesKey' => 'nKSQPcWdfhPEErKwzmWNAfNfcNA6fJZQ',
)
[ info ] [ LOG ] INIT File
---------------------------------------------------------------
[ 2019-02-22T09:53:42+08:00 ] 192.168.1.146 POST 192.168.1.15:8087/api/Account/login/password
[运行时间：0.033000s] [吞吐率：30.30req/s] [内存消耗：1,144.82kb] [文件加载：35]
[ info ] [ LANG ] D:\PHP\WalletApp\WalletAppServer\thinkphp\lang\zh-cn.php
[ info ] [ ROUTE ] array (
  'type' => 'module',
  'module' => 
  array (
    0 => 'api',
    1 => 'Account',
    2 => 'login',
  ),
)
[ info ] [ HEADER ] array (
  'host' => '192.168.1.15:8087',
  'content-type' => 'application/json',
  'origin' => 'file://',
  'cookie' => 'PHPSESSID=bdgi809dv1g1fpa1kmvu3h4ss9',
  'content-length' => '93',
  'connection' => 'keep-alive',
  'accept' => 'application/json',
  'user-agent' => 'Mozilla/5.0 (iPhone; CPU iPhone OS 12_1 like Mac OS X) AppleWebKit/605.1.15 (KHTML, like Gecko) Mobile/16B91 Html5Plus/1.0',
  'accept-language' => 'en-us',
  'accept-encoding' => 'gzip, deflate',
  'x-requested-with' => 'XMLHttpRequest',
)
[ info ] [ PARAM ] array (
  'phoneNumber' => '15158875646',
  'password' => '123456',
  'aesKey' => 'yrbYM6n76JRDQTkfXZjwwDye3ZEmmPzm',
)
[ info ] [ LOG ] INIT File
