---------------------------------------------------------------
[ 2019-01-08T11:21:08+08:00 ] 127.0.0.1 GET 127.0.0.1:8087/index/Index/test
[运行时间：0.121500s] [吞吐率：8.23req/s] [内存消耗：2,061.79kb] [文件加载：46]
[ info ] [ LANG ] D:\PHP\WalletApp\WalletAppServer\thinkphp\lang\zh-cn.php
[ info ] [ ROUTE ] array (
  'type' => 'module',
  'module' => 
  array (
    0 => 'index',
    1 => 'Index',
    2 => 'test',
  ),
)
[ info ] [ HEADER ] array (
  'host' => '127.0.0.1:8087',
  'connection' => 'keep-alive',
  'upgrade-insecure-requests' => '1',
  'user-agent' => 'Mozilla/5.0 (Windows NT 6.1; Win64; x64) AppleWebKit/537.36 (KHTML, like Gecko) Chrome/71.0.3578.98 Safari/537.36',
  'accept' => 'text/html,application/xhtml+xml,application/xml;q=0.9,image/webp,image/apng,*/*;q=0.8',
  'accept-encoding' => 'gzip, deflate, br',
  'accept-language' => 'zh-CN,zh;q=0.9',
)
[ info ] [ PARAM ] array (
)
[ info ] [ DB ] INIT mysql
[ info ] [ RUN ] app\index\controller\Index->test[ D:\PHP\WalletApp\WalletAppServer\application\index\controller\Index.php ]
[ info ] [ LOG ] INIT File
---------------------------------------------------------------
[ 2019-01-08T11:28:49+08:00 ] 127.0.0.1 GET 127.0.0.1:8087/index/Index/test
[运行时间：0.064000s] [吞吐率：15.63req/s] [内存消耗：2,062.27kb] [文件加载：46]
[ info ] [ LANG ] D:\PHP\WalletApp\WalletAppServer\thinkphp\lang\zh-cn.php
[ info ] [ ROUTE ] array (
  'type' => 'module',
  'module' => 
  array (
    0 => 'index',
    1 => 'Index',
    2 => 'test',
  ),
)
[ info ] [ HEADER ] array (
  'host' => '127.0.0.1:8087',
  'connection' => 'keep-alive',
  'cache-control' => 'max-age=0',
  'upgrade-insecure-requests' => '1',
  'user-agent' => 'Mozilla/5.0 (Windows NT 6.1; Win64; x64) AppleWebKit/537.36 (KHTML, like Gecko) Chrome/71.0.3578.98 Safari/537.36',
  'accept' => 'text/html,application/xhtml+xml,application/xml;q=0.9,image/webp,image/apng,*/*;q=0.8',
  'accept-encoding' => 'gzip, deflate, br',
  'accept-language' => 'zh-CN,zh;q=0.9',
)
[ info ] [ PARAM ] array (
)
[ info ] [ DB ] INIT mysql
[ info ] [ RUN ] app\index\controller\Index->test[ D:\PHP\WalletApp\WalletAppServer\application\index\controller\Index.php ]
[ info ] [ LOG ] INIT File
---------------------------------------------------------------
[ 2019-01-08T16:18:18+08:00 ] 127.0.0.1 GET 127.0.0.1:8087/index/Index/SendCoin
[运行时间：0.131000s] [吞吐率：7.63req/s] [内存消耗：2,196.28kb] [文件加载：50]
[ info ] [ LANG ] D:\PHP\WalletApp\WalletAppServer\thinkphp\lang\zh-cn.php
[ info ] [ ROUTE ] array (
  'type' => 'module',
  'module' => 
  array (
    0 => 'index',
    1 => 'Index',
    2 => 'SendCoin',
  ),
)
[ info ] [ HEADER ] array (
  'host' => '127.0.0.1:8087',
  'user-agent' => 'Mozilla/5.0 (Windows NT 6.1; Win64; x64; rv:64.0) Gecko/20100101 Firefox/64.0',
  'accept' => 'text/html,application/xhtml+xml,application/xml;q=0.9,*/*;q=0.8',
  'accept-language' => 'zh-CN,zh;q=0.8,zh-TW;q=0.7,zh-HK;q=0.5,en-US;q=0.3,en;q=0.2',
  'accept-encoding' => 'gzip, deflate',
  'connection' => 'keep-alive',
  'cookie' => 'PHPSESSID=7otkn93dbsji96bkuiocsn89tb',
  'upgrade-insecure-requests' => '1',
)
[ info ] [ PARAM ] array (
)
[ info ] [ DB ] INIT mysql
[ info ] [ RUN ] app\index\controller\Index->SendCoin[ D:\PHP\WalletApp\WalletAppServer\application\index\controller\Index.php ]
[ info ] [ LOG ] INIT File
[ sql ] [ DB ] CONNECT:[ UseTime:0.012000s ] mysql:host=192.168.1.108;port=3306;dbname=yysy_wallet;charset=utf8
[ sql ] [ SQL ] SHOW COLUMNS FROM `sys_users` [ RunTime:0.034000s ]
[ error ] [0]查询表达式错误:phone[D:\PHP\WalletApp\WalletAppServer\thinkphp\library\think\db\Builder.php:347]
---------------------------------------------------------------
[ 2019-01-08T16:18:35+08:00 ] 127.0.0.1 GET 127.0.0.1:8087/index/Index/SendCoin
[运行时间：0.087000s] [吞吐率：11.49req/s] [内存消耗：2,196.98kb] [文件加载：50]
[ info ] [ LANG ] D:\PHP\WalletApp\WalletAppServer\thinkphp\lang\zh-cn.php
[ info ] [ ROUTE ] array (
  'type' => 'module',
  'module' => 
  array (
    0 => 'index',
    1 => 'Index',
    2 => 'SendCoin',
  ),
)
[ info ] [ HEADER ] array (
  'host' => '127.0.0.1:8087',
  'user-agent' => 'Mozilla/5.0 (Windows NT 6.1; Win64; x64; rv:64.0) Gecko/20100101 Firefox/64.0',
  'accept' => 'text/html,application/xhtml+xml,application/xml;q=0.9,*/*;q=0.8',
  'accept-language' => 'zh-CN,zh;q=0.8,zh-TW;q=0.7,zh-HK;q=0.5,en-US;q=0.3,en;q=0.2',
  'accept-encoding' => 'gzip, deflate',
  'connection' => 'keep-alive',
  'cookie' => 'PHPSESSID=7otkn93dbsji96bkuiocsn89tb',
  'upgrade-insecure-requests' => '1',
  'cache-control' => 'max-age=0',
)
[ info ] [ PARAM ] array (
)
[ info ] [ DB ] INIT mysql
[ info ] [ RUN ] app\index\controller\Index->SendCoin[ D:\PHP\WalletApp\WalletAppServer\application\index\controller\Index.php ]
[ info ] [ LOG ] INIT File
[ sql ] [ DB ] CONNECT:[ UseTime:0.012000s ] mysql:host=192.168.1.108;port=3306;dbname=yysy_wallet;charset=utf8
[ sql ] [ SQL ] SHOW COLUMNS FROM `sys_users` [ RunTime:0.024000s ]
[ error ] [0]查询表达式错误:phone[D:\PHP\WalletApp\WalletAppServer\thinkphp\library\think\db\Builder.php:347]
---------------------------------------------------------------
[ 2019-01-08T16:18:40+08:00 ] 127.0.0.1 GET 127.0.0.1:8087/index/Index/SendCoin
[运行时间：0.083500s] [吞吐率：11.98req/s] [内存消耗：2,196.87kb] [文件加载：50]
[ info ] [ LANG ] D:\PHP\WalletApp\WalletAppServer\thinkphp\lang\zh-cn.php
[ info ] [ ROUTE ] array (
  'type' => 'module',
  'module' => 
  array (
    0 => 'index',
    1 => 'Index',
    2 => 'SendCoin',
  ),
)
[ info ] [ HEADER ] array (
  'host' => '127.0.0.1:8087',
  'user-agent' => 'Mozilla/5.0 (Windows NT 6.1; Win64; x64; rv:64.0) Gecko/20100101 Firefox/64.0',
  'accept' => 'text/html,application/xhtml+xml,application/xml;q=0.9,*/*;q=0.8',
  'accept-language' => 'zh-CN,zh;q=0.8,zh-TW;q=0.7,zh-HK;q=0.5,en-US;q=0.3,en;q=0.2',
  'accept-encoding' => 'gzip, deflate',
  'connection' => 'keep-alive',
  'cookie' => 'PHPSESSID=7otkn93dbsji96bkuiocsn89tb',
  'upgrade-insecure-requests' => '1',
  'cache-control' => 'max-age=0',
)
[ info ] [ PARAM ] array (
)
[ info ] [ DB ] INIT mysql
[ info ] [ RUN ] app\index\controller\Index->SendCoin[ D:\PHP\WalletApp\WalletAppServer\application\index\controller\Index.php ]
[ info ] [ LOG ] INIT File
[ sql ] [ DB ] CONNECT:[ UseTime:0.024000s ] mysql:host=192.168.1.108;port=3306;dbname=yysy_wallet;charset=utf8
[ sql ] [ SQL ] SHOW COLUMNS FROM `sys_users` [ RunTime:0.024500s ]
[ error ] [0]查询表达式错误:phone[D:\PHP\WalletApp\WalletAppServer\thinkphp\library\think\db\Builder.php:347]
---------------------------------------------------------------
[ 2019-01-08T16:18:41+08:00 ] 127.0.0.1 GET 127.0.0.1:8087/index/Index/SendCoin
[运行时间：0.129000s] [吞吐率：7.75req/s] [内存消耗：2,196.87kb] [文件加载：50]
[ info ] [ LANG ] D:\PHP\WalletApp\WalletAppServer\thinkphp\lang\zh-cn.php
[ info ] [ ROUTE ] array (
  'type' => 'module',
  'module' => 
  array (
    0 => 'index',
    1 => 'Index',
    2 => 'SendCoin',
  ),
)
[ info ] [ HEADER ] array (
  'host' => '127.0.0.1:8087',
  'user-agent' => 'Mozilla/5.0 (Windows NT 6.1; Win64; x64; rv:64.0) Gecko/20100101 Firefox/64.0',
  'accept' => 'text/html,application/xhtml+xml,application/xml;q=0.9,*/*;q=0.8',
  'accept-language' => 'zh-CN,zh;q=0.8,zh-TW;q=0.7,zh-HK;q=0.5,en-US;q=0.3,en;q=0.2',
  'accept-encoding' => 'gzip, deflate',
  'connection' => 'keep-alive',
  'cookie' => 'PHPSESSID=7otkn93dbsji96bkuiocsn89tb',
  'upgrade-insecure-requests' => '1',
  'cache-control' => 'max-age=0',
)
[ info ] [ PARAM ] array (
)
[ info ] [ DB ] INIT mysql
[ info ] [ RUN ] app\index\controller\Index->SendCoin[ D:\PHP\WalletApp\WalletAppServer\application\index\controller\Index.php ]
[ info ] [ LOG ] INIT File
[ sql ] [ DB ] CONNECT:[ UseTime:0.013000s ] mysql:host=192.168.1.108;port=3306;dbname=yysy_wallet;charset=utf8
[ sql ] [ SQL ] SHOW COLUMNS FROM `sys_users` [ RunTime:0.056000s ]
[ error ] [0]查询表达式错误:phone[D:\PHP\WalletApp\WalletAppServer\thinkphp\library\think\db\Builder.php:347]
---------------------------------------------------------------
[ 2019-01-08T16:18:50+08:00 ] 127.0.0.1 GET 127.0.0.1:8087/index/Index/SendCoin
[运行时间：0.091000s] [吞吐率：10.99req/s] [内存消耗：2,196.88kb] [文件加载：50]
[ info ] [ LANG ] D:\PHP\WalletApp\WalletAppServer\thinkphp\lang\zh-cn.php
[ info ] [ ROUTE ] array (
  'type' => 'module',
  'module' => 
  array (
    0 => 'index',
    1 => 'Index',
    2 => 'SendCoin',
  ),
)
[ info ] [ HEADER ] array (
  'host' => '127.0.0.1:8087',
  'user-agent' => 'Mozilla/5.0 (Windows NT 6.1; Win64; x64; rv:64.0) Gecko/20100101 Firefox/64.0',
  'accept' => 'text/html,application/xhtml+xml,application/xml;q=0.9,*/*;q=0.8',
  'accept-language' => 'zh-CN,zh;q=0.8,zh-TW;q=0.7,zh-HK;q=0.5,en-US;q=0.3,en;q=0.2',
  'accept-encoding' => 'gzip, deflate',
  'connection' => 'keep-alive',
  'cookie' => 'PHPSESSID=7otkn93dbsji96bkuiocsn89tb',
  'upgrade-insecure-requests' => '1',
  'cache-control' => 'max-age=0',
)
[ info ] [ PARAM ] array (
)
[ info ] [ DB ] INIT mysql
[ info ] [ RUN ] app\index\controller\Index->SendCoin[ D:\PHP\WalletApp\WalletAppServer\application\index\controller\Index.php ]
[ info ] [ LOG ] INIT File
[ sql ] [ DB ] CONNECT:[ UseTime:0.019000s ] mysql:host=192.168.1.108;port=3306;dbname=yysy_wallet;charset=utf8
[ sql ] [ SQL ] SHOW COLUMNS FROM `sys_users` [ RunTime:0.014500s ]
[ error ] [0]查询表达式错误:phone[D:\PHP\WalletApp\WalletAppServer\thinkphp\library\think\db\Builder.php:347]
---------------------------------------------------------------
[ 2019-01-08T16:22:54+08:00 ] 127.0.0.1 GET 127.0.0.1:8087/index/Index/SendCoin
[运行时间：0.103000s] [吞吐率：9.71req/s] [内存消耗：2,200.61kb] [文件加载：51]
[ info ] [ LANG ] D:\PHP\WalletApp\WalletAppServer\thinkphp\lang\zh-cn.php
[ info ] [ ROUTE ] array (
  'type' => 'module',
  'module' => 
  array (
    0 => 'index',
    1 => 'Index',
    2 => 'SendCoin',
  ),
)
[ info ] [ HEADER ] array (
  'host' => '127.0.0.1:8087',
  'user-agent' => 'Mozilla/5.0 (Windows NT 6.1; Win64; x64; rv:64.0) Gecko/20100101 Firefox/64.0',
  'accept' => 'text/html,application/xhtml+xml,application/xml;q=0.9,*/*;q=0.8',
  'accept-language' => 'zh-CN,zh;q=0.8,zh-TW;q=0.7,zh-HK;q=0.5,en-US;q=0.3,en;q=0.2',
  'accept-encoding' => 'gzip, deflate',
  'connection' => 'keep-alive',
  'cookie' => 'PHPSESSID=7otkn93dbsji96bkuiocsn89tb',
  'upgrade-insecure-requests' => '1',
  'cache-control' => 'max-age=0',
)
[ info ] [ PARAM ] array (
)
[ info ] [ DB ] INIT mysql
[ info ] [ RUN ] app\index\controller\Index->SendCoin[ D:\PHP\WalletApp\WalletAppServer\application\index\controller\Index.php ]
[ info ] [ LOG ] INIT File
[ sql ] [ DB ] CONNECT:[ UseTime:0.017500s ] mysql:host=192.168.1.108;port=3306;dbname=yysy_wallet;charset=utf8
[ sql ] [ SQL ] SHOW COLUMNS FROM `sys_users` [ RunTime:0.029000s ]
[ error ] [8]未定义数组下标: 1[D:\PHP\WalletApp\WalletAppServer\thinkphp\library\think\db\Builder.php:323]
---------------------------------------------------------------
[ 2019-01-08T16:23:57+08:00 ] 127.0.0.1 GET 127.0.0.1:8087/index/Index/SendCoin
[运行时间：0.172000s] [吞吐率：5.81req/s] [内存消耗：2,201.25kb] [文件加载：51]
[ info ] [ LANG ] D:\PHP\WalletApp\WalletAppServer\thinkphp\lang\zh-cn.php
[ info ] [ ROUTE ] array (
  'type' => 'module',
  'module' => 
  array (
    0 => 'index',
    1 => 'Index',
    2 => 'SendCoin',
  ),
)
[ info ] [ HEADER ] array (
  'host' => '127.0.0.1:8087',
  'user-agent' => 'Mozilla/5.0 (Windows NT 6.1; Win64; x64; rv:64.0) Gecko/20100101 Firefox/64.0',
  'accept' => 'text/html,application/xhtml+xml,application/xml;q=0.9,*/*;q=0.8',
  'accept-language' => 'zh-CN,zh;q=0.8,zh-TW;q=0.7,zh-HK;q=0.5,en-US;q=0.3,en;q=0.2',
  'accept-encoding' => 'gzip, deflate',
  'connection' => 'keep-alive',
  'cookie' => 'PHPSESSID=7otkn93dbsji96bkuiocsn89tb',
  'upgrade-insecure-requests' => '1',
  'cache-control' => 'max-age=0',
)
[ info ] [ PARAM ] array (
)
[ info ] [ DB ] INIT mysql
[ info ] [ RUN ] app\index\controller\Index->SendCoin[ D:\PHP\WalletApp\WalletAppServer\application\index\controller\Index.php ]
[ info ] [ LOG ] INIT File
[ sql ] [ DB ] CONNECT:[ UseTime:0.011500s ] mysql:host=192.168.1.108;port=3306;dbname=yysy_wallet;charset=utf8
[ sql ] [ SQL ] SHOW COLUMNS FROM `sys_users` [ RunTime:0.123000s ]
[ error ] [8]未定义数组下标: 1[D:\PHP\WalletApp\WalletAppServer\thinkphp\library\think\db\Builder.php:323]
---------------------------------------------------------------
[ 2019-01-08T17:31:00+08:00 ] 127.0.0.1 GET 127.0.0.1:8087/index/Index/SendCoin
[运行时间：0.286000s] [吞吐率：3.50req/s] [内存消耗：2,201.25kb] [文件加载：51]
[ info ] [ LANG ] D:\PHP\WalletApp\WalletAppServer\thinkphp\lang\zh-cn.php
[ info ] [ ROUTE ] array (
  'type' => 'module',
  'module' => 
  array (
    0 => 'index',
    1 => 'Index',
    2 => 'SendCoin',
  ),
)
[ info ] [ HEADER ] array (
  'host' => '127.0.0.1:8087',
  'user-agent' => 'Mozilla/5.0 (Windows NT 6.1; Win64; x64; rv:64.0) Gecko/20100101 Firefox/64.0',
  'accept' => 'text/html,application/xhtml+xml,application/xml;q=0.9,*/*;q=0.8',
  'accept-language' => 'zh-CN,zh;q=0.8,zh-TW;q=0.7,zh-HK;q=0.5,en-US;q=0.3,en;q=0.2',
  'accept-encoding' => 'gzip, deflate',
  'connection' => 'keep-alive',
  'cookie' => 'PHPSESSID=7otkn93dbsji96bkuiocsn89tb',
  'upgrade-insecure-requests' => '1',
  'cache-control' => 'max-age=0',
)
[ info ] [ PARAM ] array (
)
[ info ] [ DB ] INIT mysql
[ info ] [ RUN ] app\index\controller\Index->SendCoin[ D:\PHP\WalletApp\WalletAppServer\application\index\controller\Index.php ]
[ info ] [ LOG ] INIT File
[ sql ] [ DB ] CONNECT:[ UseTime:0.039000s ] mysql:host=192.168.1.108;port=3306;dbname=yysy_wallet;charset=utf8
[ sql ] [ SQL ] SHOW COLUMNS FROM `sys_users` [ RunTime:0.154000s ]
[ error ] [8]未定义数组下标: 1[D:\PHP\WalletApp\WalletAppServer\thinkphp\library\think\db\Builder.php:323]
---------------------------------------------------------------
[ 2019-01-08T17:31:04+08:00 ] 127.0.0.1 GET 127.0.0.1:8087/
[运行时间：0.268500s] [吞吐率：3.72req/s] [内存消耗：2,130.55kb] [文件加载：46]
[ info ] [ LANG ] D:\PHP\WalletApp\WalletAppServer\thinkphp\lang\zh-cn.php
[ info ] [ ROUTE ] array (
  'type' => 'module',
  'module' => 
  array (
    0 => '',
    1 => NULL,
    2 => NULL,
  ),
)
[ info ] [ HEADER ] array (
  'host' => '127.0.0.1:8087',
  'user-agent' => 'Mozilla/5.0 (Windows NT 6.1; Win64; x64; rv:64.0) Gecko/20100101 Firefox/64.0',
  'accept' => 'text/html,application/xhtml+xml,application/xml;q=0.9,*/*;q=0.8',
  'accept-language' => 'zh-CN,zh;q=0.8,zh-TW;q=0.7,zh-HK;q=0.5,en-US;q=0.3,en;q=0.2',
  'accept-encoding' => 'gzip, deflate',
  'connection' => 'keep-alive',
  'cookie' => 'PHPSESSID=7otkn93dbsji96bkuiocsn89tb',
  'upgrade-insecure-requests' => '1',
)
[ info ] [ PARAM ] array (
)
[ info ] [ DB ] INIT mysql
[ info ] [ RUN ] app\index\controller\Index->index[ D:\PHP\WalletApp\WalletAppServer\application\index\controller\Index.php ]
[ info ] [ LOG ] INIT File
[ sql ] [ DB ] CONNECT:[ UseTime:0.006000s ] mysql:host=192.168.1.108;port=3306;dbname=yysy_wallet;charset=utf8
[ sql ] [ SQL ] SHOW COLUMNS FROM `wallet` [ RunTime:0.034000s ]
[ sql ] [ SQL ] SELECT * FROM `wallet` `a` LEFT JOIN `map_money_symbol_id` `symbol` ON `a`.`symbol_id`=`symbol`.`id` LEFT JOIN `wallet_address` `address` ON `a`.`address_id`=`address`.`id` WHERE  `a`.`userid` = 2 [ RunTime:0.169500s ]
[ sql ] [ SQL ] SHOW COLUMNS FROM `map_money_symbol_id` [ RunTime:0.003500s ]
[ sql ] [ SQL ] SELECT * FROM `map_money_symbol_id` ORDER BY `id` DESC [ RunTime:0.002500s ]
---------------------------------------------------------------
[ 2019-01-08T17:31:16+08:00 ] 127.0.0.1 GET 127.0.0.1:8087/
[运行时间：0.260500s] [吞吐率：3.84req/s] [内存消耗：2,131.22kb] [文件加载：46]
[ info ] [ LANG ] D:\PHP\WalletApp\WalletAppServer\thinkphp\lang\zh-cn.php
[ info ] [ ROUTE ] array (
  'type' => 'module',
  'module' => 
  array (
    0 => '',
    1 => NULL,
    2 => NULL,
  ),
)
[ info ] [ HEADER ] array (
  'host' => '127.0.0.1:8087',
  'user-agent' => 'Mozilla/5.0 (Windows NT 6.1; Win64; x64; rv:64.0) Gecko/20100101 Firefox/64.0',
  'accept' => 'text/html,application/xhtml+xml,application/xml;q=0.9,*/*;q=0.8',
  'accept-language' => 'zh-CN,zh;q=0.8,zh-TW;q=0.7,zh-HK;q=0.5,en-US;q=0.3,en;q=0.2',
  'accept-encoding' => 'gzip, deflate',
  'connection' => 'keep-alive',
  'cookie' => 'PHPSESSID=7otkn93dbsji96bkuiocsn89tb',
  'upgrade-insecure-requests' => '1',
  'cache-control' => 'max-age=0',
)
[ info ] [ PARAM ] array (
)
[ info ] [ DB ] INIT mysql
[ info ] [ RUN ] app\index\controller\Index->index[ D:\PHP\WalletApp\WalletAppServer\application\index\controller\Index.php ]
[ info ] [ LOG ] INIT File
[ sql ] [ DB ] CONNECT:[ UseTime:0.003000s ] mysql:host=192.168.1.108;port=3306;dbname=yysy_wallet;charset=utf8
[ sql ] [ SQL ] SHOW COLUMNS FROM `wallet` [ RunTime:0.012500s ]
[ sql ] [ SQL ] SELECT * FROM `wallet` `a` LEFT JOIN `map_money_symbol_id` `symbol` ON `a`.`symbol_id`=`symbol`.`id` LEFT JOIN `wallet_address` `address` ON `a`.`address_id`=`address`.`id` WHERE  `a`.`userid` = 2 [ RunTime:0.179000s ]
[ sql ] [ SQL ] SHOW COLUMNS FROM `map_money_symbol_id` [ RunTime:0.002500s ]
[ sql ] [ SQL ] SELECT * FROM `map_money_symbol_id` ORDER BY `id` DESC [ RunTime:0.020500s ]
