---------------------------------------------------------------
[ 2019-01-09T11:25:31+08:00 ] 127.0.0.1 GET 127.0.0.1:8087/index/Index/SendCoin
[运行时间：0.736500s] [吞吐率：1.36req/s] [内存消耗：2,202.64kb] [文件加载：52]
[ info ] [ LANG ] D:\PHP\WalletApp\WalletAppServer\thinkphp\lang\zh-cn.php
[ info ] [ ROUTE ] array (
  'type' => 'module',
  'module' => 
  array (
    0 => 'index',
    1 => 'Index',
    2 => 'SendCoin',
  ),
)
[ info ] [ HEADER ] array (
  'host' => '127.0.0.1:8087',
  'connection' => 'keep-alive',
  'upgrade-insecure-requests' => '1',
  'user-agent' => 'Mozilla/5.0 (Windows NT 6.1; Win64; x64) AppleWebKit/537.36 (KHTML, like Gecko) Chrome/71.0.3578.98 Safari/537.36',
  'accept' => 'text/html,application/xhtml+xml,application/xml;q=0.9,image/webp,image/apng,*/*;q=0.8',
  'accept-encoding' => 'gzip, deflate, br',
  'accept-language' => 'zh-CN,zh;q=0.9',
  'cookie' => 'PHPSESSID=7hdr5qapi0bps6d81vlkn6lk8o',
)
[ info ] [ PARAM ] array (
)
[ info ] [ DB ] INIT mysql
[ info ] [ RUN ] app\index\controller\Index->SendCoin[ D:\PHP\WalletApp\WalletAppServer\application\index\controller\Index.php ]
[ info ] [ LOG ] INIT File
[ sql ] [ DB ] CONNECT:[ UseTime:0.213000s ] mysql:host=192.168.1.108;port=3306;dbname=yysy_wallet;charset=utf8
[ sql ] [ SQL ] SHOW COLUMNS FROM `sys_users` [ RunTime:0.258000s ]
[ error ] [10501]SQLSTATE[42S22]: Column not found: 1054 Unknown column 'eamil' in 'where clause'[D:\PHP\WalletApp\WalletAppServer\thinkphp\library\think\db\Connection.php:385]
---------------------------------------------------------------
[ 2019-01-09T11:25:41+08:00 ] 127.0.0.1 GET 127.0.0.1:8087/index/Index/SendCoin
[运行时间：0.070000s] [吞吐率：14.29req/s] [内存消耗：2,110.55kb] [文件加载：45]
[ info ] [ LANG ] D:\PHP\WalletApp\WalletAppServer\thinkphp\lang\zh-cn.php
[ info ] [ ROUTE ] array (
  'type' => 'module',
  'module' => 
  array (
    0 => 'index',
    1 => 'Index',
    2 => 'SendCoin',
  ),
)
[ info ] [ HEADER ] array (
  'host' => '127.0.0.1:8087',
  'connection' => 'keep-alive',
  'cache-control' => 'max-age=0',
  'upgrade-insecure-requests' => '1',
  'user-agent' => 'Mozilla/5.0 (Windows NT 6.1; Win64; x64) AppleWebKit/537.36 (KHTML, like Gecko) Chrome/71.0.3578.98 Safari/537.36',
  'accept' => 'text/html,application/xhtml+xml,application/xml;q=0.9,image/webp,image/apng,*/*;q=0.8',
  'accept-encoding' => 'gzip, deflate, br',
  'accept-language' => 'zh-CN,zh;q=0.9',
  'cookie' => 'PHPSESSID=7hdr5qapi0bps6d81vlkn6lk8o',
)
[ info ] [ PARAM ] array (
)
[ info ] [ DB ] INIT mysql
[ info ] [ RUN ] app\index\controller\Index->SendCoin[ D:\PHP\WalletApp\WalletAppServer\application\index\controller\Index.php ]
[ info ] [ LOG ] INIT File
[ sql ] [ DB ] CONNECT:[ UseTime:0.011000s ] mysql:host=192.168.1.108;port=3306;dbname=yysy_wallet;charset=utf8
[ sql ] [ SQL ] SHOW COLUMNS FROM `sys_users` [ RunTime:0.003500s ]
[ sql ] [ SQL ] SELECT * FROM `sys_users` WHERE  `phone` = '22'  AND `email` = '22' LIMIT 1 [ RunTime:0.007000s ]
---------------------------------------------------------------
[ 2019-01-09T11:25:52+08:00 ] 127.0.0.1 GET 127.0.0.1:8087/index/Index/SendCoin
[运行时间：0.061500s] [吞吐率：16.26req/s] [内存消耗：2,110.66kb] [文件加载：45]
[ info ] [ LANG ] D:\PHP\WalletApp\WalletAppServer\thinkphp\lang\zh-cn.php
[ info ] [ ROUTE ] array (
  'type' => 'module',
  'module' => 
  array (
    0 => 'index',
    1 => 'Index',
    2 => 'SendCoin',
  ),
)
[ info ] [ HEADER ] array (
  'host' => '127.0.0.1:8087',
  'connection' => 'keep-alive',
  'cache-control' => 'max-age=0',
  'upgrade-insecure-requests' => '1',
  'user-agent' => 'Mozilla/5.0 (Windows NT 6.1; Win64; x64) AppleWebKit/537.36 (KHTML, like Gecko) Chrome/71.0.3578.98 Safari/537.36',
  'accept' => 'text/html,application/xhtml+xml,application/xml;q=0.9,image/webp,image/apng,*/*;q=0.8',
  'accept-encoding' => 'gzip, deflate, br',
  'accept-language' => 'zh-CN,zh;q=0.9',
  'cookie' => 'PHPSESSID=7hdr5qapi0bps6d81vlkn6lk8o',
)
[ info ] [ PARAM ] array (
)
[ info ] [ DB ] INIT mysql
[ info ] [ RUN ] app\index\controller\Index->SendCoin[ D:\PHP\WalletApp\WalletAppServer\application\index\controller\Index.php ]
[ info ] [ LOG ] INIT File
[ sql ] [ DB ] CONNECT:[ UseTime:0.012500s ] mysql:host=192.168.1.108;port=3306;dbname=yysy_wallet;charset=utf8
[ sql ] [ SQL ] SHOW COLUMNS FROM `sys_users` [ RunTime:0.007000s ]
[ sql ] [ SQL ] SELECT * FROM `sys_users` WHERE  `phone` = '17855868623'  AND `email` = '17855868623' LIMIT 1 [ RunTime:0.002000s ]
---------------------------------------------------------------
[ 2019-01-09T11:27:43+08:00 ] 127.0.0.1 GET 127.0.0.1:8087/index/Index/SendCoin
[运行时间：0.082500s] [吞吐率：12.12req/s] [内存消耗：2,115.98kb] [文件加载：45]
[ info ] [ LANG ] D:\PHP\WalletApp\WalletAppServer\thinkphp\lang\zh-cn.php
[ info ] [ ROUTE ] array (
  'type' => 'module',
  'module' => 
  array (
    0 => 'index',
    1 => 'Index',
    2 => 'SendCoin',
  ),
)
[ info ] [ HEADER ] array (
  'host' => '127.0.0.1:8087',
  'connection' => 'keep-alive',
  'cache-control' => 'max-age=0',
  'upgrade-insecure-requests' => '1',
  'user-agent' => 'Mozilla/5.0 (Windows NT 6.1; Win64; x64) AppleWebKit/537.36 (KHTML, like Gecko) Chrome/71.0.3578.98 Safari/537.36',
  'accept' => 'text/html,application/xhtml+xml,application/xml;q=0.9,image/webp,image/apng,*/*;q=0.8',
  'accept-encoding' => 'gzip, deflate, br',
  'accept-language' => 'zh-CN,zh;q=0.9',
  'cookie' => 'PHPSESSID=7hdr5qapi0bps6d81vlkn6lk8o',
)
[ info ] [ PARAM ] array (
)
[ info ] [ DB ] INIT mysql
[ info ] [ RUN ] app\index\controller\Index->SendCoin[ D:\PHP\WalletApp\WalletAppServer\application\index\controller\Index.php ]
[ info ] [ LOG ] INIT File
[ sql ] [ DB ] CONNECT:[ UseTime:0.011500s ] mysql:host=192.168.1.108;port=3306;dbname=yysy_wallet;charset=utf8
[ sql ] [ SQL ] SHOW COLUMNS FROM `sys_users` [ RunTime:0.007000s ]
[ sql ] [ SQL ] SELECT * FROM `sys_users` WHERE  `phone` = '17855868623'  OR `email` = '17855868623' LIMIT 1 [ RunTime:0.003500s ]
---------------------------------------------------------------
[ 2019-01-09T11:28:13+08:00 ] 127.0.0.1 GET 127.0.0.1:8087/index/Index/SendCoin
[运行时间：0.060500s] [吞吐率：16.53req/s] [内存消耗：2,112.85kb] [文件加载：45]
[ info ] [ LANG ] D:\PHP\WalletApp\WalletAppServer\thinkphp\lang\zh-cn.php
[ info ] [ ROUTE ] array (
  'type' => 'module',
  'module' => 
  array (
    0 => 'index',
    1 => 'Index',
    2 => 'SendCoin',
  ),
)
[ info ] [ HEADER ] array (
  'host' => '127.0.0.1:8087',
  'connection' => 'keep-alive',
  'cache-control' => 'max-age=0',
  'upgrade-insecure-requests' => '1',
  'user-agent' => 'Mozilla/5.0 (Windows NT 6.1; Win64; x64) AppleWebKit/537.36 (KHTML, like Gecko) Chrome/71.0.3578.98 Safari/537.36',
  'accept' => 'text/html,application/xhtml+xml,application/xml;q=0.9,image/webp,image/apng,*/*;q=0.8',
  'accept-encoding' => 'gzip, deflate, br',
  'accept-language' => 'zh-CN,zh;q=0.9',
  'cookie' => 'PHPSESSID=7hdr5qapi0bps6d81vlkn6lk8o',
)
[ info ] [ PARAM ] array (
)
[ info ] [ DB ] INIT mysql
[ info ] [ RUN ] app\index\controller\Index->SendCoin[ D:\PHP\WalletApp\WalletAppServer\application\index\controller\Index.php ]
[ info ] [ LOG ] INIT File
[ sql ] [ DB ] CONNECT:[ UseTime:0.003500s ] mysql:host=192.168.1.108;port=3306;dbname=yysy_wallet;charset=utf8
[ sql ] [ SQL ] SHOW COLUMNS FROM `sys_users` [ RunTime:0.013000s ]
[ sql ] [ SQL ] SELECT * FROM `sys_users` WHERE  `phone` = '17855868623'  OR `email` = '17855868623' LIMIT 1 [ RunTime:0.003000s ]
---------------------------------------------------------------
[ 2019-01-09T11:28:33+08:00 ] 127.0.0.1 GET 127.0.0.1:8087/index/Index/SendCoin
[运行时间：0.078500s] [吞吐率：12.74req/s] [内存消耗：2,113.04kb] [文件加载：45]
[ info ] [ LANG ] D:\PHP\WalletApp\WalletAppServer\thinkphp\lang\zh-cn.php
[ info ] [ ROUTE ] array (
  'type' => 'module',
  'module' => 
  array (
    0 => 'index',
    1 => 'Index',
    2 => 'SendCoin',
  ),
)
[ info ] [ HEADER ] array (
  'host' => '127.0.0.1:8087',
  'connection' => 'keep-alive',
  'cache-control' => 'max-age=0',
  'upgrade-insecure-requests' => '1',
  'user-agent' => 'Mozilla/5.0 (Windows NT 6.1; Win64; x64) AppleWebKit/537.36 (KHTML, like Gecko) Chrome/71.0.3578.98 Safari/537.36',
  'accept' => 'text/html,application/xhtml+xml,application/xml;q=0.9,image/webp,image/apng,*/*;q=0.8',
  'accept-encoding' => 'gzip, deflate, br',
  'accept-language' => 'zh-CN,zh;q=0.9',
  'cookie' => 'PHPSESSID=7hdr5qapi0bps6d81vlkn6lk8o',
)
[ info ] [ PARAM ] array (
)
[ info ] [ DB ] INIT mysql
[ info ] [ RUN ] app\index\controller\Index->SendCoin[ D:\PHP\WalletApp\WalletAppServer\application\index\controller\Index.php ]
[ info ] [ LOG ] INIT File
[ sql ] [ DB ] CONNECT:[ UseTime:0.011500s ] mysql:host=192.168.1.108;port=3306;dbname=yysy_wallet;charset=utf8
[ sql ] [ SQL ] SHOW COLUMNS FROM `sys_users` [ RunTime:0.006500s ]
[ sql ] [ SQL ] SELECT * FROM `sys_users` WHERE  `phone` = '17855868623'  OR `email` = '17855868623' LIMIT 1 [ RunTime:0.002500s ]
---------------------------------------------------------------
[ 2019-01-09T13:51:36+08:00 ] 127.0.0.1 GET 127.0.0.1:8087/index/Index/SendCoinSearch
[运行时间：0.244000s] [吞吐率：4.10req/s] [内存消耗：2,207.04kb] [文件加载：48]
[ info ] [ LANG ] D:\PHP\WalletApp\WalletAppServer\thinkphp\lang\zh-cn.php
[ info ] [ ROUTE ] array (
  'type' => 'module',
  'module' => 
  array (
    0 => 'index',
    1 => 'Index',
    2 => 'SendCoinSearch',
  ),
)
[ info ] [ HEADER ] array (
  'host' => '127.0.0.1:8087',
  'connection' => 'keep-alive',
  'upgrade-insecure-requests' => '1',
  'user-agent' => 'Mozilla/5.0 (Windows NT 6.1; Win64; x64) AppleWebKit/537.36 (KHTML, like Gecko) Chrome/71.0.3578.98 Safari/537.36',
  'accept' => 'text/html,application/xhtml+xml,application/xml;q=0.9,image/webp,image/apng,*/*;q=0.8',
  'accept-encoding' => 'gzip, deflate, br',
  'accept-language' => 'zh-CN,zh;q=0.9',
  'cookie' => 'PHPSESSID=7hdr5qapi0bps6d81vlkn6lk8o',
)
[ info ] [ PARAM ] array (
)
[ info ] [ DB ] INIT mysql
[ info ] [ RUN ] app\index\controller\Index->SendCoinSearch[ D:\PHP\WalletApp\WalletAppServer\application\index\controller\Index.php ]
[ info ] [ LOG ] INIT File
[ sql ] [ DB ] CONNECT:[ UseTime:0.021000s ] mysql:host=192.168.1.108;port=3306;dbname=yysy_wallet;charset=utf8
[ sql ] [ SQL ] SHOW COLUMNS FROM `sys_users` [ RunTime:0.010000s ]
[ sql ] [ SQL ] SELECT * FROM `sys_users` WHERE  `phone` = '17855868623'  OR `email` = '17855868623' LIMIT 1 [ RunTime:0.003500s ]
---------------------------------------------------------------
[ 2019-01-09T14:10:54+08:00 ] 127.0.0.1 GET 127.0.0.1:8087/index/Index/SendCoinSearch
[运行时间：0.083000s] [吞吐率：12.05req/s] [内存消耗：2,207.46kb] [文件加载：48]
[ info ] [ LANG ] D:\PHP\WalletApp\WalletAppServer\thinkphp\lang\zh-cn.php
[ info ] [ ROUTE ] array (
  'type' => 'module',
  'module' => 
  array (
    0 => 'index',
    1 => 'Index',
    2 => 'SendCoinSearch',
  ),
)
[ info ] [ HEADER ] array (
  'host' => '127.0.0.1:8087',
  'connection' => 'keep-alive',
  'cache-control' => 'max-age=0',
  'upgrade-insecure-requests' => '1',
  'user-agent' => 'Mozilla/5.0 (Windows NT 6.1; Win64; x64) AppleWebKit/537.36 (KHTML, like Gecko) Chrome/71.0.3578.98 Safari/537.36',
  'accept' => 'text/html,application/xhtml+xml,application/xml;q=0.9,image/webp,image/apng,*/*;q=0.8',
  'accept-encoding' => 'gzip, deflate, br',
  'accept-language' => 'zh-CN,zh;q=0.9',
  'cookie' => 'PHPSESSID=7hdr5qapi0bps6d81vlkn6lk8o',
)
[ info ] [ PARAM ] array (
)
[ info ] [ DB ] INIT mysql
[ info ] [ RUN ] app\index\controller\Index->SendCoinSearch[ D:\PHP\WalletApp\WalletAppServer\application\index\controller\Index.php ]
[ info ] [ LOG ] INIT File
[ sql ] [ DB ] CONNECT:[ UseTime:0.004500s ] mysql:host=192.168.1.108;port=3306;dbname=yysy_wallet;charset=utf8
[ sql ] [ SQL ] SHOW COLUMNS FROM `sys_users` [ RunTime:0.007000s ]
[ sql ] [ SQL ] SELECT * FROM `sys_users` WHERE  `phone` = '17855868623'  OR `email` = '17855868623' LIMIT 1 [ RunTime:0.002000s ]
