---------------------------------------------------------------
[ 2019-08-21T01:45:09+00:00 ] 127.0.0.1 GET 127.0.0.1:7333/index/Index/getPayOrderHistory?id=100005
[运行时间：21.294000s] [吞吐率：0.05req/s] [内存消耗：2,209.48kb] [文件加载：48]
[ info ] [ LANG ] D:\PHP\WalletApp\WalletAppServer\thinkphp\lang\zh-cn.php
[ info ] [ ROUTE ] array (
  'type' => 'module',
  'module' => 
  array (
    0 => 'index',
    1 => 'Index',
    2 => 'getPayOrderHistory',
  ),
)
[ info ] [ HEADER ] array (
  'host' => '127.0.0.1:7333',
  'connection' => 'keep-alive',
  'cache-control' => 'max-age=0',
  'upgrade-insecure-requests' => '1',
  'user-agent' => 'Mozilla/5.0 (Windows NT 6.1; Win64; x64) AppleWebKit/537.36 (KHTML, like Gecko) Chrome/76.0.3809.100 Safari/537.36',
  'sec-fetch-mode' => 'navigate',
  'sec-fetch-user' => '?1',
  'accept' => 'text/html,application/xhtml+xml,application/xml;q=0.9,image/webp,image/apng,*/*;q=0.8,application/signed-exchange;v=b3',
  'sec-fetch-site' => 'none',
  'accept-encoding' => 'gzip, deflate, br',
  'accept-language' => 'zh-CN,zh;q=0.9',
  'cookie' => 'se82288ef=473e3t7n3rgmvkvordh3g2vj0b; __forward__=%2Fadmin%2Faddons%2Findex.html; page-rows=20',
)
[ info ] [ PARAM ] array (
  'id' => '100005',
)
[ info ] [ DB ] INIT mysql
[ info ] [ RUN ] app\index\controller\Index->getPayOrderHistory[ D:\PHP\WalletApp\WalletAppServer\application\index\controller\Index.php ]
[ info ] [ LOG ] INIT File
---------------------------------------------------------------
[ 2019-08-21T07:30:27+00:00 ] 172.16.10.117 GET 172.16.10.117:7333/
[运行时间：0.070000s] [吞吐率：14.29req/s] [内存消耗：2,205.45kb] [文件加载：48]
[ info ] [ LANG ] D:\PHP\WalletApp\WalletAppServer\thinkphp\lang\zh-cn.php
[ info ] [ ROUTE ] array (
  'type' => 'module',
  'module' => 
  array (
    0 => '',
    1 => NULL,
    2 => NULL,
  ),
)
[ info ] [ HEADER ] array (
  'host' => '172.16.10.117:7333',
  'connection' => 'keep-alive',
  'upgrade-insecure-requests' => '1',
  'user-agent' => 'Mozilla/5.0 (Windows NT 6.1; Win64; x64) AppleWebKit/537.36 (KHTML, like Gecko) Chrome/76.0.3809.100 Safari/537.36',
  'accept' => 'text/html,application/xhtml+xml,application/xml;q=0.9,image/webp,image/apng,*/*;q=0.8,application/signed-exchange;v=b3',
  'accept-encoding' => 'gzip, deflate',
  'accept-language' => 'zh-CN,zh;q=0.9',
  'cookie' => 'se82288ef=5g8j2eumuta4v6djoeemcppkri',
)
[ info ] [ PARAM ] array (
)
[ info ] [ DB ] INIT mysql
[ info ] [ RUN ] app\index\controller\Index->_empty[ D:\PHP\WalletApp\WalletAppServer\application\index\controller\Index.php ]
[ info ] [ LOG ] INIT File
---------------------------------------------------------------
[ 2019-08-21T07:30:46+00:00 ] 172.16.10.117 GET 172.16.10.117:7333/index/Apicallback/quotaAPI
[运行时间：0.054000s] [吞吐率：18.52req/s] [内存消耗：1,937.46kb] [文件加载：42]
[ info ] [ LANG ] D:\PHP\WalletApp\WalletAppServer\thinkphp\lang\zh-cn.php
[ info ] [ ROUTE ] array (
  'type' => 'module',
  'module' => 
  array (
    0 => 'index',
    1 => 'Apicallback',
    2 => 'quotaAPI',
  ),
)
[ info ] [ HEADER ] array (
  'host' => '172.16.10.117:7333',
  'connection' => 'keep-alive',
  'upgrade-insecure-requests' => '1',
  'user-agent' => 'Mozilla/5.0 (Windows NT 6.1; Win64; x64) AppleWebKit/537.36 (KHTML, like Gecko) Chrome/76.0.3809.100 Safari/537.36',
  'accept' => 'text/html,application/xhtml+xml,application/xml;q=0.9,image/webp,image/apng,*/*;q=0.8,application/signed-exchange;v=b3',
  'accept-encoding' => 'gzip, deflate',
  'accept-language' => 'zh-CN,zh;q=0.9',
  'cookie' => 'se82288ef=5g8j2eumuta4v6djoeemcppkri',
)
[ info ] [ PARAM ] array (
)
[ info ] [ DB ] INIT mysql
[ info ] [ RUN ] app\index\controller\Apicallback->quotaAPI[ D:\PHP\WalletApp\WalletAppServer\application\index\controller\Apicallback.php ]
[ info ] [ LOG ] INIT File
